#2.0#2020 09 25 07:56:26.868#Z#DEBUG#com.sap.cloud.lm.sl.xs2.e524a4d0-ff03-11ea-a951-eeee0a9fa619.CAP_Orders-db.stageAppTask#
######org.cloudfoundry.multiapps.controller.persistence.services.ProcessLogger########flowable-async-job-executor-thread-39968###
[PollStageAppStatusExecution] [CAP_Orders-db] 5822136b-7b4c-45ea-9719-442eb1bfc2ae [Fri Sep 25 07:56:00 UTC 2020] Updated app with guid 5822136b-7b4c-45ea-9719-442eb1bfc2ae ({"environment_json"=>"[PRIVATE DATA HIDDEN]"}) (STDOUT, API)#

#2.0#2020 09 25 07:56:26.868#Z#DEBUG#com.sap.cloud.lm.sl.xs2.e524a4d0-ff03-11ea-a951-eeee0a9fa619.CAP_Orders-db.stageAppTask#
######org.cloudfoundry.multiapps.controller.persistence.services.ProcessLogger########flowable-async-job-executor-thread-39968###
[PollStageAppStatusExecution] [CAP_Orders-db] 5822136b-7b4c-45ea-9719-442eb1bfc2ae [Fri Sep 25 07:56:02 UTC 2020] Uploading app package for app with guid 5822136b-7b4c-45ea-9719-442eb1bfc2ae (STDOUT, API)#

#2.0#2020 09 25 07:56:26.868#Z#DEBUG#com.sap.cloud.lm.sl.xs2.e524a4d0-ff03-11ea-a951-eeee0a9fa619.CAP_Orders-db.stageAppTask#
######org.cloudfoundry.multiapps.controller.persistence.services.ProcessLogger########flowable-async-job-executor-thread-39968###
[PollStageAppStatusExecution] [CAP_Orders-db] 5822136b-7b4c-45ea-9719-442eb1bfc2ae [Fri Sep 25 07:56:15 UTC 2020] Creating build for app with guid 5822136b-7b4c-45ea-9719-442eb1bfc2ae (STDOUT, API)#

#2.0#2020 09 25 07:56:26.868#Z#DEBUG#com.sap.cloud.lm.sl.xs2.e524a4d0-ff03-11ea-a951-eeee0a9fa619.CAP_Orders-db.stageAppTask#
######org.cloudfoundry.multiapps.controller.persistence.services.ProcessLogger########flowable-async-job-executor-thread-39968###
[PollStageAppStatusExecution] [CAP_Orders-db] 5822136b-7b4c-45ea-9719-442eb1bfc2ae [Fri Sep 25 07:56:15 UTC 2020] Downloading binary_buildpack... (STDOUT, STG)#

#2.0#2020 09 25 07:56:26.868#Z#DEBUG#com.sap.cloud.lm.sl.xs2.e524a4d0-ff03-11ea-a951-eeee0a9fa619.CAP_Orders-db.stageAppTask#
######org.cloudfoundry.multiapps.controller.persistence.services.ProcessLogger########flowable-async-job-executor-thread-39968###
[PollStageAppStatusExecution] [CAP_Orders-db] 5822136b-7b4c-45ea-9719-442eb1bfc2ae [Fri Sep 25 07:56:15 UTC 2020] Downloading java_buildpack... (STDOUT, STG)#

#2.0#2020 09 25 07:56:26.869#Z#DEBUG#com.sap.cloud.lm.sl.xs2.e524a4d0-ff03-11ea-a951-eeee0a9fa619.CAP_Orders-db.stageAppTask#
######org.cloudfoundry.multiapps.controller.persistence.services.ProcessLogger########flowable-async-job-executor-thread-39968###
[PollStageAppStatusExecution] [CAP_Orders-db] 5822136b-7b4c-45ea-9719-442eb1bfc2ae [Fri Sep 25 07:56:15 UTC 2020] Downloading staticfile_buildpack... (STDOUT, STG)#

#2.0#2020 09 25 07:56:26.869#Z#DEBUG#com.sap.cloud.lm.sl.xs2.e524a4d0-ff03-11ea-a951-eeee0a9fa619.CAP_Orders-db.stageAppTask#
######org.cloudfoundry.multiapps.controller.persistence.services.ProcessLogger########flowable-async-job-executor-thread-39968###
[PollStageAppStatusExecution] [CAP_Orders-db] 5822136b-7b4c-45ea-9719-442eb1bfc2ae [Fri Sep 25 07:56:15 UTC 2020] Downloading ruby_buildpack... (STDOUT, STG)#

#2.0#2020 09 25 07:56:26.869#Z#DEBUG#com.sap.cloud.lm.sl.xs2.e524a4d0-ff03-11ea-a951-eeee0a9fa619.CAP_Orders-db.stageAppTask#
######org.cloudfoundry.multiapps.controller.persistence.services.ProcessLogger########flowable-async-job-executor-thread-39968###
[PollStageAppStatusExecution] [CAP_Orders-db] 5822136b-7b4c-45ea-9719-442eb1bfc2ae [Fri Sep 25 07:56:15 UTC 2020] Downloading uas_dataflow_server_buildpack... (STDOUT, STG)#

#2.0#2020 09 25 07:56:26.869#Z#DEBUG#com.sap.cloud.lm.sl.xs2.e524a4d0-ff03-11ea-a951-eeee0a9fa619.CAP_Orders-db.stageAppTask#
######org.cloudfoundry.multiapps.controller.persistence.services.ProcessLogger########flowable-async-job-executor-thread-39968###
[PollStageAppStatusExecution] [CAP_Orders-db] 5822136b-7b4c-45ea-9719-442eb1bfc2ae [Fri Sep 25 07:56:15 UTC 2020] Downloading nginx_buildpack... (STDOUT, STG)#

#2.0#2020 09 25 07:56:26.869#Z#DEBUG#com.sap.cloud.lm.sl.xs2.e524a4d0-ff03-11ea-a951-eeee0a9fa619.CAP_Orders-db.stageAppTask#
######org.cloudfoundry.multiapps.controller.persistence.services.ProcessLogger########flowable-async-job-executor-thread-39968###
[PollStageAppStatusExecution] [CAP_Orders-db] 5822136b-7b4c-45ea-9719-442eb1bfc2ae [Fri Sep 25 07:56:15 UTC 2020] Downloaded binary_buildpack (STDOUT, STG)#

#2.0#2020 09 25 07:56:26.869#Z#DEBUG#com.sap.cloud.lm.sl.xs2.e524a4d0-ff03-11ea-a951-eeee0a9fa619.CAP_Orders-db.stageAppTask#
######org.cloudfoundry.multiapps.controller.persistence.services.ProcessLogger########flowable-async-job-executor-thread-39968###
[PollStageAppStatusExecution] [CAP_Orders-db] 5822136b-7b4c-45ea-9719-442eb1bfc2ae [Fri Sep 25 07:56:15 UTC 2020] Downloading sap_java_buildpack... (STDOUT, STG)#

#2.0#2020 09 25 07:56:26.869#Z#DEBUG#com.sap.cloud.lm.sl.xs2.e524a4d0-ff03-11ea-a951-eeee0a9fa619.CAP_Orders-db.stageAppTask#
######org.cloudfoundry.multiapps.controller.persistence.services.ProcessLogger########flowable-async-job-executor-thread-39968###
[PollStageAppStatusExecution] [CAP_Orders-db] 5822136b-7b4c-45ea-9719-442eb1bfc2ae [Fri Sep 25 07:56:15 UTC 2020] Downloaded ruby_buildpack (STDOUT, STG)#

#2.0#2020 09 25 07:56:26.869#Z#DEBUG#com.sap.cloud.lm.sl.xs2.e524a4d0-ff03-11ea-a951-eeee0a9fa619.CAP_Orders-db.stageAppTask#
######org.cloudfoundry.multiapps.controller.persistence.services.ProcessLogger########flowable-async-job-executor-thread-39968###
[PollStageAppStatusExecution] [CAP_Orders-db] 5822136b-7b4c-45ea-9719-442eb1bfc2ae [Fri Sep 25 07:56:15 UTC 2020] Downloading r_buildpack... (STDOUT, STG)#

#2.0#2020 09 25 07:56:26.869#Z#DEBUG#com.sap.cloud.lm.sl.xs2.e524a4d0-ff03-11ea-a951-eeee0a9fa619.CAP_Orders-db.stageAppTask#
######org.cloudfoundry.multiapps.controller.persistence.services.ProcessLogger########flowable-async-job-executor-thread-39968###
[PollStageAppStatusExecution] [CAP_Orders-db] 5822136b-7b4c-45ea-9719-442eb1bfc2ae [Fri Sep 25 07:56:15 UTC 2020] Downloaded staticfile_buildpack (STDOUT, STG)#

#2.0#2020 09 25 07:56:26.869#Z#DEBUG#com.sap.cloud.lm.sl.xs2.e524a4d0-ff03-11ea-a951-eeee0a9fa619.CAP_Orders-db.stageAppTask#
######org.cloudfoundry.multiapps.controller.persistence.services.ProcessLogger########flowable-async-job-executor-thread-39968###
[PollStageAppStatusExecution] [CAP_Orders-db] 5822136b-7b4c-45ea-9719-442eb1bfc2ae [Fri Sep 25 07:56:15 UTC 2020] Downloading sap_java_buildpack_1_27... (STDOUT, STG)#

#2.0#2020 09 25 07:56:26.869#Z#DEBUG#com.sap.cloud.lm.sl.xs2.e524a4d0-ff03-11ea-a951-eeee0a9fa619.CAP_Orders-db.stageAppTask#
######org.cloudfoundry.multiapps.controller.persistence.services.ProcessLogger########flowable-async-job-executor-thread-39968###
[PollStageAppStatusExecution] [CAP_Orders-db] 5822136b-7b4c-45ea-9719-442eb1bfc2ae [Fri Sep 25 07:56:15 UTC 2020] Downloaded uas_dataflow_server_buildpack (STDOUT, STG)#

#2.0#2020 09 25 07:56:26.869#Z#DEBUG#com.sap.cloud.lm.sl.xs2.e524a4d0-ff03-11ea-a951-eeee0a9fa619.CAP_Orders-db.stageAppTask#
######org.cloudfoundry.multiapps.controller.persistence.services.ProcessLogger########flowable-async-job-executor-thread-39968###
[PollStageAppStatusExecution] [CAP_Orders-db] 5822136b-7b4c-45ea-9719-442eb1bfc2ae [Fri Sep 25 07:56:15 UTC 2020] Downloaded java_buildpack (STDOUT, STG)#

#2.0#2020 09 25 07:56:26.869#Z#DEBUG#com.sap.cloud.lm.sl.xs2.e524a4d0-ff03-11ea-a951-eeee0a9fa619.CAP_Orders-db.stageAppTask#
######org.cloudfoundry.multiapps.controller.persistence.services.ProcessLogger########flowable-async-job-executor-thread-39968###
[PollStageAppStatusExecution] [CAP_Orders-db] 5822136b-7b4c-45ea-9719-442eb1bfc2ae [Fri Sep 25 07:56:15 UTC 2020] Downloading sap_java_buildpack_1_28... (STDOUT, STG)#

#2.0#2020 09 25 07:56:26.869#Z#DEBUG#com.sap.cloud.lm.sl.xs2.e524a4d0-ff03-11ea-a951-eeee0a9fa619.CAP_Orders-db.stageAppTask#
######org.cloudfoundry.multiapps.controller.persistence.services.ProcessLogger########flowable-async-job-executor-thread-39968###
[PollStageAppStatusExecution] [CAP_Orders-db] 5822136b-7b4c-45ea-9719-442eb1bfc2ae [Fri Sep 25 07:56:15 UTC 2020] Downloading go_buildpack... (STDOUT, STG)#

#2.0#2020 09 25 07:56:26.869#Z#DEBUG#com.sap.cloud.lm.sl.xs2.e524a4d0-ff03-11ea-a951-eeee0a9fa619.CAP_Orders-db.stageAppTask#
######org.cloudfoundry.multiapps.controller.persistence.services.ProcessLogger########flowable-async-job-executor-thread-39968###
[PollStageAppStatusExecution] [CAP_Orders-db] 5822136b-7b4c-45ea-9719-442eb1bfc2ae [Fri Sep 25 07:56:15 UTC 2020] Downloaded sap_java_buildpack (STDOUT, STG)#

#2.0#2020 09 25 07:56:26.869#Z#DEBUG#com.sap.cloud.lm.sl.xs2.e524a4d0-ff03-11ea-a951-eeee0a9fa619.CAP_Orders-db.stageAppTask#
######org.cloudfoundry.multiapps.controller.persistence.services.ProcessLogger########flowable-async-job-executor-thread-39968###
[PollStageAppStatusExecution] [CAP_Orders-db] 5822136b-7b4c-45ea-9719-442eb1bfc2ae [Fri Sep 25 07:56:15 UTC 2020] Downloading dotnet_core_buildpack... (STDOUT, STG)#

#2.0#2020 09 25 07:56:26.869#Z#DEBUG#com.sap.cloud.lm.sl.xs2.e524a4d0-ff03-11ea-a951-eeee0a9fa619.CAP_Orders-db.stageAppTask#
######org.cloudfoundry.multiapps.controller.persistence.services.ProcessLogger########flowable-async-job-executor-thread-39968###
[PollStageAppStatusExecution] [CAP_Orders-db] 5822136b-7b4c-45ea-9719-442eb1bfc2ae [Fri Sep 25 07:56:15 UTC 2020] Downloaded nginx_buildpack (STDOUT, STG)#

#2.0#2020 09 25 07:56:26.869#Z#DEBUG#com.sap.cloud.lm.sl.xs2.e524a4d0-ff03-11ea-a951-eeee0a9fa619.CAP_Orders-db.stageAppTask#
######org.cloudfoundry.multiapps.controller.persistence.services.ProcessLogger########flowable-async-job-executor-thread-39968###
[PollStageAppStatusExecution] [CAP_Orders-db] 5822136b-7b4c-45ea-9719-442eb1bfc2ae [Fri Sep 25 07:56:15 UTC 2020] Downloading nodejs_buildpack... (STDOUT, STG)#

#2.0#2020 09 25 07:56:26.869#Z#DEBUG#com.sap.cloud.lm.sl.xs2.e524a4d0-ff03-11ea-a951-eeee0a9fa619.CAP_Orders-db.stageAppTask#
######org.cloudfoundry.multiapps.controller.persistence.services.ProcessLogger########flowable-async-job-executor-thread-39968###
[PollStageAppStatusExecution] [CAP_Orders-db] 5822136b-7b4c-45ea-9719-442eb1bfc2ae [Fri Sep 25 07:56:15 UTC 2020] Downloaded r_buildpack (STDOUT, STG)#

#2.0#2020 09 25 07:56:26.869#Z#DEBUG#com.sap.cloud.lm.sl.xs2.e524a4d0-ff03-11ea-a951-eeee0a9fa619.CAP_Orders-db.stageAppTask#
######org.cloudfoundry.multiapps.controller.persistence.services.ProcessLogger########flowable-async-job-executor-thread-39968###
[PollStageAppStatusExecution] [CAP_Orders-db] 5822136b-7b4c-45ea-9719-442eb1bfc2ae [Fri Sep 25 07:56:15 UTC 2020] Downloading python_buildpack... (STDOUT, STG)#

#2.0#2020 09 25 07:56:26.869#Z#DEBUG#com.sap.cloud.lm.sl.xs2.e524a4d0-ff03-11ea-a951-eeee0a9fa619.CAP_Orders-db.stageAppTask#
######org.cloudfoundry.multiapps.controller.persistence.services.ProcessLogger########flowable-async-job-executor-thread-39968###
[PollStageAppStatusExecution] [CAP_Orders-db] 5822136b-7b4c-45ea-9719-442eb1bfc2ae [Fri Sep 25 07:56:15 UTC 2020] Downloaded sap_java_buildpack_1_27 (STDOUT, STG)#

#2.0#2020 09 25 07:56:26.869#Z#DEBUG#com.sap.cloud.lm.sl.xs2.e524a4d0-ff03-11ea-a951-eeee0a9fa619.CAP_Orders-db.stageAppTask#
######org.cloudfoundry.multiapps.controller.persistence.services.ProcessLogger########flowable-async-job-executor-thread-39968###
[PollStageAppStatusExecution] [CAP_Orders-db] 5822136b-7b4c-45ea-9719-442eb1bfc2ae [Fri Sep 25 07:56:15 UTC 2020] Downloaded go_buildpack (STDOUT, STG)#

#2.0#2020 09 25 07:56:26.869#Z#DEBUG#com.sap.cloud.lm.sl.xs2.e524a4d0-ff03-11ea-a951-eeee0a9fa619.CAP_Orders-db.stageAppTask#
######org.cloudfoundry.multiapps.controller.persistence.services.ProcessLogger########flowable-async-job-executor-thread-39968###
[PollStageAppStatusExecution] [CAP_Orders-db] 5822136b-7b4c-45ea-9719-442eb1bfc2ae [Fri Sep 25 07:56:16 UTC 2020] Downloading sap_java_buildpack_1_26... (STDOUT, STG)#

#2.0#2020 09 25 07:56:26.869#Z#DEBUG#com.sap.cloud.lm.sl.xs2.e524a4d0-ff03-11ea-a951-eeee0a9fa619.CAP_Orders-db.stageAppTask#
######org.cloudfoundry.multiapps.controller.persistence.services.ProcessLogger########flowable-async-job-executor-thread-39968###
[PollStageAppStatusExecution] [CAP_Orders-db] 5822136b-7b4c-45ea-9719-442eb1bfc2ae [Fri Sep 25 07:56:16 UTC 2020] Downloading php_buildpack... (STDOUT, STG)#

#2.0#2020 09 25 07:56:26.869#Z#DEBUG#com.sap.cloud.lm.sl.xs2.e524a4d0-ff03-11ea-a951-eeee0a9fa619.CAP_Orders-db.stageAppTask#
######org.cloudfoundry.multiapps.controller.persistence.services.ProcessLogger########flowable-async-job-executor-thread-39968###
[PollStageAppStatusExecution] [CAP_Orders-db] 5822136b-7b4c-45ea-9719-442eb1bfc2ae [Fri Sep 25 07:56:16 UTC 2020] Downloaded python_buildpack (STDOUT, STG)#

#2.0#2020 09 25 07:56:26.869#Z#DEBUG#com.sap.cloud.lm.sl.xs2.e524a4d0-ff03-11ea-a951-eeee0a9fa619.CAP_Orders-db.stageAppTask#
######org.cloudfoundry.multiapps.controller.persistence.services.ProcessLogger########flowable-async-job-executor-thread-39968###
[PollStageAppStatusExecution] [CAP_Orders-db] 5822136b-7b4c-45ea-9719-442eb1bfc2ae [Fri Sep 25 07:56:16 UTC 2020] Downloaded sap_java_buildpack_1_28 (STDOUT, STG)#

#2.0#2020 09 25 07:56:26.869#Z#DEBUG#com.sap.cloud.lm.sl.xs2.e524a4d0-ff03-11ea-a951-eeee0a9fa619.CAP_Orders-db.stageAppTask#
######org.cloudfoundry.multiapps.controller.persistence.services.ProcessLogger########flowable-async-job-executor-thread-39968###
[PollStageAppStatusExecution] [CAP_Orders-db] 5822136b-7b4c-45ea-9719-442eb1bfc2ae [Fri Sep 25 07:56:16 UTC 2020] Downloaded nodejs_buildpack (STDOUT, STG)#

#2.0#2020 09 25 07:56:26.869#Z#DEBUG#com.sap.cloud.lm.sl.xs2.e524a4d0-ff03-11ea-a951-eeee0a9fa619.CAP_Orders-db.stageAppTask#
######org.cloudfoundry.multiapps.controller.persistence.services.ProcessLogger########flowable-async-job-executor-thread-39968###
[PollStageAppStatusExecution] [CAP_Orders-db] 5822136b-7b4c-45ea-9719-442eb1bfc2ae [Fri Sep 25 07:56:16 UTC 2020] Downloaded dotnet_core_buildpack (STDOUT, STG)#

#2.0#2020 09 25 07:56:26.869#Z#DEBUG#com.sap.cloud.lm.sl.xs2.e524a4d0-ff03-11ea-a951-eeee0a9fa619.CAP_Orders-db.stageAppTask#
######org.cloudfoundry.multiapps.controller.persistence.services.ProcessLogger########flowable-async-job-executor-thread-39968###
[PollStageAppStatusExecution] [CAP_Orders-db] 5822136b-7b4c-45ea-9719-442eb1bfc2ae [Fri Sep 25 07:56:16 UTC 2020] Downloaded sap_java_buildpack_1_26 (STDOUT, STG)#

#2.0#2020 09 25 07:56:26.869#Z#DEBUG#com.sap.cloud.lm.sl.xs2.e524a4d0-ff03-11ea-a951-eeee0a9fa619.CAP_Orders-db.stageAppTask#
######org.cloudfoundry.multiapps.controller.persistence.services.ProcessLogger########flowable-async-job-executor-thread-39968###
[PollStageAppStatusExecution] [CAP_Orders-db] 5822136b-7b4c-45ea-9719-442eb1bfc2ae [Fri Sep 25 07:56:16 UTC 2020] Downloaded php_buildpack (STDOUT, STG)#

#2.0#2020 09 25 07:56:26.870#Z#DEBUG#com.sap.cloud.lm.sl.xs2.e524a4d0-ff03-11ea-a951-eeee0a9fa619.CAP_Orders-db.stageAppTask#
######org.cloudfoundry.multiapps.controller.persistence.services.ProcessLogger########flowable-async-job-executor-thread-39968###
[PollStageAppStatusExecution] [CAP_Orders-db] 5822136b-7b4c-45ea-9719-442eb1bfc2ae [Fri Sep 25 07:56:16 UTC 2020] Cell fe40fbae-9051-4aa7-a6c8-361769afbec0 creating container for instance 6c5502b0-05c5-4368-8b21-8e569573922f (STDOUT, STG)#

#2.0#2020 09 25 07:56:26.870#Z#DEBUG#com.sap.cloud.lm.sl.xs2.e524a4d0-ff03-11ea-a951-eeee0a9fa619.CAP_Orders-db.stageAppTask#
######org.cloudfoundry.multiapps.controller.persistence.services.ProcessLogger########flowable-async-job-executor-thread-39968###
[PollStageAppStatusExecution] [CAP_Orders-db] 5822136b-7b4c-45ea-9719-442eb1bfc2ae [Fri Sep 25 07:56:16 UTC 2020] Cell fe40fbae-9051-4aa7-a6c8-361769afbec0 successfully created container for instance 6c5502b0-05c5-4368-8b21-8e569573922f (STDOUT, STG)#

#2.0#2020 09 25 07:56:26.870#Z#DEBUG#com.sap.cloud.lm.sl.xs2.e524a4d0-ff03-11ea-a951-eeee0a9fa619.CAP_Orders-db.stageAppTask#
######org.cloudfoundry.multiapps.controller.persistence.services.ProcessLogger########flowable-async-job-executor-thread-39968###
[PollStageAppStatusExecution] [CAP_Orders-db] 5822136b-7b4c-45ea-9719-442eb1bfc2ae [Fri Sep 25 07:56:16 UTC 2020] Downloading build artifacts cache... (STDOUT, STG)#

#2.0#2020 09 25 07:56:26.870#Z#DEBUG#com.sap.cloud.lm.sl.xs2.e524a4d0-ff03-11ea-a951-eeee0a9fa619.CAP_Orders-db.stageAppTask#
######org.cloudfoundry.multiapps.controller.persistence.services.ProcessLogger########flowable-async-job-executor-thread-39968###
[PollStageAppStatusExecution] [CAP_Orders-db] 5822136b-7b4c-45ea-9719-442eb1bfc2ae [Fri Sep 25 07:56:16 UTC 2020] Downloading app package... (STDOUT, STG)#

#2.0#2020 09 25 07:56:26.870#Z#DEBUG#com.sap.cloud.lm.sl.xs2.e524a4d0-ff03-11ea-a951-eeee0a9fa619.CAP_Orders-db.stageAppTask#
######org.cloudfoundry.multiapps.controller.persistence.services.ProcessLogger########flowable-async-job-executor-thread-39968###
[PollStageAppStatusExecution] [CAP_Orders-db] 5822136b-7b4c-45ea-9719-442eb1bfc2ae [Fri Sep 25 07:56:16 UTC 2020] Downloaded build artifacts cache (223B) (STDOUT, STG)#

#2.0#2020 09 25 07:56:26.870#Z#DEBUG#com.sap.cloud.lm.sl.xs2.e524a4d0-ff03-11ea-a951-eeee0a9fa619.CAP_Orders-db.stageAppTask#
######org.cloudfoundry.multiapps.controller.persistence.services.ProcessLogger########flowable-async-job-executor-thread-39968###
[PollStageAppStatusExecution] [CAP_Orders-db] 5822136b-7b4c-45ea-9719-442eb1bfc2ae [Fri Sep 25 07:56:18 UTC 2020] Downloaded app package (37.5M) (STDOUT, STG)#

#2.0#2020 09 25 07:56:26.870#Z#DEBUG#com.sap.cloud.lm.sl.xs2.e524a4d0-ff03-11ea-a951-eeee0a9fa619.CAP_Orders-db.stageAppTask#
######org.cloudfoundry.multiapps.controller.persistence.services.ProcessLogger########flowable-async-job-executor-thread-39968###
[PollStageAppStatusExecution] [CAP_Orders-db] 5822136b-7b4c-45ea-9719-442eb1bfc2ae [Fri Sep 25 07:56:18 UTC 2020] -----> Nodejs Buildpack version 1.7.25 (STDOUT, STG)#

#2.0#2020 09 25 07:56:26.870#Z#DEBUG#com.sap.cloud.lm.sl.xs2.e524a4d0-ff03-11ea-a951-eeee0a9fa619.CAP_Orders-db.stageAppTask#
######org.cloudfoundry.multiapps.controller.persistence.services.ProcessLogger########flowable-async-job-executor-thread-39968###
[PollStageAppStatusExecution] [CAP_Orders-db] 5822136b-7b4c-45ea-9719-442eb1bfc2ae [Fri Sep 25 07:56:19 UTC 2020]        Copy [/tmp/buildpacks/9a3f8940f65f57db0a8d6536c33233b8/dependencies/e51d3df8fc7149ddd7abb5a679730d69/node_10.22.0_linux_x64_cflinuxfs3_43616969.tgz] (STDOUT, STG)#

#2.0#2020 09 25 07:56:26.870#Z#DEBUG#com.sap.cloud.lm.sl.xs2.e524a4d0-ff03-11ea-a951-eeee0a9fa619.CAP_Orders-db.stageAppTask#
######org.cloudfoundry.multiapps.controller.persistence.services.ProcessLogger########flowable-async-job-executor-thread-39968###
[PollStageAppStatusExecution] [CAP_Orders-db] 5822136b-7b4c-45ea-9719-442eb1bfc2ae [Fri Sep 25 07:56:19 UTC 2020] -----> Installing node 10.22.0 (STDOUT, STG)#

#2.0#2020 09 25 07:56:26.870#Z#DEBUG#com.sap.cloud.lm.sl.xs2.e524a4d0-ff03-11ea-a951-eeee0a9fa619.CAP_Orders-db.stageAppTask#
######org.cloudfoundry.multiapps.controller.persistence.services.ProcessLogger########flowable-async-job-executor-thread-39968###
[PollStageAppStatusExecution] [CAP_Orders-db] 5822136b-7b4c-45ea-9719-442eb1bfc2ae [Fri Sep 25 07:56:19 UTC 2020]        [31;1m**WARNING**[0m Node version not specified in package.json or .nvmrc. See: http://docs.cloudfoundry.org/buildpacks/node/node-tips.html (STDOUT, STG)#

#2.0#2020 09 25 07:56:26.870#Z#DEBUG#com.sap.cloud.lm.sl.xs2.e524a4d0-ff03-11ea-a951-eeee0a9fa619.CAP_Orders-db.stageAppTask#
######org.cloudfoundry.multiapps.controller.persistence.services.ProcessLogger########flowable-async-job-executor-thread-39968###
[PollStageAppStatusExecution] [CAP_Orders-db] 5822136b-7b4c-45ea-9719-442eb1bfc2ae [Fri Sep 25 07:56:19 UTC 2020]        engines.npm (package.json): unspecified (use default) (STDOUT, STG)#

#2.0#2020 09 25 07:56:26.870#Z#DEBUG#com.sap.cloud.lm.sl.xs2.e524a4d0-ff03-11ea-a951-eeee0a9fa619.CAP_Orders-db.stageAppTask#
######org.cloudfoundry.multiapps.controller.persistence.services.ProcessLogger########flowable-async-job-executor-thread-39968###
[PollStageAppStatusExecution] [CAP_Orders-db] 5822136b-7b4c-45ea-9719-442eb1bfc2ae [Fri Sep 25 07:56:19 UTC 2020]        engines.node (package.json): unspecified (STDOUT, STG)#

#2.0#2020 09 25 07:56:26.870#Z#DEBUG#com.sap.cloud.lm.sl.xs2.e524a4d0-ff03-11ea-a951-eeee0a9fa619.CAP_Orders-db.stageAppTask#
######org.cloudfoundry.multiapps.controller.persistence.services.ProcessLogger########flowable-async-job-executor-thread-39968###
[PollStageAppStatusExecution] [CAP_Orders-db] 5822136b-7b4c-45ea-9719-442eb1bfc2ae [Fri Sep 25 07:56:19 UTC 2020] -----> Installing binaries (STDOUT, STG)#

#2.0#2020 09 25 07:56:26.870#Z#DEBUG#com.sap.cloud.lm.sl.xs2.e524a4d0-ff03-11ea-a951-eeee0a9fa619.CAP_Orders-db.stageAppTask#
######org.cloudfoundry.multiapps.controller.persistence.services.ProcessLogger########flowable-async-job-executor-thread-39968###
[PollStageAppStatusExecution] [CAP_Orders-db] 5822136b-7b4c-45ea-9719-442eb1bfc2ae [Fri Sep 25 07:56:20 UTC 2020]        Copy [/tmp/buildpacks/9a3f8940f65f57db0a8d6536c33233b8/dependencies/d9f0c5147bcb9ee798f041978c157822/yarn-1.22.4-any-stack-24ca2294.tgz] (STDOUT, STG)#

#2.0#2020 09 25 07:56:26.870#Z#DEBUG#com.sap.cloud.lm.sl.xs2.e524a4d0-ff03-11ea-a951-eeee0a9fa619.CAP_Orders-db.stageAppTask#
######org.cloudfoundry.multiapps.controller.persistence.services.ProcessLogger########flowable-async-job-executor-thread-39968###
[PollStageAppStatusExecution] [CAP_Orders-db] 5822136b-7b4c-45ea-9719-442eb1bfc2ae [Fri Sep 25 07:56:20 UTC 2020] -----> Installing yarn 1.22.4 (STDOUT, STG)#

#2.0#2020 09 25 07:56:26.870#Z#DEBUG#com.sap.cloud.lm.sl.xs2.e524a4d0-ff03-11ea-a951-eeee0a9fa619.CAP_Orders-db.stageAppTask#
######org.cloudfoundry.multiapps.controller.persistence.services.ProcessLogger########flowable-async-job-executor-thread-39968###
[PollStageAppStatusExecution] [CAP_Orders-db] 5822136b-7b4c-45ea-9719-442eb1bfc2ae [Fri Sep 25 07:56:20 UTC 2020]        Using default npm version: 6.14.6 (STDOUT, STG)#

#2.0#2020 09 25 07:56:26.870#Z#DEBUG#com.sap.cloud.lm.sl.xs2.e524a4d0-ff03-11ea-a951-eeee0a9fa619.CAP_Orders-db.stageAppTask#
######org.cloudfoundry.multiapps.controller.persistence.services.ProcessLogger########flowable-async-job-executor-thread-39968###
[PollStageAppStatusExecution] [CAP_Orders-db] 5822136b-7b4c-45ea-9719-442eb1bfc2ae [Fri Sep 25 07:56:20 UTC 2020] -----> Creating runtime environment (STDOUT, STG)#

#2.0#2020 09 25 07:56:26.870#Z#DEBUG#com.sap.cloud.lm.sl.xs2.e524a4d0-ff03-11ea-a951-eeee0a9fa619.CAP_Orders-db.stageAppTask#
######org.cloudfoundry.multiapps.controller.persistence.services.ProcessLogger########flowable-async-job-executor-thread-39968###
[PollStageAppStatusExecution] [CAP_Orders-db] 5822136b-7b4c-45ea-9719-442eb1bfc2ae [Fri Sep 25 07:56:20 UTC 2020]        Installed yarn 1.22.4 (STDOUT, STG)#

#2.0#2020 09 25 07:56:26.870#Z#DEBUG#com.sap.cloud.lm.sl.xs2.e524a4d0-ff03-11ea-a951-eeee0a9fa619.CAP_Orders-db.stageAppTask#
######org.cloudfoundry.multiapps.controller.persistence.services.ProcessLogger########flowable-async-job-executor-thread-39968###
[PollStageAppStatusExecution] [CAP_Orders-db] 5822136b-7b4c-45ea-9719-442eb1bfc2ae [Fri Sep 25 07:56:20 UTC 2020]        Rebuilding any native modules (STDOUT, STG)#

#2.0#2020 09 25 07:56:26.870#Z#DEBUG#com.sap.cloud.lm.sl.xs2.e524a4d0-ff03-11ea-a951-eeee0a9fa619.CAP_Orders-db.stageAppTask#
######org.cloudfoundry.multiapps.controller.persistence.services.ProcessLogger########flowable-async-job-executor-thread-39968###
[PollStageAppStatusExecution] [CAP_Orders-db] 5822136b-7b4c-45ea-9719-442eb1bfc2ae [Fri Sep 25 07:56:20 UTC 2020]        Prebuild detected (node_modules already exists) (STDOUT, STG)#

#2.0#2020 09 25 07:56:26.870#Z#DEBUG#com.sap.cloud.lm.sl.xs2.e524a4d0-ff03-11ea-a951-eeee0a9fa619.CAP_Orders-db.stageAppTask#
######org.cloudfoundry.multiapps.controller.persistence.services.ProcessLogger########flowable-async-job-executor-thread-39968###
[PollStageAppStatusExecution] [CAP_Orders-db] 5822136b-7b4c-45ea-9719-442eb1bfc2ae [Fri Sep 25 07:56:20 UTC 2020] -----> Building dependencies (STDOUT, STG)#

#2.0#2020 09 25 07:56:26.870#Z#DEBUG#com.sap.cloud.lm.sl.xs2.e524a4d0-ff03-11ea-a951-eeee0a9fa619.CAP_Orders-db.stageAppTask#
######org.cloudfoundry.multiapps.controller.persistence.services.ProcessLogger########flowable-async-job-executor-thread-39968###
[PollStageAppStatusExecution] [CAP_Orders-db] 5822136b-7b4c-45ea-9719-442eb1bfc2ae [Fri Sep 25 07:56:20 UTC 2020]        NPM_CONFIG_PRODUCTION=true (STDOUT, STG)#

#2.0#2020 09 25 07:56:26.870#Z#DEBUG#com.sap.cloud.lm.sl.xs2.e524a4d0-ff03-11ea-a951-eeee0a9fa619.CAP_Orders-db.stageAppTask#
######org.cloudfoundry.multiapps.controller.persistence.services.ProcessLogger########flowable-async-job-executor-thread-39968###
[PollStageAppStatusExecution] [CAP_Orders-db] 5822136b-7b4c-45ea-9719-442eb1bfc2ae [Fri Sep 25 07:56:20 UTC 2020]        NPM_CONFIG_LOGLEVEL=error (STDOUT, STG)#

#2.0#2020 09 25 07:56:26.870#Z#DEBUG#com.sap.cloud.lm.sl.xs2.e524a4d0-ff03-11ea-a951-eeee0a9fa619.CAP_Orders-db.stageAppTask#
######org.cloudfoundry.multiapps.controller.persistence.services.ProcessLogger########flowable-async-job-executor-thread-39968###
[PollStageAppStatusExecution] [CAP_Orders-db] 5822136b-7b4c-45ea-9719-442eb1bfc2ae [Fri Sep 25 07:56:20 UTC 2020]        NODE_VERBOSE=false (STDOUT, STG)#

#2.0#2020 09 25 07:56:26.870#Z#DEBUG#com.sap.cloud.lm.sl.xs2.e524a4d0-ff03-11ea-a951-eeee0a9fa619.CAP_Orders-db.stageAppTask#
######org.cloudfoundry.multiapps.controller.persistence.services.ProcessLogger########flowable-async-job-executor-thread-39968###
[PollStageAppStatusExecution] [CAP_Orders-db] 5822136b-7b4c-45ea-9719-442eb1bfc2ae [Fri Sep 25 07:56:20 UTC 2020]        NODE_MODULES_CACHE=true (STDOUT, STG)#

#2.0#2020 09 25 07:56:26.870#Z#DEBUG#com.sap.cloud.lm.sl.xs2.e524a4d0-ff03-11ea-a951-eeee0a9fa619.CAP_Orders-db.stageAppTask#
######org.cloudfoundry.multiapps.controller.persistence.services.ProcessLogger########flowable-async-job-executor-thread-39968###
[PollStageAppStatusExecution] [CAP_Orders-db] 5822136b-7b4c-45ea-9719-442eb1bfc2ae [Fri Sep 25 07:56:20 UTC 2020]        NODE_HOME=/tmp/contents093712425/deps/0/node (STDOUT, STG)#

#2.0#2020 09 25 07:56:26.870#Z#DEBUG#com.sap.cloud.lm.sl.xs2.e524a4d0-ff03-11ea-a951-eeee0a9fa619.CAP_Orders-db.stageAppTask#
######org.cloudfoundry.multiapps.controller.persistence.services.ProcessLogger########flowable-async-job-executor-thread-39968###
[PollStageAppStatusExecution] [CAP_Orders-db] 5822136b-7b4c-45ea-9719-442eb1bfc2ae [Fri Sep 25 07:56:20 UTC 2020]        NODE_ENV=production (STDOUT, STG)#

#2.0#2020 09 25 07:56:26.870#Z#DEBUG#com.sap.cloud.lm.sl.xs2.e524a4d0-ff03-11ea-a951-eeee0a9fa619.CAP_Orders-db.stageAppTask#
######org.cloudfoundry.multiapps.controller.persistence.services.ProcessLogger########flowable-async-job-executor-thread-39968###
[PollStageAppStatusExecution] [CAP_Orders-db] 5822136b-7b4c-45ea-9719-442eb1bfc2ae [Fri Sep 25 07:56:21 UTC 2020] > node checkbuild.js (STDOUT, STG)#

#2.0#2020 09 25 07:56:26.870#Z#DEBUG#com.sap.cloud.lm.sl.xs2.e524a4d0-ff03-11ea-a951-eeee0a9fa619.CAP_Orders-db.stageAppTask#
######org.cloudfoundry.multiapps.controller.persistence.services.ProcessLogger########flowable-async-job-executor-thread-39968###
[PollStageAppStatusExecution] [CAP_Orders-db] 5822136b-7b4c-45ea-9719-442eb1bfc2ae [Fri Sep 25 07:56:21 UTC 2020] > @sap/hana-client@2.4.182 install /tmp/app/node_modules/@sap/hdi-deploy/node_modules/@sap/hana-client (STDOUT, STG)#

#2.0#2020 09 25 07:56:26.870#Z#DEBUG#com.sap.cloud.lm.sl.xs2.e524a4d0-ff03-11ea-a951-eeee0a9fa619.CAP_Orders-db.stageAppTask#
######org.cloudfoundry.multiapps.controller.persistence.services.ProcessLogger########flowable-async-job-executor-thread-39968###
[PollStageAppStatusExecution] [CAP_Orders-db] 5822136b-7b4c-45ea-9719-442eb1bfc2ae [Fri Sep 25 07:56:21 UTC 2020] uglify-js@3.9.4 /tmp/app/node_modules/@sap/hdi-deploy/node_modules/uglify-js (STDOUT, STG)#

#2.0#2020 09 25 07:56:26.871#Z#DEBUG#com.sap.cloud.lm.sl.xs2.e524a4d0-ff03-11ea-a951-eeee0a9fa619.CAP_Orders-db.stageAppTask#
######org.cloudfoundry.multiapps.controller.persistence.services.ProcessLogger########flowable-async-job-executor-thread-39968###
[PollStageAppStatusExecution] [CAP_Orders-db] 5822136b-7b4c-45ea-9719-442eb1bfc2ae [Fri Sep 25 07:56:21 UTC 2020] commander@2.20.3 /tmp/app/node_modules/@sap/hdi-deploy/node_modules/commander (STDOUT, STG)#

#2.0#2020 09 25 07:56:26.871#Z#DEBUG#com.sap.cloud.lm.sl.xs2.e524a4d0-ff03-11ea-a951-eeee0a9fa619.CAP_Orders-db.stageAppTask#
######org.cloudfoundry.multiapps.controller.persistence.services.ProcessLogger########flowable-async-job-executor-thread-39968###
[PollStageAppStatusExecution] [CAP_Orders-db] 5822136b-7b4c-45ea-9719-442eb1bfc2ae [Fri Sep 25 07:56:21 UTC 2020] camelcase@5.3.1 /tmp/app/node_modules/@sap/hdi-deploy/node_modules/camelcase (STDOUT, STG)#

#2.0#2020 09 25 07:56:26.871#Z#DEBUG#com.sap.cloud.lm.sl.xs2.e524a4d0-ff03-11ea-a951-eeee0a9fa619.CAP_Orders-db.stageAppTask#
######org.cloudfoundry.multiapps.controller.persistence.services.ProcessLogger########flowable-async-job-executor-thread-39968###
[PollStageAppStatusExecution] [CAP_Orders-db] 5822136b-7b4c-45ea-9719-442eb1bfc2ae [Fri Sep 25 07:56:21 UTC 2020] yargs-parser@18.1.3 /tmp/app/node_modules/@sap/hdi-deploy/node_modules/yargs-parser (STDOUT, STG)#

#2.0#2020 09 25 07:56:26.871#Z#DEBUG#com.sap.cloud.lm.sl.xs2.e524a4d0-ff03-11ea-a951-eeee0a9fa619.CAP_Orders-db.stageAppTask#
######org.cloudfoundry.multiapps.controller.persistence.services.ProcessLogger########flowable-async-job-executor-thread-39968###
[PollStageAppStatusExecution] [CAP_Orders-db] 5822136b-7b4c-45ea-9719-442eb1bfc2ae [Fri Sep 25 07:56:21 UTC 2020] y18n@4.0.0 /tmp/app/node_modules/@sap/hdi-deploy/node_modules/y18n (STDOUT, STG)#

#2.0#2020 09 25 07:56:26.871#Z#DEBUG#com.sap.cloud.lm.sl.xs2.e524a4d0-ff03-11ea-a951-eeee0a9fa619.CAP_Orders-db.stageAppTask#
######org.cloudfoundry.multiapps.controller.persistence.services.ProcessLogger########flowable-async-job-executor-thread-39968###
[PollStageAppStatusExecution] [CAP_Orders-db] 5822136b-7b4c-45ea-9719-442eb1bfc2ae [Fri Sep 25 07:56:21 UTC 2020] which-module@2.0.0 /tmp/app/node_modules/@sap/hdi-deploy/node_modules/which-module (STDOUT, STG)#

#2.0#2020 09 25 07:56:26.871#Z#DEBUG#com.sap.cloud.lm.sl.xs2.e524a4d0-ff03-11ea-a951-eeee0a9fa619.CAP_Orders-db.stageAppTask#
######org.cloudfoundry.multiapps.controller.persistence.services.ProcessLogger########flowable-async-job-executor-thread-39968###
[PollStageAppStatusExecution] [CAP_Orders-db] 5822136b-7b4c-45ea-9719-442eb1bfc2ae [Fri Sep 25 07:56:21 UTC 2020] set-blocking@2.0.0 /tmp/app/node_modules/@sap/hdi-deploy/node_modules/set-blocking (STDOUT, STG)#

#2.0#2020 09 25 07:56:26.871#Z#DEBUG#com.sap.cloud.lm.sl.xs2.e524a4d0-ff03-11ea-a951-eeee0a9fa619.CAP_Orders-db.stageAppTask#
######org.cloudfoundry.multiapps.controller.persistence.services.ProcessLogger########flowable-async-job-executor-thread-39968###
[PollStageAppStatusExecution] [CAP_Orders-db] 5822136b-7b4c-45ea-9719-442eb1bfc2ae [Fri Sep 25 07:56:21 UTC 2020] require-main-filename@2.0.0 /tmp/app/node_modules/@sap/hdi-deploy/node_modules/require-main-filename (STDOUT, STG)#

#2.0#2020 09 25 07:56:26.871#Z#DEBUG#com.sap.cloud.lm.sl.xs2.e524a4d0-ff03-11ea-a951-eeee0a9fa619.CAP_Orders-db.stageAppTask#
######org.cloudfoundry.multiapps.controller.persistence.services.ProcessLogger########flowable-async-job-executor-thread-39968###
[PollStageAppStatusExecution] [CAP_Orders-db] 5822136b-7b4c-45ea-9719-442eb1bfc2ae [Fri Sep 25 07:56:21 UTC 2020] require-directory@2.1.1 /tmp/app/node_modules/@sap/hdi-deploy/node_modules/require-directory (STDOUT, STG)#

#2.0#2020 09 25 07:56:26.871#Z#DEBUG#com.sap.cloud.lm.sl.xs2.e524a4d0-ff03-11ea-a951-eeee0a9fa619.CAP_Orders-db.stageAppTask#
######org.cloudfoundry.multiapps.controller.persistence.services.ProcessLogger########flowable-async-job-executor-thread-39968###
[PollStageAppStatusExecution] [CAP_Orders-db] 5822136b-7b4c-45ea-9719-442eb1bfc2ae [Fri Sep 25 07:56:21 UTC 2020] get-caller-file@2.0.5 /tmp/app/node_modules/@sap/hdi-deploy/node_modules/get-caller-file (STDOUT, STG)#

#2.0#2020 09 25 07:56:26.871#Z#DEBUG#com.sap.cloud.lm.sl.xs2.e524a4d0-ff03-11ea-a951-eeee0a9fa619.CAP_Orders-db.stageAppTask#
######org.cloudfoundry.multiapps.controller.persistence.services.ProcessLogger########flowable-async-job-executor-thread-39968###
[PollStageAppStatusExecution] [CAP_Orders-db] 5822136b-7b4c-45ea-9719-442eb1bfc2ae [Fri Sep 25 07:56:21 UTC 2020] path-exists@4.0.0 /tmp/app/node_modules/@sap/hdi-deploy/node_modules/path-exists (STDOUT, STG)#

#2.0#2020 09 25 07:56:26.871#Z#DEBUG#com.sap.cloud.lm.sl.xs2.e524a4d0-ff03-11ea-a951-eeee0a9fa619.CAP_Orders-db.stageAppTask#
######org.cloudfoundry.multiapps.controller.persistence.services.ProcessLogger########flowable-async-job-executor-thread-39968###
[PollStageAppStatusExecution] [CAP_Orders-db] 5822136b-7b4c-45ea-9719-442eb1bfc2ae [Fri Sep 25 07:56:21 UTC 2020] p-try@2.2.0 /tmp/app/node_modules/@sap/hdi-deploy/node_modules/p-try (STDOUT, STG)#

#2.0#2020 09 25 07:56:26.871#Z#DEBUG#com.sap.cloud.lm.sl.xs2.e524a4d0-ff03-11ea-a951-eeee0a9fa619.CAP_Orders-db.stageAppTask#
######org.cloudfoundry.multiapps.controller.persistence.services.ProcessLogger########flowable-async-job-executor-thread-39968###
[PollStageAppStatusExecution] [CAP_Orders-db] 5822136b-7b4c-45ea-9719-442eb1bfc2ae [Fri Sep 25 07:56:21 UTC 2020] p-limit@2.3.0 /tmp/app/node_modules/@sap/hdi-deploy/node_modules/p-limit (STDOUT, STG)#

#2.0#2020 09 25 07:56:26.871#Z#DEBUG#com.sap.cloud.lm.sl.xs2.e524a4d0-ff03-11ea-a951-eeee0a9fa619.CAP_Orders-db.stageAppTask#
######org.cloudfoundry.multiapps.controller.persistence.services.ProcessLogger########flowable-async-job-executor-thread-39968###
[PollStageAppStatusExecution] [CAP_Orders-db] 5822136b-7b4c-45ea-9719-442eb1bfc2ae [Fri Sep 25 07:56:21 UTC 2020] p-locate@4.1.0 /tmp/app/node_modules/@sap/hdi-deploy/node_modules/p-locate (STDOUT, STG)#

#2.0#2020 09 25 07:56:26.871#Z#DEBUG#com.sap.cloud.lm.sl.xs2.e524a4d0-ff03-11ea-a951-eeee0a9fa619.CAP_Orders-db.stageAppTask#
######org.cloudfoundry.multiapps.controller.persistence.services.ProcessLogger########flowable-async-job-executor-thread-39968###
[PollStageAppStatusExecution] [CAP_Orders-db] 5822136b-7b4c-45ea-9719-442eb1bfc2ae [Fri Sep 25 07:56:21 UTC 2020] locate-path@5.0.0 /tmp/app/node_modules/@sap/hdi-deploy/node_modules/locate-path (STDOUT, STG)#

#2.0#2020 09 25 07:56:26.871#Z#DEBUG#com.sap.cloud.lm.sl.xs2.e524a4d0-ff03-11ea-a951-eeee0a9fa619.CAP_Orders-db.stageAppTask#
######org.cloudfoundry.multiapps.controller.persistence.services.ProcessLogger########flowable-async-job-executor-thread-39968###
[PollStageAppStatusExecution] [CAP_Orders-db] 5822136b-7b4c-45ea-9719-442eb1bfc2ae [Fri Sep 25 07:56:21 UTC 2020] find-up@4.1.0 /tmp/app/node_modules/@sap/hdi-deploy/node_modules/find-up (STDOUT, STG)#

#2.0#2020 09 25 07:56:26.871#Z#DEBUG#com.sap.cloud.lm.sl.xs2.e524a4d0-ff03-11ea-a951-eeee0a9fa619.CAP_Orders-db.stageAppTask#
######org.cloudfoundry.multiapps.controller.persistence.services.ProcessLogger########flowable-async-job-executor-thread-39968###
[PollStageAppStatusExecution] [CAP_Orders-db] 5822136b-7b4c-45ea-9719-442eb1bfc2ae [Fri Sep 25 07:56:21 UTC 2020] decamelize@1.2.0 /tmp/app/node_modules/@sap/hdi-deploy/node_modules/decamelize (STDOUT, STG)#

#2.0#2020 09 25 07:56:26.871#Z#DEBUG#com.sap.cloud.lm.sl.xs2.e524a4d0-ff03-11ea-a951-eeee0a9fa619.CAP_Orders-db.stageAppTask#
######org.cloudfoundry.multiapps.controller.persistence.services.ProcessLogger########flowable-async-job-executor-thread-39968###
[PollStageAppStatusExecution] [CAP_Orders-db] 5822136b-7b4c-45ea-9719-442eb1bfc2ae [Fri Sep 25 07:56:21 UTC 2020] color-name@1.1.4 /tmp/app/node_modules/@sap/hdi-deploy/node_modules/color-name (STDOUT, STG)#

#2.0#2020 09 25 07:56:26.871#Z#DEBUG#com.sap.cloud.lm.sl.xs2.e524a4d0-ff03-11ea-a951-eeee0a9fa619.CAP_Orders-db.stageAppTask#
######org.cloudfoundry.multiapps.controller.persistence.services.ProcessLogger########flowable-async-job-executor-thread-39968###
[PollStageAppStatusExecution] [CAP_Orders-db] 5822136b-7b4c-45ea-9719-442eb1bfc2ae [Fri Sep 25 07:56:21 UTC 2020] color-convert@2.0.1 /tmp/app/node_modules/@sap/hdi-deploy/node_modules/color-convert (STDOUT, STG)#

#2.0#2020 09 25 07:56:26.871#Z#DEBUG#com.sap.cloud.lm.sl.xs2.e524a4d0-ff03-11ea-a951-eeee0a9fa619.CAP_Orders-db.stageAppTask#
######org.cloudfoundry.multiapps.controller.persistence.services.ProcessLogger########flowable-async-job-executor-thread-39968###
[PollStageAppStatusExecution] [CAP_Orders-db] 5822136b-7b4c-45ea-9719-442eb1bfc2ae [Fri Sep 25 07:56:21 UTC 2020] @types/color-name@1.1.1 /tmp/app/node_modules/@sap/hdi-deploy/node_modules/@types/color-name (STDOUT, STG)#

#2.0#2020 09 25 07:56:26.871#Z#DEBUG#com.sap.cloud.lm.sl.xs2.e524a4d0-ff03-11ea-a951-eeee0a9fa619.CAP_Orders-db.stageAppTask#
######org.cloudfoundry.multiapps.controller.persistence.services.ProcessLogger########flowable-async-job-executor-thread-39968###
[PollStageAppStatusExecution] [CAP_Orders-db] 5822136b-7b4c-45ea-9719-442eb1bfc2ae [Fri Sep 25 07:56:21 UTC 2020] ansi-styles@4.2.1 /tmp/app/node_modules/@sap/hdi-deploy/node_modules/ansi-styles (STDOUT, STG)#

#2.0#2020 09 25 07:56:26.871#Z#DEBUG#com.sap.cloud.lm.sl.xs2.e524a4d0-ff03-11ea-a951-eeee0a9fa619.CAP_Orders-db.stageAppTask#
######org.cloudfoundry.multiapps.controller.persistence.services.ProcessLogger########flowable-async-job-executor-thread-39968###
[PollStageAppStatusExecution] [CAP_Orders-db] 5822136b-7b4c-45ea-9719-442eb1bfc2ae [Fri Sep 25 07:56:21 UTC 2020] wrap-ansi@6.2.0 /tmp/app/node_modules/@sap/hdi-deploy/node_modules/wrap-ansi (STDOUT, STG)#

#2.0#2020 09 25 07:56:26.871#Z#DEBUG#com.sap.cloud.lm.sl.xs2.e524a4d0-ff03-11ea-a951-eeee0a9fa619.CAP_Orders-db.stageAppTask#
######org.cloudfoundry.multiapps.controller.persistence.services.ProcessLogger########flowable-async-job-executor-thread-39968###
[PollStageAppStatusExecution] [CAP_Orders-db] 5822136b-7b4c-45ea-9719-442eb1bfc2ae [Fri Sep 25 07:56:21 UTC 2020] ansi-regex@5.0.0 /tmp/app/node_modules/@sap/hdi-deploy/node_modules/ansi-regex (STDOUT, STG)#

#2.0#2020 09 25 07:56:26.871#Z#DEBUG#com.sap.cloud.lm.sl.xs2.e524a4d0-ff03-11ea-a951-eeee0a9fa619.CAP_Orders-db.stageAppTask#
######org.cloudfoundry.multiapps.controller.persistence.services.ProcessLogger########flowable-async-job-executor-thread-39968###
[PollStageAppStatusExecution] [CAP_Orders-db] 5822136b-7b4c-45ea-9719-442eb1bfc2ae [Fri Sep 25 07:56:21 UTC 2020] strip-ansi@6.0.0 /tmp/app/node_modules/@sap/hdi-deploy/node_modules/strip-ansi (STDOUT, STG)#

#2.0#2020 09 25 07:56:26.871#Z#DEBUG#com.sap.cloud.lm.sl.xs2.e524a4d0-ff03-11ea-a951-eeee0a9fa619.CAP_Orders-db.stageAppTask#
######org.cloudfoundry.multiapps.controller.persistence.services.ProcessLogger########flowable-async-job-executor-thread-39968###
[PollStageAppStatusExecution] [CAP_Orders-db] 5822136b-7b4c-45ea-9719-442eb1bfc2ae [Fri Sep 25 07:56:21 UTC 2020] is-fullwidth-code-point@3.0.0 /tmp/app/node_modules/@sap/hdi-deploy/node_modules/is-fullwidth-code-point (STDOUT, STG)#

#2.0#2020 09 25 07:56:26.871#Z#DEBUG#com.sap.cloud.lm.sl.xs2.e524a4d0-ff03-11ea-a951-eeee0a9fa619.CAP_Orders-db.stageAppTask#
######org.cloudfoundry.multiapps.controller.persistence.services.ProcessLogger########flowable-async-job-executor-thread-39968###
[PollStageAppStatusExecution] [CAP_Orders-db] 5822136b-7b4c-45ea-9719-442eb1bfc2ae [Fri Sep 25 07:56:21 UTC 2020] emoji-regex@8.0.0 /tmp/app/node_modules/@sap/hdi-deploy/node_modules/emoji-regex (STDOUT, STG)#

#2.0#2020 09 25 07:56:26.871#Z#DEBUG#com.sap.cloud.lm.sl.xs2.e524a4d0-ff03-11ea-a951-eeee0a9fa619.CAP_Orders-db.stageAppTask#
######org.cloudfoundry.multiapps.controller.persistence.services.ProcessLogger########flowable-async-job-executor-thread-39968###
[PollStageAppStatusExecution] [CAP_Orders-db] 5822136b-7b4c-45ea-9719-442eb1bfc2ae [Fri Sep 25 07:56:21 UTC 2020] string-width@4.2.0 /tmp/app/node_modules/@sap/hdi-deploy/node_modules/string-width (STDOUT, STG)#

#2.0#2020 09 25 07:56:26.871#Z#DEBUG#com.sap.cloud.lm.sl.xs2.e524a4d0-ff03-11ea-a951-eeee0a9fa619.CAP_Orders-db.stageAppTask#
######org.cloudfoundry.multiapps.controller.persistence.services.ProcessLogger########flowable-async-job-executor-thread-39968###
[PollStageAppStatusExecution] [CAP_Orders-db] 5822136b-7b4c-45ea-9719-442eb1bfc2ae [Fri Sep 25 07:56:21 UTC 2020] cliui@6.0.0 /tmp/app/node_modules/@sap/hdi-deploy/node_modules/cliui (STDOUT, STG)#

#2.0#2020 09 25 07:56:26.871#Z#DEBUG#com.sap.cloud.lm.sl.xs2.e524a4d0-ff03-11ea-a951-eeee0a9fa619.CAP_Orders-db.stageAppTask#
######org.cloudfoundry.multiapps.controller.persistence.services.ProcessLogger########flowable-async-job-executor-thread-39968###
[PollStageAppStatusExecution] [CAP_Orders-db] 5822136b-7b4c-45ea-9719-442eb1bfc2ae [Fri Sep 25 07:56:21 UTC 2020] yargs@15.3.1 /tmp/app/node_modules/@sap/hdi-deploy/node_modules/yargs (STDOUT, STG)#

#2.0#2020 09 25 07:56:26.871#Z#DEBUG#com.sap.cloud.lm.sl.xs2.e524a4d0-ff03-11ea-a951-eeee0a9fa619.CAP_Orders-db.stageAppTask#
######org.cloudfoundry.multiapps.controller.persistence.services.ProcessLogger########flowable-async-job-executor-thread-39968###
[PollStageAppStatusExecution] [CAP_Orders-db] 5822136b-7b4c-45ea-9719-442eb1bfc2ae [Fri Sep 25 07:56:21 UTC 2020] source-map@0.6.1 /tmp/app/node_modules/@sap/hdi-deploy/node_modules/source-map (STDOUT, STG)#

#2.0#2020 09 25 07:56:26.871#Z#DEBUG#com.sap.cloud.lm.sl.xs2.e524a4d0-ff03-11ea-a951-eeee0a9fa619.CAP_Orders-db.stageAppTask#
######org.cloudfoundry.multiapps.controller.persistence.services.ProcessLogger########flowable-async-job-executor-thread-39968###
[PollStageAppStatusExecution] [CAP_Orders-db] 5822136b-7b4c-45ea-9719-442eb1bfc2ae [Fri Sep 25 07:56:21 UTC 2020] neo-async@2.6.1 /tmp/app/node_modules/@sap/hdi-deploy/node_modules/neo-async (STDOUT, STG)#

#2.0#2020 09 25 07:56:26.871#Z#DEBUG#com.sap.cloud.lm.sl.xs2.e524a4d0-ff03-11ea-a951-eeee0a9fa619.CAP_Orders-db.stageAppTask#
######org.cloudfoundry.multiapps.controller.persistence.services.ProcessLogger########flowable-async-job-executor-thread-39968###
[PollStageAppStatusExecution] [CAP_Orders-db] 5822136b-7b4c-45ea-9719-442eb1bfc2ae [Fri Sep 25 07:56:21 UTC 2020] handlebars@4.7.4 /tmp/app/node_modules/@sap/hdi-deploy/node_modules/handlebars (STDOUT, STG)#

#2.0#2020 09 25 07:56:26.871#Z#DEBUG#com.sap.cloud.lm.sl.xs2.e524a4d0-ff03-11ea-a951-eeee0a9fa619.CAP_Orders-db.stageAppTask#
######org.cloudfoundry.multiapps.controller.persistence.services.ProcessLogger########flowable-async-job-executor-thread-39968###
[PollStageAppStatusExecution] [CAP_Orders-db] 5822136b-7b4c-45ea-9719-442eb1bfc2ae [Fri Sep 25 07:56:21 UTC 2020] extsprintf@1.4.0 /tmp/app/node_modules/@sap/hdi-deploy/node_modules/extsprintf (STDOUT, STG)#

#2.0#2020 09 25 07:56:26.871#Z#DEBUG#com.sap.cloud.lm.sl.xs2.e524a4d0-ff03-11ea-a951-eeee0a9fa619.CAP_Orders-db.stageAppTask#
######org.cloudfoundry.multiapps.controller.persistence.services.ProcessLogger########flowable-async-job-executor-thread-39968###
[PollStageAppStatusExecution] [CAP_Orders-db] 5822136b-7b4c-45ea-9719-442eb1bfc2ae [Fri Sep 25 07:56:21 UTC 2020] core-util-is@1.0.2 /tmp/app/node_modules/@sap/hdi-deploy/node_modules/core-util-is (STDOUT, STG)#

#2.0#2020 09 25 07:56:26.872#Z#DEBUG#com.sap.cloud.lm.sl.xs2.e524a4d0-ff03-11ea-a951-eeee0a9fa619.CAP_Orders-db.stageAppTask#
######org.cloudfoundry.multiapps.controller.persistence.services.ProcessLogger########flowable-async-job-executor-thread-39968###
[PollStageAppStatusExecution] [CAP_Orders-db] 5822136b-7b4c-45ea-9719-442eb1bfc2ae [Fri Sep 25 07:56:21 UTC 2020] assert-plus@1.0.0 /tmp/app/node_modules/@sap/hdi-deploy/node_modules/assert-plus (STDOUT, STG)#

#2.0#2020 09 25 07:56:26.872#Z#DEBUG#com.sap.cloud.lm.sl.xs2.e524a4d0-ff03-11ea-a951-eeee0a9fa619.CAP_Orders-db.stageAppTask#
######org.cloudfoundry.multiapps.controller.persistence.services.ProcessLogger########flowable-async-job-executor-thread-39968###
[PollStageAppStatusExecution] [CAP_Orders-db] 5822136b-7b4c-45ea-9719-442eb1bfc2ae [Fri Sep 25 07:56:21 UTC 2020] verror@1.10.0 /tmp/app/node_modules/@sap/hdi-deploy/node_modules/verror (STDOUT, STG)#

#2.0#2020 09 25 07:56:26.872#Z#DEBUG#com.sap.cloud.lm.sl.xs2.e524a4d0-ff03-11ea-a951-eeee0a9fa619.CAP_Orders-db.stageAppTask#
######org.cloudfoundry.multiapps.controller.persistence.services.ProcessLogger########flowable-async-job-executor-thread-39968###
[PollStageAppStatusExecution] [CAP_Orders-db] 5822136b-7b4c-45ea-9719-442eb1bfc2ae [Fri Sep 25 07:56:21 UTC 2020] ms@2.0.0 /tmp/app/node_modules/@sap/hdi-deploy/node_modules/@sap/xsenv/node_modules/ms (STDOUT, STG)#

#2.0#2020 09 25 07:56:26.872#Z#DEBUG#com.sap.cloud.lm.sl.xs2.e524a4d0-ff03-11ea-a951-eeee0a9fa619.CAP_Orders-db.stageAppTask#
######org.cloudfoundry.multiapps.controller.persistence.services.ProcessLogger########flowable-async-job-executor-thread-39968###
[PollStageAppStatusExecution] [CAP_Orders-db] 5822136b-7b4c-45ea-9719-442eb1bfc2ae [Fri Sep 25 07:56:21 UTC 2020] debug@3.1.0 /tmp/app/node_modules/@sap/hdi-deploy/node_modules/@sap/xsenv/node_modules/debug (STDOUT, STG)#

#2.0#2020 09 25 07:56:26.872#Z#DEBUG#com.sap.cloud.lm.sl.xs2.e524a4d0-ff03-11ea-a951-eeee0a9fa619.CAP_Orders-db.stageAppTask#
######org.cloudfoundry.multiapps.controller.persistence.services.ProcessLogger########flowable-async-job-executor-thread-39968###
[PollStageAppStatusExecution] [CAP_Orders-db] 5822136b-7b4c-45ea-9719-442eb1bfc2ae [Fri Sep 25 07:56:21 UTC 2020] @sap/xsenv@2.2.0 /tmp/app/node_modules/@sap/hdi-deploy/node_modules/@sap/xsenv (STDOUT, STG)#

#2.0#2020 09 25 07:56:26.872#Z#DEBUG#com.sap.cloud.lm.sl.xs2.e524a4d0-ff03-11ea-a951-eeee0a9fa619.CAP_Orders-db.stageAppTask#
######org.cloudfoundry.multiapps.controller.persistence.services.ProcessLogger########flowable-async-job-executor-thread-39968###
[PollStageAppStatusExecution] [CAP_Orders-db] 5822136b-7b4c-45ea-9719-442eb1bfc2ae [Fri Sep 25 07:56:21 UTC 2020] async@3.1.0 /tmp/app/node_modules/@sap/hdi-deploy/node_modules/async (STDOUT, STG)#

#2.0#2020 09 25 07:56:26.872#Z#DEBUG#com.sap.cloud.lm.sl.xs2.e524a4d0-ff03-11ea-a951-eeee0a9fa619.CAP_Orders-db.stageAppTask#
######org.cloudfoundry.multiapps.controller.persistence.services.ProcessLogger########flowable-async-job-executor-thread-39968###
[PollStageAppStatusExecution] [CAP_Orders-db] 5822136b-7b4c-45ea-9719-442eb1bfc2ae [Fri Sep 25 07:56:21 UTC 2020] @sap/hdi@2.2.5 /tmp/app/node_modules/@sap/hdi-deploy/node_modules/@sap/hdi (STDOUT, STG)#

#2.0#2020 09 25 07:56:26.872#Z#DEBUG#com.sap.cloud.lm.sl.xs2.e524a4d0-ff03-11ea-a951-eeee0a9fa619.CAP_Orders-db.stageAppTask#
######org.cloudfoundry.multiapps.controller.persistence.services.ProcessLogger########flowable-async-job-executor-thread-39968###
[PollStageAppStatusExecution] [CAP_Orders-db] 5822136b-7b4c-45ea-9719-442eb1bfc2ae [Fri Sep 25 07:56:21 UTC 2020] ms@2.0.0 /tmp/app/node_modules/@sap/hdi-deploy/node_modules/@sap/hana-client/node_modules/ms (STDOUT, STG)#

#2.0#2020 09 25 07:56:26.872#Z#DEBUG#com.sap.cloud.lm.sl.xs2.e524a4d0-ff03-11ea-a951-eeee0a9fa619.CAP_Orders-db.stageAppTask#
######org.cloudfoundry.multiapps.controller.persistence.services.ProcessLogger########flowable-async-job-executor-thread-39968###
[PollStageAppStatusExecution] [CAP_Orders-db] 5822136b-7b4c-45ea-9719-442eb1bfc2ae [Fri Sep 25 07:56:21 UTC 2020] debug@3.1.0 /tmp/app/node_modules/@sap/hdi-deploy/node_modules/@sap/hana-client/node_modules/debug (STDOUT, STG)#

#2.0#2020 09 25 07:56:26.872#Z#DEBUG#com.sap.cloud.lm.sl.xs2.e524a4d0-ff03-11ea-a951-eeee0a9fa619.CAP_Orders-db.stageAppTask#
######org.cloudfoundry.multiapps.controller.persistence.services.ProcessLogger########flowable-async-job-executor-thread-39968###
[PollStageAppStatusExecution] [CAP_Orders-db] 5822136b-7b4c-45ea-9719-442eb1bfc2ae [Fri Sep 25 07:56:21 UTC 2020] @sap/hana-client@2.4.182 /tmp/app/node_modules/@sap/hdi-deploy/node_modules/@sap/hana-client (STDOUT, STG)#

#2.0#2020 09 25 07:56:26.872#Z#DEBUG#com.sap.cloud.lm.sl.xs2.e524a4d0-ff03-11ea-a951-eeee0a9fa619.CAP_Orders-db.stageAppTask#
######org.cloudfoundry.multiapps.controller.persistence.services.ProcessLogger########flowable-async-job-executor-thread-39968###
[PollStageAppStatusExecution] [CAP_Orders-db] 5822136b-7b4c-45ea-9719-442eb1bfc2ae [Fri Sep 25 07:56:21 UTC 2020] @sap/hdi-deploy@3.11.11 /tmp/app/node_modules/@sap/hdi-deploy (STDOUT, STG)#

#2.0#2020 09 25 07:56:26.872#Z#DEBUG#com.sap.cloud.lm.sl.xs2.e524a4d0-ff03-11ea-a951-eeee0a9fa619.CAP_Orders-db.stageAppTask#
######org.cloudfoundry.multiapps.controller.persistence.services.ProcessLogger########flowable-async-job-executor-thread-39968###
[PollStageAppStatusExecution] [CAP_Orders-db] 5822136b-7b4c-45ea-9719-442eb1bfc2ae [Fri Sep 25 07:56:21 UTC 2020]        Installing any new modules (package.json + package-lock.json) (STDOUT, STG)#

#2.0#2020 09 25 07:56:26.872#Z#DEBUG#com.sap.cloud.lm.sl.xs2.e524a4d0-ff03-11ea-a951-eeee0a9fa619.CAP_Orders-db.stageAppTask#
######org.cloudfoundry.multiapps.controller.persistence.services.ProcessLogger########flowable-async-job-executor-thread-39968###
[PollStageAppStatusExecution] [CAP_Orders-db] 5822136b-7b4c-45ea-9719-442eb1bfc2ae [Fri Sep 25 07:56:22 UTC 2020] > node-gyp rebuild (STDOUT, STG)#

#2.0#2020 09 25 07:56:26.872#Z#DEBUG#com.sap.cloud.lm.sl.xs2.e524a4d0-ff03-11ea-a951-eeee0a9fa619.CAP_Orders-db.stageAppTask#
######org.cloudfoundry.multiapps.controller.persistence.services.ProcessLogger########flowable-async-job-executor-thread-39968###
[PollStageAppStatusExecution] [CAP_Orders-db] 5822136b-7b4c-45ea-9719-442eb1bfc2ae [Fri Sep 25 07:56:22 UTC 2020] > segfault-handler@1.3.0 install /tmp/app/node_modules/@sap/hdi-deploy/node_modules/segfault-handler (STDOUT, STG)#

#2.0#2020 09 25 07:56:26.872#Z#DEBUG#com.sap.cloud.lm.sl.xs2.e524a4d0-ff03-11ea-a951-eeee0a9fa619.CAP_Orders-db.stageAppTask#
######org.cloudfoundry.multiapps.controller.persistence.services.ProcessLogger########flowable-async-job-executor-thread-39968###
[PollStageAppStatusExecution] [CAP_Orders-db] 5822136b-7b4c-45ea-9719-442eb1bfc2ae [Fri Sep 25 07:56:22 UTC 2020]   CXX(target) Release/obj.target/segfault-handler/src/segfault-handler.o (STDOUT, STG)#

#2.0#2020 09 25 07:56:26.872#Z#DEBUG#com.sap.cloud.lm.sl.xs2.e524a4d0-ff03-11ea-a951-eeee0a9fa619.CAP_Orders-db.stageAppTask#
######org.cloudfoundry.multiapps.controller.persistence.services.ProcessLogger########flowable-async-job-executor-thread-39968###
[PollStageAppStatusExecution] [CAP_Orders-db] 5822136b-7b4c-45ea-9719-442eb1bfc2ae [Fri Sep 25 07:56:22 UTC 2020] make: Entering directory '/tmp/app/node_modules/@sap/hdi-deploy/node_modules/segfault-handler/build' (STDOUT, STG)#

#2.0#2020 09 25 07:56:26.872#Z#DEBUG#com.sap.cloud.lm.sl.xs2.e524a4d0-ff03-11ea-a951-eeee0a9fa619.CAP_Orders-db.stageAppTask#
######org.cloudfoundry.multiapps.controller.persistence.services.ProcessLogger########flowable-async-job-executor-thread-39968###
[PollStageAppStatusExecution] [CAP_Orders-db] 5822136b-7b4c-45ea-9719-442eb1bfc2ae [Fri Sep 25 07:56:23 UTC 2020]   SOLINK_MODULE(target) Release/obj.target/segfault-handler.node (STDOUT, STG)#

#2.0#2020 09 25 07:56:26.872#Z#DEBUG#com.sap.cloud.lm.sl.xs2.e524a4d0-ff03-11ea-a951-eeee0a9fa619.CAP_Orders-db.stageAppTask#
######org.cloudfoundry.multiapps.controller.persistence.services.ProcessLogger########flowable-async-job-executor-thread-39968###
[PollStageAppStatusExecution] [CAP_Orders-db] 5822136b-7b4c-45ea-9719-442eb1bfc2ae [Fri Sep 25 07:56:23 UTC 2020]   COPY Release/segfault-handler.node (STDOUT, STG)#

#2.0#2020 09 25 07:56:26.872#Z#DEBUG#com.sap.cloud.lm.sl.xs2.e524a4d0-ff03-11ea-a951-eeee0a9fa619.CAP_Orders-db.stageAppTask#
######org.cloudfoundry.multiapps.controller.persistence.services.ProcessLogger########flowable-async-job-executor-thread-39968###
[PollStageAppStatusExecution] [CAP_Orders-db] 5822136b-7b4c-45ea-9719-442eb1bfc2ae [Fri Sep 25 07:56:23 UTC 2020] make: Leaving directory '/tmp/app/node_modules/@sap/hdi-deploy/node_modules/segfault-handler/build' (STDOUT, STG)#

#2.0#2020 09 25 07:56:26.872#Z#DEBUG#com.sap.cloud.lm.sl.xs2.e524a4d0-ff03-11ea-a951-eeee0a9fa619.CAP_Orders-db.stageAppTask#
######org.cloudfoundry.multiapps.controller.persistence.services.ProcessLogger########flowable-async-job-executor-thread-39968###
[PollStageAppStatusExecution] [CAP_Orders-db] 5822136b-7b4c-45ea-9719-442eb1bfc2ae [Fri Sep 25 07:56:23 UTC 2020] > node .build.js (STDOUT, STG)#

#2.0#2020 09 25 07:56:26.872#Z#DEBUG#com.sap.cloud.lm.sl.xs2.e524a4d0-ff03-11ea-a951-eeee0a9fa619.CAP_Orders-db.stageAppTask#
######org.cloudfoundry.multiapps.controller.persistence.services.ProcessLogger########flowable-async-job-executor-thread-39968###
[PollStageAppStatusExecution] [CAP_Orders-db] 5822136b-7b4c-45ea-9719-442eb1bfc2ae [Fri Sep 25 07:56:23 UTC 2020] > deploy@ postinstall /tmp/app (STDOUT, STG)#

#2.0#2020 09 25 07:56:26.872#Z#DEBUG#com.sap.cloud.lm.sl.xs2.e524a4d0-ff03-11ea-a951-eeee0a9fa619.CAP_Orders-db.stageAppTask#
######org.cloudfoundry.multiapps.controller.persistence.services.ProcessLogger########flowable-async-job-executor-thread-39968###
[PollStageAppStatusExecution] [CAP_Orders-db] 5822136b-7b4c-45ea-9719-442eb1bfc2ae [Fri Sep 25 07:56:23 UTC 2020] added 4 packages from 13 contributors in 1.733s (STDOUT, STG)#

#2.0#2020 09 25 07:56:26.872#Z#DEBUG#com.sap.cloud.lm.sl.xs2.e524a4d0-ff03-11ea-a951-eeee0a9fa619.CAP_Orders-db.stageAppTask#
######org.cloudfoundry.multiapps.controller.persistence.services.ProcessLogger########flowable-async-job-executor-thread-39968###
[PollStageAppStatusExecution] [CAP_Orders-db] 5822136b-7b4c-45ea-9719-442eb1bfc2ae [Fri Sep 25 07:56:23 UTC 2020]   run `npm fund` for details (STDOUT, STG)#

#2.0#2020 09 25 07:56:26.872#Z#DEBUG#com.sap.cloud.lm.sl.xs2.e524a4d0-ff03-11ea-a951-eeee0a9fa619.CAP_Orders-db.stageAppTask#
######org.cloudfoundry.multiapps.controller.persistence.services.ProcessLogger########flowable-async-job-executor-thread-39968###
[PollStageAppStatusExecution] [CAP_Orders-db] 5822136b-7b4c-45ea-9719-442eb1bfc2ae [Fri Sep 25 07:56:23 UTC 2020] 2 packages are looking for funding (STDOUT, STG)#

#2.0#2020 09 25 07:56:26.872#Z#DEBUG#com.sap.cloud.lm.sl.xs2.e524a4d0-ff03-11ea-a951-eeee0a9fa619.CAP_Orders-db.stageAppTask#
######org.cloudfoundry.multiapps.controller.persistence.services.ProcessLogger########flowable-async-job-executor-thread-39968###
[PollStageAppStatusExecution] [CAP_Orders-db] 5822136b-7b4c-45ea-9719-442eb1bfc2ae [Fri Sep 25 07:56:24 UTC 2020]        Contrast Security no credentials found. Will not write environment files. (STDOUT, STG)#

#2.0#2020 09 25 07:56:34.936#Z#DEBUG#com.sap.cloud.lm.sl.xs2.e524a4d0-ff03-11ea-a951-eeee0a9fa619.CAP_Orders-db.stageAppTask#
######org.cloudfoundry.multiapps.controller.persistence.services.ProcessLogger########flowable-async-job-executor-thread-39977###
[PollStageAppStatusExecution] [CAP_Orders-db] 5822136b-7b4c-45ea-9719-442eb1bfc2ae [Fri Sep 25 07:56:32 UTC 2020] Uploading droplet... (STDOUT, STG)#

#2.0#2020 09 25 07:56:34.936#Z#DEBUG#com.sap.cloud.lm.sl.xs2.e524a4d0-ff03-11ea-a951-eeee0a9fa619.CAP_Orders-db.stageAppTask#
######org.cloudfoundry.multiapps.controller.persistence.services.ProcessLogger########flowable-async-job-executor-thread-39977###
[PollStageAppStatusExecution] [CAP_Orders-db] 5822136b-7b4c-45ea-9719-442eb1bfc2ae [Fri Sep 25 07:56:32 UTC 2020] Uploading build artifacts cache... (STDOUT, STG)#

#2.0#2020 09 25 07:56:34.936#Z#DEBUG#com.sap.cloud.lm.sl.xs2.e524a4d0-ff03-11ea-a951-eeee0a9fa619.CAP_Orders-db.stageAppTask#
######org.cloudfoundry.multiapps.controller.persistence.services.ProcessLogger########flowable-async-job-executor-thread-39977###
[PollStageAppStatusExecution] [CAP_Orders-db] 5822136b-7b4c-45ea-9719-442eb1bfc2ae [Fri Sep 25 07:56:32 UTC 2020] Uploading droplet, build artifacts cache... (STDOUT, STG)#

#2.0#2020 09 25 07:56:34.936#Z#DEBUG#com.sap.cloud.lm.sl.xs2.e524a4d0-ff03-11ea-a951-eeee0a9fa619.CAP_Orders-db.stageAppTask#
######org.cloudfoundry.multiapps.controller.persistence.services.ProcessLogger########flowable-async-job-executor-thread-39977###
[PollStageAppStatusExecution] [CAP_Orders-db] 5822136b-7b4c-45ea-9719-442eb1bfc2ae [Fri Sep 25 07:56:32 UTC 2020] Exit status 0 (STDOUT, STG)#

#2.0#2020 09 25 07:56:34.936#Z#DEBUG#com.sap.cloud.lm.sl.xs2.e524a4d0-ff03-11ea-a951-eeee0a9fa619.CAP_Orders-db.stageAppTask#
######org.cloudfoundry.multiapps.controller.persistence.services.ProcessLogger########flowable-async-job-executor-thread-39977###
[PollStageAppStatusExecution] [CAP_Orders-db] 5822136b-7b4c-45ea-9719-442eb1bfc2ae [Fri Sep 25 07:56:33 UTC 2020] Uploaded build artifacts cache (226B) (STDOUT, STG)#

#2.0#2020 09 25 07:56:34.936#Z#DEBUG#com.sap.cloud.lm.sl.xs2.e524a4d0-ff03-11ea-a951-eeee0a9fa619.CAP_Orders-db.stageAppTask#
######org.cloudfoundry.multiapps.controller.persistence.services.ProcessLogger########flowable-async-job-executor-thread-39977###
[PollStageAppStatusExecution] [CAP_Orders-db] 5822136b-7b4c-45ea-9719-442eb1bfc2ae [Fri Sep 25 07:56:33 UTC 2020] Creating droplet for app with guid 5822136b-7b4c-45ea-9719-442eb1bfc2ae (STDOUT, API)#

#2.0#2020 09 25 07:56:46.289#Z#DEBUG#com.sap.cloud.lm.sl.xs2.e524a4d0-ff03-11ea-a951-eeee0a9fa619.CAP_Orders-db.stageAppTask#
######org.cloudfoundry.multiapps.controller.persistence.services.ProcessLogger########flowable-async-job-executor-thread-28584###
[PollStageAppStatusExecution] [CAP_Orders-db] 5822136b-7b4c-45ea-9719-442eb1bfc2ae [Fri Sep 25 07:56:36 UTC 2020] Uploaded droplet (58.9M) (STDOUT, STG)#

#2.0#2020 09 25 07:56:46.289#Z#DEBUG#com.sap.cloud.lm.sl.xs2.e524a4d0-ff03-11ea-a951-eeee0a9fa619.CAP_Orders-db.stageAppTask#
######org.cloudfoundry.multiapps.controller.persistence.services.ProcessLogger########flowable-async-job-executor-thread-28584###
[PollStageAppStatusExecution] [CAP_Orders-db] 5822136b-7b4c-45ea-9719-442eb1bfc2ae [Fri Sep 25 07:56:36 UTC 2020] Uploading complete (STDOUT, STG)#

#2.0#2020 09 25 07:56:46.289#Z#DEBUG#com.sap.cloud.lm.sl.xs2.e524a4d0-ff03-11ea-a951-eeee0a9fa619.CAP_Orders-db.stageAppTask#
######org.cloudfoundry.multiapps.controller.persistence.services.ProcessLogger########flowable-async-job-executor-thread-28584###
[PollStageAppStatusExecution] [CAP_Orders-db] 5822136b-7b4c-45ea-9719-442eb1bfc2ae [Fri Sep 25 07:56:37 UTC 2020] Cell fe40fbae-9051-4aa7-a6c8-361769afbec0 destroying container for instance 6c5502b0-05c5-4368-8b21-8e569573922f (STDOUT, STG)#

#2.0#2020 09 25 07:56:46.289#Z#DEBUG#com.sap.cloud.lm.sl.xs2.e524a4d0-ff03-11ea-a951-eeee0a9fa619.CAP_Orders-db.stageAppTask#
######org.cloudfoundry.multiapps.controller.persistence.services.ProcessLogger########flowable-async-job-executor-thread-28584###
[PollStageAppStatusExecution] [CAP_Orders-db] 5822136b-7b4c-45ea-9719-442eb1bfc2ae [Fri Sep 25 07:56:37 UTC 2020] Cell fe40fbae-9051-4aa7-a6c8-361769afbec0 stopping instance 6c5502b0-05c5-4368-8b21-8e569573922f (STDOUT, STG)#

#2.0#2020 09 25 07:56:46.289#Z#DEBUG#com.sap.cloud.lm.sl.xs2.e524a4d0-ff03-11ea-a951-eeee0a9fa619.CAP_Orders-db.stageAppTask#
######org.cloudfoundry.multiapps.controller.persistence.services.ProcessLogger########flowable-async-job-executor-thread-28584###
[PollStageAppStatusExecution] [CAP_Orders-db] 5822136b-7b4c-45ea-9719-442eb1bfc2ae [Fri Sep 25 07:56:37 UTC 2020] Cell fe40fbae-9051-4aa7-a6c8-361769afbec0 successfully destroyed container for instance 6c5502b0-05c5-4368-8b21-8e569573922f (STDOUT, STG)#

#2.0#2020 09 25 07:56:55.258#Z#DEBUG#com.sap.cloud.lm.sl.xs2.e524a4d0-ff03-11ea-a951-eeee0a9fa619.CAP_Orders-db.executeTaskTask#
######org.cloudfoundry.multiapps.controller.persistence.services.ProcessLogger########flowable-async-job-executor-thread-39999###
[PollExecuteTaskStatusExecution] [CAP_Orders-db] 5822136b-7b4c-45ea-9719-442eb1bfc2ae [Fri Sep 25 07:56:47 UTC 2020] Updated app with guid 5822136b-7b4c-45ea-9719-442eb1bfc2ae ({:droplet_guid=>"7124c47c-1527-4149-baf0-b5abcea2936c"}) (STDOUT, API)#

#2.0#2020 09 25 07:56:55.259#Z#DEBUG#com.sap.cloud.lm.sl.xs2.e524a4d0-ff03-11ea-a951-eeee0a9fa619.CAP_Orders-db.executeTaskTask#
######org.cloudfoundry.multiapps.controller.persistence.services.ProcessLogger########flowable-async-job-executor-thread-39999###
[PollExecuteTaskStatusExecution] [CAP_Orders-db] 5822136b-7b4c-45ea-9719-442eb1bfc2ae [Fri Sep 25 07:56:48 UTC 2020] Cell fe40fbae-9051-4aa7-a6c8-361769afbec0 creating container for instance 1984e950-f6f3-40e4-82fa-39ec6daf6925 (STDOUT, CELL)#

#2.0#2020 09 25 07:56:55.259#Z#DEBUG#com.sap.cloud.lm.sl.xs2.e524a4d0-ff03-11ea-a951-eeee0a9fa619.CAP_Orders-db.executeTaskTask#
######org.cloudfoundry.multiapps.controller.persistence.services.ProcessLogger########flowable-async-job-executor-thread-39999###
[PollExecuteTaskStatusExecution] [CAP_Orders-db] 5822136b-7b4c-45ea-9719-442eb1bfc2ae [Fri Sep 25 07:56:49 UTC 2020] Cell fe40fbae-9051-4aa7-a6c8-361769afbec0 successfully created container for instance 1984e950-f6f3-40e4-82fa-39ec6daf6925 (STDOUT, CELL)#

#2.0#2020 09 25 07:56:55.259#Z#DEBUG#com.sap.cloud.lm.sl.xs2.e524a4d0-ff03-11ea-a951-eeee0a9fa619.CAP_Orders-db.executeTaskTask#
######org.cloudfoundry.multiapps.controller.persistence.services.ProcessLogger########flowable-async-job-executor-thread-39999###
[PollExecuteTaskStatusExecution] [CAP_Orders-db] 5822136b-7b4c-45ea-9719-442eb1bfc2ae [Fri Sep 25 07:56:53 UTC 2020] > node node_modules/@sap/hdi-deploy/deploy.js (STDOUT, APP/TASK/deploy)#

#2.0#2020 09 25 07:56:55.259#Z#DEBUG#com.sap.cloud.lm.sl.xs2.e524a4d0-ff03-11ea-a951-eeee0a9fa619.CAP_Orders-db.executeTaskTask#
######org.cloudfoundry.multiapps.controller.persistence.services.ProcessLogger########flowable-async-job-executor-thread-39999###
[PollExecuteTaskStatusExecution] [CAP_Orders-db] 5822136b-7b4c-45ea-9719-442eb1bfc2ae [Fri Sep 25 07:56:53 UTC 2020] > deploy@ start /home/vcap/app (STDOUT, APP/TASK/deploy)#

#2.0#2020 09 25 07:57:05.193#Z#DEBUG#com.sap.cloud.lm.sl.xs2.e524a4d0-ff03-11ea-a951-eeee0a9fa619.CAP_Orders-db.executeTaskTask#
######org.cloudfoundry.multiapps.controller.persistence.services.ProcessLogger########flowable-async-job-executor-thread-28607###
[PollExecuteTaskStatusExecution] [CAP_Orders-db] 5822136b-7b4c-45ea-9719-442eb1bfc2ae [Fri Sep 25 07:56:53 UTC 2020] > node node_modules/@sap/hdi-deploy/deploy.js (STDOUT, APP/TASK/deploy)#

#2.0#2020 09 25 07:57:05.194#Z#DEBUG#com.sap.cloud.lm.sl.xs2.e524a4d0-ff03-11ea-a951-eeee0a9fa619.CAP_Orders-db.executeTaskTask#
######org.cloudfoundry.multiapps.controller.persistence.services.ProcessLogger########flowable-async-job-executor-thread-28607###
[PollExecuteTaskStatusExecution] [CAP_Orders-db] 5822136b-7b4c-45ea-9719-442eb1bfc2ae [Fri Sep 25 07:56:54 UTC 2020] @sap/hdi-deploy, version 3.11.11 (mode default), server version 2.00.047.00.1587129782 (2.0.47.0), node version 10.22.0, HDI version 4, container API version 44 (STDOUT, APP/TASK/deploy)#

#2.0#2020 09 25 07:57:05.194#Z#DEBUG#com.sap.cloud.lm.sl.xs2.e524a4d0-ff03-11ea-a951-eeee0a9fa619.CAP_Orders-db.executeTaskTask#
######org.cloudfoundry.multiapps.controller.persistence.services.ProcessLogger########flowable-async-job-executor-thread-28607###
[PollExecuteTaskStatusExecution] [CAP_Orders-db] 5822136b-7b4c-45ea-9719-442eb1bfc2ae [Fri Sep 25 07:56:55 UTC 2020] No ignore file at /home/vcap/app/.hdiignore. (STDOUT, APP/TASK/deploy)#

#2.0#2020 09 25 07:57:05.194#Z#DEBUG#com.sap.cloud.lm.sl.xs2.e524a4d0-ff03-11ea-a951-eeee0a9fa619.CAP_Orders-db.executeTaskTask#
######org.cloudfoundry.multiapps.controller.persistence.services.ProcessLogger########flowable-async-job-executor-thread-28607###
[PollExecuteTaskStatusExecution] [CAP_Orders-db] 5822136b-7b4c-45ea-9719-442eb1bfc2ae [Fri Sep 25 07:56:55 UTC 2020] Collecting files... (STDOUT, APP/TASK/deploy)#

#2.0#2020 09 25 07:57:05.194#Z#DEBUG#com.sap.cloud.lm.sl.xs2.e524a4d0-ff03-11ea-a951-eeee0a9fa619.CAP_Orders-db.executeTaskTask#
######org.cloudfoundry.multiapps.controller.persistence.services.ProcessLogger########flowable-async-job-executor-thread-28607###
[PollExecuteTaskStatusExecution] [CAP_Orders-db] 5822136b-7b4c-45ea-9719-442eb1bfc2ae [Fri Sep 25 07:56:55 UTC 2020] Target service: CAP_Orders-db-hdi-container (STDOUT, APP/TASK/deploy)#

#2.0#2020 09 25 07:57:05.194#Z#DEBUG#com.sap.cloud.lm.sl.xs2.e524a4d0-ff03-11ea-a951-eeee0a9fa619.CAP_Orders-db.executeTaskTask#
######org.cloudfoundry.multiapps.controller.persistence.services.ProcessLogger########flowable-async-job-executor-thread-28607###
[PollExecuteTaskStatusExecution] [CAP_Orders-db] 5822136b-7b4c-45ea-9719-442eb1bfc2ae [Fri Sep 25 07:56:55 UTC 2020] 0 reusable modules collected (STDOUT, APP/TASK/deploy)#

#2.0#2020 09 25 07:57:05.194#Z#DEBUG#com.sap.cloud.lm.sl.xs2.e524a4d0-ff03-11ea-a951-eeee0a9fa619.CAP_Orders-db.executeTaskTask#
######org.cloudfoundry.multiapps.controller.persistence.services.ProcessLogger########flowable-async-job-executor-thread-28607###
[PollExecuteTaskStatusExecution] [CAP_Orders-db] 5822136b-7b4c-45ea-9719-442eb1bfc2ae [Fri Sep 25 07:56:55 UTC 2020] 15 files collected (STDOUT, APP/TASK/deploy)#

#2.0#2020 09 25 07:57:05.194#Z#DEBUG#com.sap.cloud.lm.sl.xs2.e524a4d0-ff03-11ea-a951-eeee0a9fa619.CAP_Orders-db.executeTaskTask#
######org.cloudfoundry.multiapps.controller.persistence.services.ProcessLogger########flowable-async-job-executor-thread-28607###
[PollExecuteTaskStatusExecution] [CAP_Orders-db] 5822136b-7b4c-45ea-9719-442eb1bfc2ae [Fri Sep 25 07:56:55 UTC 2020] 2 directories collected (STDOUT, APP/TASK/deploy)#

#2.0#2020 09 25 07:57:05.194#Z#DEBUG#com.sap.cloud.lm.sl.xs2.e524a4d0-ff03-11ea-a951-eeee0a9fa619.CAP_Orders-db.executeTaskTask#
######org.cloudfoundry.multiapps.controller.persistence.services.ProcessLogger########flowable-async-job-executor-thread-28607###
[PollExecuteTaskStatusExecution] [CAP_Orders-db] 5822136b-7b4c-45ea-9719-442eb1bfc2ae [Fri Sep 25 07:56:55 UTC 2020] Collecting files... ok (0s 3ms) (STDOUT, APP/TASK/deploy)#

#2.0#2020 09 25 07:57:05.194#Z#DEBUG#com.sap.cloud.lm.sl.xs2.e524a4d0-ff03-11ea-a951-eeee0a9fa619.CAP_Orders-db.executeTaskTask#
######org.cloudfoundry.multiapps.controller.persistence.services.ProcessLogger########flowable-async-job-executor-thread-28607###
[PollExecuteTaskStatusExecution] [CAP_Orders-db] 5822136b-7b4c-45ea-9719-442eb1bfc2ae [Fri Sep 25 07:56:55 UTC 2020] Session variable APPLICATION is set to "SAP_HDI/dev/38099938trial". (STDOUT, APP/TASK/deploy)#

#2.0#2020 09 25 07:57:05.194#Z#DEBUG#com.sap.cloud.lm.sl.xs2.e524a4d0-ff03-11ea-a951-eeee0a9fa619.CAP_Orders-db.executeTaskTask#
######org.cloudfoundry.multiapps.controller.persistence.services.ProcessLogger########flowable-async-job-executor-thread-28607###
[PollExecuteTaskStatusExecution] [CAP_Orders-db] 5822136b-7b4c-45ea-9719-442eb1bfc2ae [Fri Sep 25 07:56:55 UTC 2020] Previous build with request ID 1212095 finished at 2020-09-24 15:12:30.226529000 with status Committed and message: Starting make in the container "38250A446351427F92355D487CA1E879" with 0 files to deploy, 0 files to undeploy... ok. (STDOUT, APP/TASK/deploy)#

#2.0#2020 09 25 07:57:05.194#Z#DEBUG#com.sap.cloud.lm.sl.xs2.e524a4d0-ff03-11ea-a951-eeee0a9fa619.CAP_Orders-db.executeTaskTask#
######org.cloudfoundry.multiapps.controller.persistence.services.ProcessLogger########flowable-async-job-executor-thread-28607###
[PollExecuteTaskStatusExecution] [CAP_Orders-db] 5822136b-7b4c-45ea-9719-442eb1bfc2ae [Fri Sep 25 07:56:55 UTC 2020] Processing grants files... ok (0s 0ms) (STDOUT, APP/TASK/deploy)#

#2.0#2020 09 25 07:57:05.194#Z#DEBUG#com.sap.cloud.lm.sl.xs2.e524a4d0-ff03-11ea-a951-eeee0a9fa619.CAP_Orders-db.executeTaskTask#
######org.cloudfoundry.multiapps.controller.persistence.services.ProcessLogger########flowable-async-job-executor-thread-28607###
[PollExecuteTaskStatusExecution] [CAP_Orders-db] 5822136b-7b4c-45ea-9719-442eb1bfc2ae [Fri Sep 25 07:56:55 UTC 2020] Processing grants files... (STDOUT, APP/TASK/deploy)#

#2.0#2020 09 25 07:57:05.194#Z#DEBUG#com.sap.cloud.lm.sl.xs2.e524a4d0-ff03-11ea-a951-eeee0a9fa619.CAP_Orders-db.executeTaskTask#
######org.cloudfoundry.multiapps.controller.persistence.services.ProcessLogger########flowable-async-job-executor-thread-28607###
[PollExecuteTaskStatusExecution] [CAP_Orders-db] 5822136b-7b4c-45ea-9719-442eb1bfc2ae [Fri Sep 25 07:56:55 UTC 2020] Processing revoke files... ok (0s 0ms) (STDOUT, APP/TASK/deploy)#

#2.0#2020 09 25 07:57:05.194#Z#DEBUG#com.sap.cloud.lm.sl.xs2.e524a4d0-ff03-11ea-a951-eeee0a9fa619.CAP_Orders-db.executeTaskTask#
######org.cloudfoundry.multiapps.controller.persistence.services.ProcessLogger########flowable-async-job-executor-thread-28607###
[PollExecuteTaskStatusExecution] [CAP_Orders-db] 5822136b-7b4c-45ea-9719-442eb1bfc2ae [Fri Sep 25 07:56:55 UTC 2020] Processing revoke files... (STDOUT, APP/TASK/deploy)#

#2.0#2020 09 25 07:57:05.194#Z#DEBUG#com.sap.cloud.lm.sl.xs2.e524a4d0-ff03-11ea-a951-eeee0a9fa619.CAP_Orders-db.executeTaskTask#
######org.cloudfoundry.multiapps.controller.persistence.services.ProcessLogger########flowable-async-job-executor-thread-28607###
[PollExecuteTaskStatusExecution] [CAP_Orders-db] 5822136b-7b4c-45ea-9719-442eb1bfc2ae [Fri Sep 25 07:56:55 UTC 2020] Preprocessing files... ok (0s 0ms) (STDOUT, APP/TASK/deploy)#

#2.0#2020 09 25 07:57:05.194#Z#DEBUG#com.sap.cloud.lm.sl.xs2.e524a4d0-ff03-11ea-a951-eeee0a9fa619.CAP_Orders-db.executeTaskTask#
######org.cloudfoundry.multiapps.controller.persistence.services.ProcessLogger########flowable-async-job-executor-thread-28607###
[PollExecuteTaskStatusExecution] [CAP_Orders-db] 5822136b-7b4c-45ea-9719-442eb1bfc2ae [Fri Sep 25 07:56:55 UTC 2020] Preprocessing files... (STDOUT, APP/TASK/deploy)#

#2.0#2020 09 25 07:57:05.194#Z#DEBUG#com.sap.cloud.lm.sl.xs2.e524a4d0-ff03-11ea-a951-eeee0a9fa619.CAP_Orders-db.executeTaskTask#
######org.cloudfoundry.multiapps.controller.persistence.services.ProcessLogger########flowable-async-job-executor-thread-28607###
[PollExecuteTaskStatusExecution] [CAP_Orders-db] 5822136b-7b4c-45ea-9719-442eb1bfc2ae [Fri Sep 25 07:56:55 UTC 2020] Connecting to the container "38250A446351427F92355D487CA1E879"... (STDOUT, APP/TASK/deploy)#

#2.0#2020 09 25 07:57:05.194#Z#DEBUG#com.sap.cloud.lm.sl.xs2.e524a4d0-ff03-11ea-a951-eeee0a9fa619.CAP_Orders-db.executeTaskTask#
######org.cloudfoundry.multiapps.controller.persistence.services.ProcessLogger########flowable-async-job-executor-thread-28607###
[PollExecuteTaskStatusExecution] [CAP_Orders-db] 5822136b-7b4c-45ea-9719-442eb1bfc2ae [Fri Sep 25 07:56:55 UTC 2020] Locking the container "38250A446351427F92355D487CA1E879"... (STDOUT, APP/TASK/deploy)#

#2.0#2020 09 25 07:57:05.194#Z#DEBUG#com.sap.cloud.lm.sl.xs2.e524a4d0-ff03-11ea-a951-eeee0a9fa619.CAP_Orders-db.executeTaskTask#
######org.cloudfoundry.multiapps.controller.persistence.services.ProcessLogger########flowable-async-job-executor-thread-28607###
[PollExecuteTaskStatusExecution] [CAP_Orders-db] 5822136b-7b4c-45ea-9719-442eb1bfc2ae [Fri Sep 25 07:56:55 UTC 2020] Connecting to the container "38250A446351427F92355D487CA1E879"... ok (0s 158ms) (STDOUT, APP/TASK/deploy)#

#2.0#2020 09 25 07:57:05.194#Z#DEBUG#com.sap.cloud.lm.sl.xs2.e524a4d0-ff03-11ea-a951-eeee0a9fa619.CAP_Orders-db.executeTaskTask#
######org.cloudfoundry.multiapps.controller.persistence.services.ProcessLogger########flowable-async-job-executor-thread-28607###
[PollExecuteTaskStatusExecution] [CAP_Orders-db] 5822136b-7b4c-45ea-9719-442eb1bfc2ae [Fri Sep 25 07:56:56 UTC 2020] Synchronizing files with the container "38250A446351427F92355D487CA1E879"... (STDOUT, APP/TASK/deploy)#

#2.0#2020 09 25 07:57:05.194#Z#DEBUG#com.sap.cloud.lm.sl.xs2.e524a4d0-ff03-11ea-a951-eeee0a9fa619.CAP_Orders-db.executeTaskTask#
######org.cloudfoundry.multiapps.controller.persistence.services.ProcessLogger########flowable-async-job-executor-thread-28607###
[PollExecuteTaskStatusExecution] [CAP_Orders-db] 5822136b-7b4c-45ea-9719-442eb1bfc2ae [Fri Sep 25 07:56:56 UTC 2020] Locking the container "38250A446351427F92355D487CA1E879"... ok (0s 431ms) (STDOUT, APP/TASK/deploy)#

#2.0#2020 09 25 07:57:05.194#Z#DEBUG#com.sap.cloud.lm.sl.xs2.e524a4d0-ff03-11ea-a951-eeee0a9fa619.CAP_Orders-db.executeTaskTask#
######org.cloudfoundry.multiapps.controller.persistence.services.ProcessLogger########flowable-async-job-executor-thread-28607###
[PollExecuteTaskStatusExecution] [CAP_Orders-db] 5822136b-7b4c-45ea-9719-442eb1bfc2ae [Fri Sep 25 07:56:56 UTC 2020] Synchronizing files with the container "38250A446351427F92355D487CA1E879"... ok (0s 395ms) (STDOUT, APP/TASK/deploy)#

#2.0#2020 09 25 07:57:05.194#Z#DEBUG#com.sap.cloud.lm.sl.xs2.e524a4d0-ff03-11ea-a951-eeee0a9fa619.CAP_Orders-db.executeTaskTask#
######org.cloudfoundry.multiapps.controller.persistence.services.ProcessLogger########flowable-async-job-executor-thread-28607###
[PollExecuteTaskStatusExecution] [CAP_Orders-db] 5822136b-7b4c-45ea-9719-442eb1bfc2ae [Fri Sep 25 07:56:56 UTC 2020] Deploying to the container "38250A446351427F92355D487CA1E879"... (STDOUT, APP/TASK/deploy)#

#2.0#2020 09 25 07:57:05.194#Z#DEBUG#com.sap.cloud.lm.sl.xs2.e524a4d0-ff03-11ea-a951-eeee0a9fa619.CAP_Orders-db.executeTaskTask#
######org.cloudfoundry.multiapps.controller.persistence.services.ProcessLogger########flowable-async-job-executor-thread-28607###
[PollExecuteTaskStatusExecution] [CAP_Orders-db] 5822136b-7b4c-45ea-9719-442eb1bfc2ae [Fri Sep 25 07:56:56 UTC 2020] 0 files are scheduled for undeploy based on explicit specification (STDOUT, APP/TASK/deploy)#

#2.0#2020 09 25 07:57:05.194#Z#DEBUG#com.sap.cloud.lm.sl.xs2.e524a4d0-ff03-11ea-a951-eeee0a9fa619.CAP_Orders-db.executeTaskTask#
######org.cloudfoundry.multiapps.controller.persistence.services.ProcessLogger########flowable-async-job-executor-thread-28607###
[PollExecuteTaskStatusExecution] [CAP_Orders-db] 5822136b-7b4c-45ea-9719-442eb1bfc2ae [Fri Sep 25 07:56:56 UTC 2020] 0 files are scheduled for deploy based on explicit specification (STDOUT, APP/TASK/deploy)#

#2.0#2020 09 25 07:57:05.195#Z#DEBUG#com.sap.cloud.lm.sl.xs2.e524a4d0-ff03-11ea-a951-eeee0a9fa619.CAP_Orders-db.executeTaskTask#
######org.cloudfoundry.multiapps.controller.persistence.services.ProcessLogger########flowable-async-job-executor-thread-28607###
[PollExecuteTaskStatusExecution] [CAP_Orders-db] 5822136b-7b4c-45ea-9719-442eb1bfc2ae [Fri Sep 25 07:56:56 UTC 2020] 0 deleted files are scheduled for undeploy based on delta detection (filtered by undeploy whitelist) (STDOUT, APP/TASK/deploy)#

#2.0#2020 09 25 07:57:05.195#Z#DEBUG#com.sap.cloud.lm.sl.xs2.e524a4d0-ff03-11ea-a951-eeee0a9fa619.CAP_Orders-db.executeTaskTask#
######org.cloudfoundry.multiapps.controller.persistence.services.ProcessLogger########flowable-async-job-executor-thread-28607###
[PollExecuteTaskStatusExecution] [CAP_Orders-db] 5822136b-7b4c-45ea-9719-442eb1bfc2ae [Fri Sep 25 07:56:56 UTC 2020] 0 modified or added files are scheduled for deploy based on delta detection (STDOUT, APP/TASK/deploy)#

#2.0#2020 09 25 07:57:05.195#Z#DEBUG#com.sap.cloud.lm.sl.xs2.e524a4d0-ff03-11ea-a951-eeee0a9fa619.CAP_Orders-db.executeTaskTask#
######org.cloudfoundry.multiapps.controller.persistence.services.ProcessLogger########flowable-async-job-executor-thread-28607###
[PollExecuteTaskStatusExecution] [CAP_Orders-db] 5822136b-7b4c-45ea-9719-442eb1bfc2ae [Fri Sep 25 07:56:56 UTC 2020] Undeploy whitelist file "undeploy.json" not found; an empty whitelist is used and no files will be scheduled for undeploy (STDOUT, APP/TASK/deploy)#

#2.0#2020 09 25 07:57:05.195#Z#DEBUG#com.sap.cloud.lm.sl.xs2.e524a4d0-ff03-11ea-a951-eeee0a9fa619.CAP_Orders-db.executeTaskTask#
######org.cloudfoundry.multiapps.controller.persistence.services.ProcessLogger########flowable-async-job-executor-thread-28607###
[PollExecuteTaskStatusExecution] [CAP_Orders-db] 5822136b-7b4c-45ea-9719-442eb1bfc2ae [Fri Sep 25 07:56:56 UTC 2020]   Enabling table replication for the container schema "38250A446351427F92355D487CA1E879"...  (STDOUT, APP/TASK/deploy)#

#2.0#2020 09 25 07:57:05.195#Z#DEBUG#com.sap.cloud.lm.sl.xs2.e524a4d0-ff03-11ea-a951-eeee0a9fa619.CAP_Orders-db.executeTaskTask#
######org.cloudfoundry.multiapps.controller.persistence.services.ProcessLogger########flowable-async-job-executor-thread-28607###
[PollExecuteTaskStatusExecution] [CAP_Orders-db] 5822136b-7b4c-45ea-9719-442eb1bfc2ae [Fri Sep 25 07:56:56 UTC 2020]  Starting make in the container "38250A446351427F92355D487CA1E879" with 0 files to deploy, 0 files to undeploy...  (STDOUT, APP/TASK/deploy)#

#2.0#2020 09 25 07:57:05.195#Z#DEBUG#com.sap.cloud.lm.sl.xs2.e524a4d0-ff03-11ea-a951-eeee0a9fa619.CAP_Orders-db.executeTaskTask#
######org.cloudfoundry.multiapps.controller.persistence.services.ProcessLogger########flowable-async-job-executor-thread-28607###
[PollExecuteTaskStatusExecution] [CAP_Orders-db] 5822136b-7b4c-45ea-9719-442eb1bfc2ae [Fri Sep 25 07:56:56 UTC 2020] No default-access-role handling needed; global role "38250A446351427F92355D487CA1E879::access_role" will not be adapted (STDOUT, APP/TASK/deploy)#

#2.0#2020 09 25 07:57:05.195#Z#DEBUG#com.sap.cloud.lm.sl.xs2.e524a4d0-ff03-11ea-a951-eeee0a9fa619.CAP_Orders-db.executeTaskTask#
######org.cloudfoundry.multiapps.controller.persistence.services.ProcessLogger########flowable-async-job-executor-thread-28607###
[PollExecuteTaskStatusExecution] [CAP_Orders-db] 5822136b-7b4c-45ea-9719-442eb1bfc2ae [Fri Sep 25 07:56:56 UTC 2020] Deploying to the container "38250A446351427F92355D487CA1E879"... ok (0s 221ms) (STDOUT, APP/TASK/deploy)#

#2.0#2020 09 25 07:57:05.195#Z#DEBUG#com.sap.cloud.lm.sl.xs2.e524a4d0-ff03-11ea-a951-eeee0a9fa619.CAP_Orders-db.executeTaskTask#
######org.cloudfoundry.multiapps.controller.persistence.services.ProcessLogger########flowable-async-job-executor-thread-28607###
[PollExecuteTaskStatusExecution] [CAP_Orders-db] 5822136b-7b4c-45ea-9719-442eb1bfc2ae [Fri Sep 25 07:56:56 UTC 2020]  Starting make in the container "38250A446351427F92355D487CA1E879" with 0 files to deploy, 0 files to undeploy... ok  (0s 4ms) (STDOUT, APP/TASK/deploy)#

#2.0#2020 09 25 07:57:05.195#Z#DEBUG#com.sap.cloud.lm.sl.xs2.e524a4d0-ff03-11ea-a951-eeee0a9fa619.CAP_Orders-db.executeTaskTask#
######org.cloudfoundry.multiapps.controller.persistence.services.ProcessLogger########flowable-async-job-executor-thread-28607###
[PollExecuteTaskStatusExecution] [CAP_Orders-db] 5822136b-7b4c-45ea-9719-442eb1bfc2ae [Fri Sep 25 07:56:56 UTC 2020]   Enabling table replication for the container schema "38250A446351427F92355D487CA1E879"... ok  (0s 2ms) (STDOUT, APP/TASK/deploy)#

#2.0#2020 09 25 07:57:05.195#Z#DEBUG#com.sap.cloud.lm.sl.xs2.e524a4d0-ff03-11ea-a951-eeee0a9fa619.CAP_Orders-db.executeTaskTask#
######org.cloudfoundry.multiapps.controller.persistence.services.ProcessLogger########flowable-async-job-executor-thread-28607###
[PollExecuteTaskStatusExecution] [CAP_Orders-db] 5822136b-7b4c-45ea-9719-442eb1bfc2ae [Fri Sep 25 07:56:56 UTC 2020] Deployment to container 38250A446351427F92355D487CA1E879 done [Deployment ID: none]. (STDOUT, APP/TASK/deploy)#

#2.0#2020 09 25 07:57:05.195#Z#DEBUG#com.sap.cloud.lm.sl.xs2.e524a4d0-ff03-11ea-a951-eeee0a9fa619.CAP_Orders-db.executeTaskTask#
######org.cloudfoundry.multiapps.controller.persistence.services.ProcessLogger########flowable-async-job-executor-thread-28607###
[PollExecuteTaskStatusExecution] [CAP_Orders-db] 5822136b-7b4c-45ea-9719-442eb1bfc2ae [Fri Sep 25 07:56:56 UTC 2020] Unlocking the container "38250A446351427F92355D487CA1E879"... ok (0s 0ms) (STDOUT, APP/TASK/deploy)#

#2.0#2020 09 25 07:57:05.195#Z#DEBUG#com.sap.cloud.lm.sl.xs2.e524a4d0-ff03-11ea-a951-eeee0a9fa619.CAP_Orders-db.executeTaskTask#
######org.cloudfoundry.multiapps.controller.persistence.services.ProcessLogger########flowable-async-job-executor-thread-28607###
[PollExecuteTaskStatusExecution] [CAP_Orders-db] 5822136b-7b4c-45ea-9719-442eb1bfc2ae [Fri Sep 25 07:56:56 UTC 2020] Unlocking the container "38250A446351427F92355D487CA1E879"... (STDOUT, APP/TASK/deploy)#

#2.0#2020 09 25 07:57:05.195#Z#DEBUG#com.sap.cloud.lm.sl.xs2.e524a4d0-ff03-11ea-a951-eeee0a9fa619.CAP_Orders-db.executeTaskTask#
######org.cloudfoundry.multiapps.controller.persistence.services.ProcessLogger########flowable-async-job-executor-thread-28607###
[PollExecuteTaskStatusExecution] [CAP_Orders-db] 5822136b-7b4c-45ea-9719-442eb1bfc2ae [Fri Sep 25 07:56:56 UTC 2020] (2s 643ms) (STDOUT, APP/TASK/deploy)#

#2.0#2020 09 25 07:57:05.195#Z#DEBUG#com.sap.cloud.lm.sl.xs2.e524a4d0-ff03-11ea-a951-eeee0a9fa619.CAP_Orders-db.executeTaskTask#
######org.cloudfoundry.multiapps.controller.persistence.services.ProcessLogger########flowable-async-job-executor-thread-28607###
[PollExecuteTaskStatusExecution] [CAP_Orders-db] 5822136b-7b4c-45ea-9719-442eb1bfc2ae [Fri Sep 25 07:56:56 UTC 2020] Exit status 0 (STDOUT, APP/TASK/deploy)#

#2.0#2020 09 25 07:57:05.195#Z#DEBUG#com.sap.cloud.lm.sl.xs2.e524a4d0-ff03-11ea-a951-eeee0a9fa619.CAP_Orders-db.executeTaskTask#
######org.cloudfoundry.multiapps.controller.persistence.services.ProcessLogger########flowable-async-job-executor-thread-28607###
[PollExecuteTaskStatusExecution] [CAP_Orders-db] 5822136b-7b4c-45ea-9719-442eb1bfc2ae [Fri Sep 25 07:56:57 UTC 2020] Cell fe40fbae-9051-4aa7-a6c8-361769afbec0 destroying container for instance 1984e950-f6f3-40e4-82fa-39ec6daf6925 (STDOUT, CELL)#

#2.0#2020 09 25 07:57:05.195#Z#DEBUG#com.sap.cloud.lm.sl.xs2.e524a4d0-ff03-11ea-a951-eeee0a9fa619.CAP_Orders-db.executeTaskTask#
######org.cloudfoundry.multiapps.controller.persistence.services.ProcessLogger########flowable-async-job-executor-thread-28607###
[PollExecuteTaskStatusExecution] [CAP_Orders-db] 5822136b-7b4c-45ea-9719-442eb1bfc2ae [Fri Sep 25 07:56:57 UTC 2020] Cell fe40fbae-9051-4aa7-a6c8-361769afbec0 stopping instance 1984e950-f6f3-40e4-82fa-39ec6daf6925 (STDOUT, CELL)#

#2.0#2020 09 25 07:57:05.195#Z#DEBUG#com.sap.cloud.lm.sl.xs2.e524a4d0-ff03-11ea-a951-eeee0a9fa619.CAP_Orders-db.executeTaskTask#
######org.cloudfoundry.multiapps.controller.persistence.services.ProcessLogger########flowable-async-job-executor-thread-28607###
[PollExecuteTaskStatusExecution] [CAP_Orders-db] 5822136b-7b4c-45ea-9719-442eb1bfc2ae [Fri Sep 25 07:56:58 UTC 2020] Cell fe40fbae-9051-4aa7-a6c8-361769afbec0 successfully destroyed container for instance 1984e950-f6f3-40e4-82fa-39ec6daf6925 (STDOUT, CELL)#

