#2.0#2020 09 25 07:54:54.148#Z#DEBUG#com.sap.cloud.lm.sl.xs2.e524a4d0-ff03-11ea-a951-eeee0a9fa619.CAP_Orders_ui_deployer.stageAppTask#
######org.cloudfoundry.multiapps.controller.persistence.services.ProcessLogger########flowable-async-job-executor-thread-39807###
[PollStageAppStatusExecution] [CAP_Orders_ui_deployer] f81dcb01-5946-4e29-975c-601cf8392979 [Fri Sep 25 07:54:24 UTC 2020] Updated app with guid f81dcb01-5946-4e29-975c-601cf8392979 ({"environment_json"=>"[PRIVATE DATA HIDDEN]"}) (STDOUT, API)#

#2.0#2020 09 25 07:54:54.148#Z#DEBUG#com.sap.cloud.lm.sl.xs2.e524a4d0-ff03-11ea-a951-eeee0a9fa619.CAP_Orders_ui_deployer.stageAppTask#
######org.cloudfoundry.multiapps.controller.persistence.services.ProcessLogger########flowable-async-job-executor-thread-39807###
[PollStageAppStatusExecution] [CAP_Orders_ui_deployer] f81dcb01-5946-4e29-975c-601cf8392979 [Fri Sep 25 07:54:26 UTC 2020] Updated app with guid f81dcb01-5946-4e29-975c-601cf8392979 ({"environment_json"=>"[PRIVATE DATA HIDDEN]"}) (STDOUT, API)#

#2.0#2020 09 25 07:54:54.148#Z#DEBUG#com.sap.cloud.lm.sl.xs2.e524a4d0-ff03-11ea-a951-eeee0a9fa619.CAP_Orders_ui_deployer.stageAppTask#
######org.cloudfoundry.multiapps.controller.persistence.services.ProcessLogger########flowable-async-job-executor-thread-39807###
[PollStageAppStatusExecution] [CAP_Orders_ui_deployer] f81dcb01-5946-4e29-975c-601cf8392979 [Fri Sep 25 07:54:28 UTC 2020] Uploading app package for app with guid f81dcb01-5946-4e29-975c-601cf8392979 (STDOUT, API)#

#2.0#2020 09 25 07:54:54.148#Z#DEBUG#com.sap.cloud.lm.sl.xs2.e524a4d0-ff03-11ea-a951-eeee0a9fa619.CAP_Orders_ui_deployer.stageAppTask#
######org.cloudfoundry.multiapps.controller.persistence.services.ProcessLogger########flowable-async-job-executor-thread-39807###
[PollStageAppStatusExecution] [CAP_Orders_ui_deployer] f81dcb01-5946-4e29-975c-601cf8392979 [Fri Sep 25 07:54:45 UTC 2020] Creating build for app with guid f81dcb01-5946-4e29-975c-601cf8392979 (STDOUT, API)#

#2.0#2020 09 25 07:54:54.148#Z#DEBUG#com.sap.cloud.lm.sl.xs2.e524a4d0-ff03-11ea-a951-eeee0a9fa619.CAP_Orders_ui_deployer.stageAppTask#
######org.cloudfoundry.multiapps.controller.persistence.services.ProcessLogger########flowable-async-job-executor-thread-39807###
[PollStageAppStatusExecution] [CAP_Orders_ui_deployer] f81dcb01-5946-4e29-975c-601cf8392979 [Fri Sep 25 07:54:47 UTC 2020] Downloading nodejs_buildpack... (STDOUT, STG)#

#2.0#2020 09 25 07:54:54.148#Z#DEBUG#com.sap.cloud.lm.sl.xs2.e524a4d0-ff03-11ea-a951-eeee0a9fa619.CAP_Orders_ui_deployer.stageAppTask#
######org.cloudfoundry.multiapps.controller.persistence.services.ProcessLogger########flowable-async-job-executor-thread-39807###
[PollStageAppStatusExecution] [CAP_Orders_ui_deployer] f81dcb01-5946-4e29-975c-601cf8392979 [Fri Sep 25 07:54:47 UTC 2020] Downloading sap_java_buildpack_1_28... (STDOUT, STG)#

#2.0#2020 09 25 07:54:54.148#Z#DEBUG#com.sap.cloud.lm.sl.xs2.e524a4d0-ff03-11ea-a951-eeee0a9fa619.CAP_Orders_ui_deployer.stageAppTask#
######org.cloudfoundry.multiapps.controller.persistence.services.ProcessLogger########flowable-async-job-executor-thread-39807###
[PollStageAppStatusExecution] [CAP_Orders_ui_deployer] f81dcb01-5946-4e29-975c-601cf8392979 [Fri Sep 25 07:54:47 UTC 2020] Downloading binary_buildpack... (STDOUT, STG)#

#2.0#2020 09 25 07:54:54.148#Z#DEBUG#com.sap.cloud.lm.sl.xs2.e524a4d0-ff03-11ea-a951-eeee0a9fa619.CAP_Orders_ui_deployer.stageAppTask#
######org.cloudfoundry.multiapps.controller.persistence.services.ProcessLogger########flowable-async-job-executor-thread-39807###
[PollStageAppStatusExecution] [CAP_Orders_ui_deployer] f81dcb01-5946-4e29-975c-601cf8392979 [Fri Sep 25 07:54:47 UTC 2020] Downloading java_buildpack... (STDOUT, STG)#

#2.0#2020 09 25 07:54:54.148#Z#DEBUG#com.sap.cloud.lm.sl.xs2.e524a4d0-ff03-11ea-a951-eeee0a9fa619.CAP_Orders_ui_deployer.stageAppTask#
######org.cloudfoundry.multiapps.controller.persistence.services.ProcessLogger########flowable-async-job-executor-thread-39807###
[PollStageAppStatusExecution] [CAP_Orders_ui_deployer] f81dcb01-5946-4e29-975c-601cf8392979 [Fri Sep 25 07:54:47 UTC 2020] Downloading security_group_check_stg_buildpack_6D940E... (STDOUT, STG)#

#2.0#2020 09 25 07:54:54.148#Z#DEBUG#com.sap.cloud.lm.sl.xs2.e524a4d0-ff03-11ea-a951-eeee0a9fa619.CAP_Orders_ui_deployer.stageAppTask#
######org.cloudfoundry.multiapps.controller.persistence.services.ProcessLogger########flowable-async-job-executor-thread-39807###
[PollStageAppStatusExecution] [CAP_Orders_ui_deployer] f81dcb01-5946-4e29-975c-601cf8392979 [Fri Sep 25 07:54:47 UTC 2020] Downloading sap_java_buildpack_1_27... (STDOUT, STG)#

#2.0#2020 09 25 07:54:54.148#Z#DEBUG#com.sap.cloud.lm.sl.xs2.e524a4d0-ff03-11ea-a951-eeee0a9fa619.CAP_Orders_ui_deployer.stageAppTask#
######org.cloudfoundry.multiapps.controller.persistence.services.ProcessLogger########flowable-async-job-executor-thread-39807###
[PollStageAppStatusExecution] [CAP_Orders_ui_deployer] f81dcb01-5946-4e29-975c-601cf8392979 [Fri Sep 25 07:54:47 UTC 2020] Downloaded nodejs_buildpack (STDOUT, STG)#

#2.0#2020 09 25 07:54:54.148#Z#DEBUG#com.sap.cloud.lm.sl.xs2.e524a4d0-ff03-11ea-a951-eeee0a9fa619.CAP_Orders_ui_deployer.stageAppTask#
######org.cloudfoundry.multiapps.controller.persistence.services.ProcessLogger########flowable-async-job-executor-thread-39807###
[PollStageAppStatusExecution] [CAP_Orders_ui_deployer] f81dcb01-5946-4e29-975c-601cf8392979 [Fri Sep 25 07:54:47 UTC 2020] Downloading sap_java_buildpack_1_26... (STDOUT, STG)#

#2.0#2020 09 25 07:54:54.148#Z#DEBUG#com.sap.cloud.lm.sl.xs2.e524a4d0-ff03-11ea-a951-eeee0a9fa619.CAP_Orders_ui_deployer.stageAppTask#
######org.cloudfoundry.multiapps.controller.persistence.services.ProcessLogger########flowable-async-job-executor-thread-39807###
[PollStageAppStatusExecution] [CAP_Orders_ui_deployer] f81dcb01-5946-4e29-975c-601cf8392979 [Fri Sep 25 07:54:47 UTC 2020] Downloaded security_group_check_stg_buildpack_6D940E (STDOUT, STG)#

#2.0#2020 09 25 07:54:54.148#Z#DEBUG#com.sap.cloud.lm.sl.xs2.e524a4d0-ff03-11ea-a951-eeee0a9fa619.CAP_Orders_ui_deployer.stageAppTask#
######org.cloudfoundry.multiapps.controller.persistence.services.ProcessLogger########flowable-async-job-executor-thread-39807###
[PollStageAppStatusExecution] [CAP_Orders_ui_deployer] f81dcb01-5946-4e29-975c-601cf8392979 [Fri Sep 25 07:54:47 UTC 2020] Downloading ruby_buildpack... (STDOUT, STG)#

#2.0#2020 09 25 07:54:54.148#Z#DEBUG#com.sap.cloud.lm.sl.xs2.e524a4d0-ff03-11ea-a951-eeee0a9fa619.CAP_Orders_ui_deployer.stageAppTask#
######org.cloudfoundry.multiapps.controller.persistence.services.ProcessLogger########flowable-async-job-executor-thread-39807###
[PollStageAppStatusExecution] [CAP_Orders_ui_deployer] f81dcb01-5946-4e29-975c-601cf8392979 [Fri Sep 25 07:54:47 UTC 2020] Downloaded java_buildpack (STDOUT, STG)#

#2.0#2020 09 25 07:54:54.148#Z#DEBUG#com.sap.cloud.lm.sl.xs2.e524a4d0-ff03-11ea-a951-eeee0a9fa619.CAP_Orders_ui_deployer.stageAppTask#
######org.cloudfoundry.multiapps.controller.persistence.services.ProcessLogger########flowable-async-job-executor-thread-39807###
[PollStageAppStatusExecution] [CAP_Orders_ui_deployer] f81dcb01-5946-4e29-975c-601cf8392979 [Fri Sep 25 07:54:47 UTC 2020] Downloading python_buildpack... (STDOUT, STG)#

#2.0#2020 09 25 07:54:54.148#Z#DEBUG#com.sap.cloud.lm.sl.xs2.e524a4d0-ff03-11ea-a951-eeee0a9fa619.CAP_Orders_ui_deployer.stageAppTask#
######org.cloudfoundry.multiapps.controller.persistence.services.ProcessLogger########flowable-async-job-executor-thread-39807###
[PollStageAppStatusExecution] [CAP_Orders_ui_deployer] f81dcb01-5946-4e29-975c-601cf8392979 [Fri Sep 25 07:54:47 UTC 2020] Downloaded sap_java_buildpack_1_28 (STDOUT, STG)#

#2.0#2020 09 25 07:54:54.148#Z#DEBUG#com.sap.cloud.lm.sl.xs2.e524a4d0-ff03-11ea-a951-eeee0a9fa619.CAP_Orders_ui_deployer.stageAppTask#
######org.cloudfoundry.multiapps.controller.persistence.services.ProcessLogger########flowable-async-job-executor-thread-39807###
[PollStageAppStatusExecution] [CAP_Orders_ui_deployer] f81dcb01-5946-4e29-975c-601cf8392979 [Fri Sep 25 07:54:47 UTC 2020] Downloading go_buildpack... (STDOUT, STG)#

#2.0#2020 09 25 07:54:54.148#Z#DEBUG#com.sap.cloud.lm.sl.xs2.e524a4d0-ff03-11ea-a951-eeee0a9fa619.CAP_Orders_ui_deployer.stageAppTask#
######org.cloudfoundry.multiapps.controller.persistence.services.ProcessLogger########flowable-async-job-executor-thread-39807###
[PollStageAppStatusExecution] [CAP_Orders_ui_deployer] f81dcb01-5946-4e29-975c-601cf8392979 [Fri Sep 25 07:54:47 UTC 2020] Downloaded binary_buildpack (STDOUT, STG)#

#2.0#2020 09 25 07:54:54.148#Z#DEBUG#com.sap.cloud.lm.sl.xs2.e524a4d0-ff03-11ea-a951-eeee0a9fa619.CAP_Orders_ui_deployer.stageAppTask#
######org.cloudfoundry.multiapps.controller.persistence.services.ProcessLogger########flowable-async-job-executor-thread-39807###
[PollStageAppStatusExecution] [CAP_Orders_ui_deployer] f81dcb01-5946-4e29-975c-601cf8392979 [Fri Sep 25 07:54:47 UTC 2020] Downloading php_buildpack... (STDOUT, STG)#

#2.0#2020 09 25 07:54:54.148#Z#DEBUG#com.sap.cloud.lm.sl.xs2.e524a4d0-ff03-11ea-a951-eeee0a9fa619.CAP_Orders_ui_deployer.stageAppTask#
######org.cloudfoundry.multiapps.controller.persistence.services.ProcessLogger########flowable-async-job-executor-thread-39807###
[PollStageAppStatusExecution] [CAP_Orders_ui_deployer] f81dcb01-5946-4e29-975c-601cf8392979 [Fri Sep 25 07:54:47 UTC 2020] Downloaded sap_java_buildpack_1_26 (STDOUT, STG)#

#2.0#2020 09 25 07:54:54.148#Z#DEBUG#com.sap.cloud.lm.sl.xs2.e524a4d0-ff03-11ea-a951-eeee0a9fa619.CAP_Orders_ui_deployer.stageAppTask#
######org.cloudfoundry.multiapps.controller.persistence.services.ProcessLogger########flowable-async-job-executor-thread-39807###
[PollStageAppStatusExecution] [CAP_Orders_ui_deployer] f81dcb01-5946-4e29-975c-601cf8392979 [Fri Sep 25 07:54:47 UTC 2020] Downloading nginx_buildpack... (STDOUT, STG)#

#2.0#2020 09 25 07:54:54.148#Z#DEBUG#com.sap.cloud.lm.sl.xs2.e524a4d0-ff03-11ea-a951-eeee0a9fa619.CAP_Orders_ui_deployer.stageAppTask#
######org.cloudfoundry.multiapps.controller.persistence.services.ProcessLogger########flowable-async-job-executor-thread-39807###
[PollStageAppStatusExecution] [CAP_Orders_ui_deployer] f81dcb01-5946-4e29-975c-601cf8392979 [Fri Sep 25 07:54:47 UTC 2020] Downloaded python_buildpack (STDOUT, STG)#

#2.0#2020 09 25 07:54:54.148#Z#DEBUG#com.sap.cloud.lm.sl.xs2.e524a4d0-ff03-11ea-a951-eeee0a9fa619.CAP_Orders_ui_deployer.stageAppTask#
######org.cloudfoundry.multiapps.controller.persistence.services.ProcessLogger########flowable-async-job-executor-thread-39807###
[PollStageAppStatusExecution] [CAP_Orders_ui_deployer] f81dcb01-5946-4e29-975c-601cf8392979 [Fri Sep 25 07:54:47 UTC 2020] Downloading r_buildpack... (STDOUT, STG)#

#2.0#2020 09 25 07:54:54.149#Z#DEBUG#com.sap.cloud.lm.sl.xs2.e524a4d0-ff03-11ea-a951-eeee0a9fa619.CAP_Orders_ui_deployer.stageAppTask#
######org.cloudfoundry.multiapps.controller.persistence.services.ProcessLogger########flowable-async-job-executor-thread-39807###
[PollStageAppStatusExecution] [CAP_Orders_ui_deployer] f81dcb01-5946-4e29-975c-601cf8392979 [Fri Sep 25 07:54:47 UTC 2020] Downloaded ruby_buildpack (STDOUT, STG)#

#2.0#2020 09 25 07:54:54.149#Z#DEBUG#com.sap.cloud.lm.sl.xs2.e524a4d0-ff03-11ea-a951-eeee0a9fa619.CAP_Orders_ui_deployer.stageAppTask#
######org.cloudfoundry.multiapps.controller.persistence.services.ProcessLogger########flowable-async-job-executor-thread-39807###
[PollStageAppStatusExecution] [CAP_Orders_ui_deployer] f81dcb01-5946-4e29-975c-601cf8392979 [Fri Sep 25 07:54:47 UTC 2020] Downloading uas_dataflow_server_buildpack... (STDOUT, STG)#

#2.0#2020 09 25 07:54:54.149#Z#DEBUG#com.sap.cloud.lm.sl.xs2.e524a4d0-ff03-11ea-a951-eeee0a9fa619.CAP_Orders_ui_deployer.stageAppTask#
######org.cloudfoundry.multiapps.controller.persistence.services.ProcessLogger########flowable-async-job-executor-thread-39807###
[PollStageAppStatusExecution] [CAP_Orders_ui_deployer] f81dcb01-5946-4e29-975c-601cf8392979 [Fri Sep 25 07:54:47 UTC 2020] Downloaded sap_java_buildpack_1_27 (STDOUT, STG)#

#2.0#2020 09 25 07:54:54.149#Z#DEBUG#com.sap.cloud.lm.sl.xs2.e524a4d0-ff03-11ea-a951-eeee0a9fa619.CAP_Orders_ui_deployer.stageAppTask#
######org.cloudfoundry.multiapps.controller.persistence.services.ProcessLogger########flowable-async-job-executor-thread-39807###
[PollStageAppStatusExecution] [CAP_Orders_ui_deployer] f81dcb01-5946-4e29-975c-601cf8392979 [Fri Sep 25 07:54:47 UTC 2020] Downloading dotnet_core_buildpack... (STDOUT, STG)#

#2.0#2020 09 25 07:54:54.149#Z#DEBUG#com.sap.cloud.lm.sl.xs2.e524a4d0-ff03-11ea-a951-eeee0a9fa619.CAP_Orders_ui_deployer.stageAppTask#
######org.cloudfoundry.multiapps.controller.persistence.services.ProcessLogger########flowable-async-job-executor-thread-39807###
[PollStageAppStatusExecution] [CAP_Orders_ui_deployer] f81dcb01-5946-4e29-975c-601cf8392979 [Fri Sep 25 07:54:47 UTC 2020] Downloaded go_buildpack (STDOUT, STG)#

#2.0#2020 09 25 07:54:54.149#Z#DEBUG#com.sap.cloud.lm.sl.xs2.e524a4d0-ff03-11ea-a951-eeee0a9fa619.CAP_Orders_ui_deployer.stageAppTask#
######org.cloudfoundry.multiapps.controller.persistence.services.ProcessLogger########flowable-async-job-executor-thread-39807###
[PollStageAppStatusExecution] [CAP_Orders_ui_deployer] f81dcb01-5946-4e29-975c-601cf8392979 [Fri Sep 25 07:54:47 UTC 2020] Downloading staticfile_buildpack... (STDOUT, STG)#

#2.0#2020 09 25 07:54:54.149#Z#DEBUG#com.sap.cloud.lm.sl.xs2.e524a4d0-ff03-11ea-a951-eeee0a9fa619.CAP_Orders_ui_deployer.stageAppTask#
######org.cloudfoundry.multiapps.controller.persistence.services.ProcessLogger########flowable-async-job-executor-thread-39807###
[PollStageAppStatusExecution] [CAP_Orders_ui_deployer] f81dcb01-5946-4e29-975c-601cf8392979 [Fri Sep 25 07:54:47 UTC 2020] Downloaded php_buildpack (STDOUT, STG)#

#2.0#2020 09 25 07:54:54.149#Z#DEBUG#com.sap.cloud.lm.sl.xs2.e524a4d0-ff03-11ea-a951-eeee0a9fa619.CAP_Orders_ui_deployer.stageAppTask#
######org.cloudfoundry.multiapps.controller.persistence.services.ProcessLogger########flowable-async-job-executor-thread-39807###
[PollStageAppStatusExecution] [CAP_Orders_ui_deployer] f81dcb01-5946-4e29-975c-601cf8392979 [Fri Sep 25 07:54:47 UTC 2020] Downloaded nginx_buildpack (STDOUT, STG)#

#2.0#2020 09 25 07:54:54.149#Z#DEBUG#com.sap.cloud.lm.sl.xs2.e524a4d0-ff03-11ea-a951-eeee0a9fa619.CAP_Orders_ui_deployer.stageAppTask#
######org.cloudfoundry.multiapps.controller.persistence.services.ProcessLogger########flowable-async-job-executor-thread-39807###
[PollStageAppStatusExecution] [CAP_Orders_ui_deployer] f81dcb01-5946-4e29-975c-601cf8392979 [Fri Sep 25 07:54:47 UTC 2020] Downloaded uas_dataflow_server_buildpack (STDOUT, STG)#

#2.0#2020 09 25 07:54:54.149#Z#DEBUG#com.sap.cloud.lm.sl.xs2.e524a4d0-ff03-11ea-a951-eeee0a9fa619.CAP_Orders_ui_deployer.stageAppTask#
######org.cloudfoundry.multiapps.controller.persistence.services.ProcessLogger########flowable-async-job-executor-thread-39807###
[PollStageAppStatusExecution] [CAP_Orders_ui_deployer] f81dcb01-5946-4e29-975c-601cf8392979 [Fri Sep 25 07:54:47 UTC 2020] Downloading sap_java_buildpack... (STDOUT, STG)#

#2.0#2020 09 25 07:54:54.149#Z#DEBUG#com.sap.cloud.lm.sl.xs2.e524a4d0-ff03-11ea-a951-eeee0a9fa619.CAP_Orders_ui_deployer.stageAppTask#
######org.cloudfoundry.multiapps.controller.persistence.services.ProcessLogger########flowable-async-job-executor-thread-39807###
[PollStageAppStatusExecution] [CAP_Orders_ui_deployer] f81dcb01-5946-4e29-975c-601cf8392979 [Fri Sep 25 07:54:47 UTC 2020] Downloaded r_buildpack (STDOUT, STG)#

#2.0#2020 09 25 07:54:54.149#Z#DEBUG#com.sap.cloud.lm.sl.xs2.e524a4d0-ff03-11ea-a951-eeee0a9fa619.CAP_Orders_ui_deployer.stageAppTask#
######org.cloudfoundry.multiapps.controller.persistence.services.ProcessLogger########flowable-async-job-executor-thread-39807###
[PollStageAppStatusExecution] [CAP_Orders_ui_deployer] f81dcb01-5946-4e29-975c-601cf8392979 [Fri Sep 25 07:54:47 UTC 2020] Downloaded sap_java_buildpack (STDOUT, STG)#

#2.0#2020 09 25 07:54:54.149#Z#DEBUG#com.sap.cloud.lm.sl.xs2.e524a4d0-ff03-11ea-a951-eeee0a9fa619.CAP_Orders_ui_deployer.stageAppTask#
######org.cloudfoundry.multiapps.controller.persistence.services.ProcessLogger########flowable-async-job-executor-thread-39807###
[PollStageAppStatusExecution] [CAP_Orders_ui_deployer] f81dcb01-5946-4e29-975c-601cf8392979 [Fri Sep 25 07:54:47 UTC 2020] Downloaded staticfile_buildpack (STDOUT, STG)#

#2.0#2020 09 25 07:54:54.149#Z#DEBUG#com.sap.cloud.lm.sl.xs2.e524a4d0-ff03-11ea-a951-eeee0a9fa619.CAP_Orders_ui_deployer.stageAppTask#
######org.cloudfoundry.multiapps.controller.persistence.services.ProcessLogger########flowable-async-job-executor-thread-39807###
[PollStageAppStatusExecution] [CAP_Orders_ui_deployer] f81dcb01-5946-4e29-975c-601cf8392979 [Fri Sep 25 07:54:47 UTC 2020] Cell fe40fbae-9051-4aa7-a6c8-361769afbec0 creating container for instance e940bb6a-7ab8-4ce3-b127-497ae762f6e4 (STDOUT, STG)#

#2.0#2020 09 25 07:54:54.149#Z#DEBUG#com.sap.cloud.lm.sl.xs2.e524a4d0-ff03-11ea-a951-eeee0a9fa619.CAP_Orders_ui_deployer.stageAppTask#
######org.cloudfoundry.multiapps.controller.persistence.services.ProcessLogger########flowable-async-job-executor-thread-39807###
[PollStageAppStatusExecution] [CAP_Orders_ui_deployer] f81dcb01-5946-4e29-975c-601cf8392979 [Fri Sep 25 07:54:47 UTC 2020] Downloaded dotnet_core_buildpack (STDOUT, STG)#

#2.0#2020 09 25 07:54:54.149#Z#DEBUG#com.sap.cloud.lm.sl.xs2.e524a4d0-ff03-11ea-a951-eeee0a9fa619.CAP_Orders_ui_deployer.stageAppTask#
######org.cloudfoundry.multiapps.controller.persistence.services.ProcessLogger########flowable-async-job-executor-thread-39807###
[PollStageAppStatusExecution] [CAP_Orders_ui_deployer] f81dcb01-5946-4e29-975c-601cf8392979 [Fri Sep 25 07:54:48 UTC 2020] Cell fe40fbae-9051-4aa7-a6c8-361769afbec0 successfully created container for instance e940bb6a-7ab8-4ce3-b127-497ae762f6e4 (STDOUT, STG)#

#2.0#2020 09 25 07:54:54.149#Z#DEBUG#com.sap.cloud.lm.sl.xs2.e524a4d0-ff03-11ea-a951-eeee0a9fa619.CAP_Orders_ui_deployer.stageAppTask#
######org.cloudfoundry.multiapps.controller.persistence.services.ProcessLogger########flowable-async-job-executor-thread-39807###
[PollStageAppStatusExecution] [CAP_Orders_ui_deployer] f81dcb01-5946-4e29-975c-601cf8392979 [Fri Sep 25 07:54:48 UTC 2020] Downloading build artifacts cache... (STDOUT, STG)#

#2.0#2020 09 25 07:54:54.149#Z#DEBUG#com.sap.cloud.lm.sl.xs2.e524a4d0-ff03-11ea-a951-eeee0a9fa619.CAP_Orders_ui_deployer.stageAppTask#
######org.cloudfoundry.multiapps.controller.persistence.services.ProcessLogger########flowable-async-job-executor-thread-39807###
[PollStageAppStatusExecution] [CAP_Orders_ui_deployer] f81dcb01-5946-4e29-975c-601cf8392979 [Fri Sep 25 07:54:48 UTC 2020] Downloading app package... (STDOUT, STG)#

#2.0#2020 09 25 07:54:54.149#Z#DEBUG#com.sap.cloud.lm.sl.xs2.e524a4d0-ff03-11ea-a951-eeee0a9fa619.CAP_Orders_ui_deployer.stageAppTask#
######org.cloudfoundry.multiapps.controller.persistence.services.ProcessLogger########flowable-async-job-executor-thread-39807###
[PollStageAppStatusExecution] [CAP_Orders_ui_deployer] f81dcb01-5946-4e29-975c-601cf8392979 [Fri Sep 25 07:54:48 UTC 2020] Downloaded build artifacts cache (214B) (STDOUT, STG)#

#2.0#2020 09 25 07:54:54.149#Z#DEBUG#com.sap.cloud.lm.sl.xs2.e524a4d0-ff03-11ea-a951-eeee0a9fa619.CAP_Orders_ui_deployer.stageAppTask#
######org.cloudfoundry.multiapps.controller.persistence.services.ProcessLogger########flowable-async-job-executor-thread-39807###
[PollStageAppStatusExecution] [CAP_Orders_ui_deployer] f81dcb01-5946-4e29-975c-601cf8392979 [Fri Sep 25 07:54:48 UTC 2020] Downloaded app package (2.5M) (STDOUT, STG)#

#2.0#2020 09 25 07:54:54.149#Z#DEBUG#com.sap.cloud.lm.sl.xs2.e524a4d0-ff03-11ea-a951-eeee0a9fa619.CAP_Orders_ui_deployer.stageAppTask#
######org.cloudfoundry.multiapps.controller.persistence.services.ProcessLogger########flowable-async-job-executor-thread-39807###
[PollStageAppStatusExecution] [CAP_Orders_ui_deployer] f81dcb01-5946-4e29-975c-601cf8392979 [Fri Sep 25 07:54:49 UTC 2020] -----> Nodejs Buildpack version 1.7.25 (STDOUT, STG)#

#2.0#2020 09 25 07:54:54.149#Z#DEBUG#com.sap.cloud.lm.sl.xs2.e524a4d0-ff03-11ea-a951-eeee0a9fa619.CAP_Orders_ui_deployer.stageAppTask#
######org.cloudfoundry.multiapps.controller.persistence.services.ProcessLogger########flowable-async-job-executor-thread-39807###
[PollStageAppStatusExecution] [CAP_Orders_ui_deployer] f81dcb01-5946-4e29-975c-601cf8392979 [Fri Sep 25 07:54:49 UTC 2020]        Copy [/tmp/buildpacks/9a3f8940f65f57db0a8d6536c33233b8/dependencies/e51d3df8fc7149ddd7abb5a679730d69/node_10.22.0_linux_x64_cflinuxfs3_43616969.tgz] (STDOUT, STG)#

#2.0#2020 09 25 07:54:54.149#Z#DEBUG#com.sap.cloud.lm.sl.xs2.e524a4d0-ff03-11ea-a951-eeee0a9fa619.CAP_Orders_ui_deployer.stageAppTask#
######org.cloudfoundry.multiapps.controller.persistence.services.ProcessLogger########flowable-async-job-executor-thread-39807###
[PollStageAppStatusExecution] [CAP_Orders_ui_deployer] f81dcb01-5946-4e29-975c-601cf8392979 [Fri Sep 25 07:54:49 UTC 2020] -----> Installing node 10.22.0 (STDOUT, STG)#

#2.0#2020 09 25 07:54:54.149#Z#DEBUG#com.sap.cloud.lm.sl.xs2.e524a4d0-ff03-11ea-a951-eeee0a9fa619.CAP_Orders_ui_deployer.stageAppTask#
######org.cloudfoundry.multiapps.controller.persistence.services.ProcessLogger########flowable-async-job-executor-thread-39807###
[PollStageAppStatusExecution] [CAP_Orders_ui_deployer] f81dcb01-5946-4e29-975c-601cf8392979 [Fri Sep 25 07:54:49 UTC 2020]        engines.npm (package.json): unspecified (use default) (STDOUT, STG)#

#2.0#2020 09 25 07:54:54.149#Z#DEBUG#com.sap.cloud.lm.sl.xs2.e524a4d0-ff03-11ea-a951-eeee0a9fa619.CAP_Orders_ui_deployer.stageAppTask#
######org.cloudfoundry.multiapps.controller.persistence.services.ProcessLogger########flowable-async-job-executor-thread-39807###
[PollStageAppStatusExecution] [CAP_Orders_ui_deployer] f81dcb01-5946-4e29-975c-601cf8392979 [Fri Sep 25 07:54:49 UTC 2020]        engines.node (package.json): ^10.0.0 (STDOUT, STG)#

#2.0#2020 09 25 07:54:54.149#Z#DEBUG#com.sap.cloud.lm.sl.xs2.e524a4d0-ff03-11ea-a951-eeee0a9fa619.CAP_Orders_ui_deployer.stageAppTask#
######org.cloudfoundry.multiapps.controller.persistence.services.ProcessLogger########flowable-async-job-executor-thread-39807###
[PollStageAppStatusExecution] [CAP_Orders_ui_deployer] f81dcb01-5946-4e29-975c-601cf8392979 [Fri Sep 25 07:54:49 UTC 2020] -----> Installing binaries (STDOUT, STG)#

#2.0#2020 09 25 07:54:54.149#Z#DEBUG#com.sap.cloud.lm.sl.xs2.e524a4d0-ff03-11ea-a951-eeee0a9fa619.CAP_Orders_ui_deployer.stageAppTask#
######org.cloudfoundry.multiapps.controller.persistence.services.ProcessLogger########flowable-async-job-executor-thread-39807###
[PollStageAppStatusExecution] [CAP_Orders_ui_deployer] f81dcb01-5946-4e29-975c-601cf8392979 [Fri Sep 25 07:54:50 UTC 2020]        Copy [/tmp/buildpacks/9a3f8940f65f57db0a8d6536c33233b8/dependencies/d9f0c5147bcb9ee798f041978c157822/yarn-1.22.4-any-stack-24ca2294.tgz] (STDOUT, STG)#

#2.0#2020 09 25 07:54:54.149#Z#DEBUG#com.sap.cloud.lm.sl.xs2.e524a4d0-ff03-11ea-a951-eeee0a9fa619.CAP_Orders_ui_deployer.stageAppTask#
######org.cloudfoundry.multiapps.controller.persistence.services.ProcessLogger########flowable-async-job-executor-thread-39807###
[PollStageAppStatusExecution] [CAP_Orders_ui_deployer] f81dcb01-5946-4e29-975c-601cf8392979 [Fri Sep 25 07:54:50 UTC 2020] -----> Installing yarn 1.22.4 (STDOUT, STG)#

#2.0#2020 09 25 07:54:54.149#Z#DEBUG#com.sap.cloud.lm.sl.xs2.e524a4d0-ff03-11ea-a951-eeee0a9fa619.CAP_Orders_ui_deployer.stageAppTask#
######org.cloudfoundry.multiapps.controller.persistence.services.ProcessLogger########flowable-async-job-executor-thread-39807###
[PollStageAppStatusExecution] [CAP_Orders_ui_deployer] f81dcb01-5946-4e29-975c-601cf8392979 [Fri Sep 25 07:54:50 UTC 2020]        Using default npm version: 6.14.6 (STDOUT, STG)#

#2.0#2020 09 25 07:54:54.149#Z#DEBUG#com.sap.cloud.lm.sl.xs2.e524a4d0-ff03-11ea-a951-eeee0a9fa619.CAP_Orders_ui_deployer.stageAppTask#
######org.cloudfoundry.multiapps.controller.persistence.services.ProcessLogger########flowable-async-job-executor-thread-39807###
[PollStageAppStatusExecution] [CAP_Orders_ui_deployer] f81dcb01-5946-4e29-975c-601cf8392979 [Fri Sep 25 07:54:50 UTC 2020] -----> Creating runtime environment (STDOUT, STG)#

#2.0#2020 09 25 07:54:54.149#Z#DEBUG#com.sap.cloud.lm.sl.xs2.e524a4d0-ff03-11ea-a951-eeee0a9fa619.CAP_Orders_ui_deployer.stageAppTask#
######org.cloudfoundry.multiapps.controller.persistence.services.ProcessLogger########flowable-async-job-executor-thread-39807###
[PollStageAppStatusExecution] [CAP_Orders_ui_deployer] f81dcb01-5946-4e29-975c-601cf8392979 [Fri Sep 25 07:54:50 UTC 2020]        Installed yarn 1.22.4 (STDOUT, STG)#

#2.0#2020 09 25 07:54:54.149#Z#DEBUG#com.sap.cloud.lm.sl.xs2.e524a4d0-ff03-11ea-a951-eeee0a9fa619.CAP_Orders_ui_deployer.stageAppTask#
######org.cloudfoundry.multiapps.controller.persistence.services.ProcessLogger########flowable-async-job-executor-thread-39807###
[PollStageAppStatusExecution] [CAP_Orders_ui_deployer] f81dcb01-5946-4e29-975c-601cf8392979 [Fri Sep 25 07:54:50 UTC 2020]        Rebuilding any native modules (STDOUT, STG)#

#2.0#2020 09 25 07:54:54.149#Z#DEBUG#com.sap.cloud.lm.sl.xs2.e524a4d0-ff03-11ea-a951-eeee0a9fa619.CAP_Orders_ui_deployer.stageAppTask#
######org.cloudfoundry.multiapps.controller.persistence.services.ProcessLogger########flowable-async-job-executor-thread-39807###
[PollStageAppStatusExecution] [CAP_Orders_ui_deployer] f81dcb01-5946-4e29-975c-601cf8392979 [Fri Sep 25 07:54:50 UTC 2020]        Prebuild detected (node_modules already exists) (STDOUT, STG)#

#2.0#2020 09 25 07:54:54.150#Z#DEBUG#com.sap.cloud.lm.sl.xs2.e524a4d0-ff03-11ea-a951-eeee0a9fa619.CAP_Orders_ui_deployer.stageAppTask#
######org.cloudfoundry.multiapps.controller.persistence.services.ProcessLogger########flowable-async-job-executor-thread-39807###
[PollStageAppStatusExecution] [CAP_Orders_ui_deployer] f81dcb01-5946-4e29-975c-601cf8392979 [Fri Sep 25 07:54:50 UTC 2020] -----> Building dependencies (STDOUT, STG)#

#2.0#2020 09 25 07:54:54.150#Z#DEBUG#com.sap.cloud.lm.sl.xs2.e524a4d0-ff03-11ea-a951-eeee0a9fa619.CAP_Orders_ui_deployer.stageAppTask#
######org.cloudfoundry.multiapps.controller.persistence.services.ProcessLogger########flowable-async-job-executor-thread-39807###
[PollStageAppStatusExecution] [CAP_Orders_ui_deployer] f81dcb01-5946-4e29-975c-601cf8392979 [Fri Sep 25 07:54:50 UTC 2020]        NPM_CONFIG_PRODUCTION=true (STDOUT, STG)#

#2.0#2020 09 25 07:54:54.150#Z#DEBUG#com.sap.cloud.lm.sl.xs2.e524a4d0-ff03-11ea-a951-eeee0a9fa619.CAP_Orders_ui_deployer.stageAppTask#
######org.cloudfoundry.multiapps.controller.persistence.services.ProcessLogger########flowable-async-job-executor-thread-39807###
[PollStageAppStatusExecution] [CAP_Orders_ui_deployer] f81dcb01-5946-4e29-975c-601cf8392979 [Fri Sep 25 07:54:50 UTC 2020]        NPM_CONFIG_LOGLEVEL=error (STDOUT, STG)#

#2.0#2020 09 25 07:54:54.150#Z#DEBUG#com.sap.cloud.lm.sl.xs2.e524a4d0-ff03-11ea-a951-eeee0a9fa619.CAP_Orders_ui_deployer.stageAppTask#
######org.cloudfoundry.multiapps.controller.persistence.services.ProcessLogger########flowable-async-job-executor-thread-39807###
[PollStageAppStatusExecution] [CAP_Orders_ui_deployer] f81dcb01-5946-4e29-975c-601cf8392979 [Fri Sep 25 07:54:50 UTC 2020]        NODE_VERBOSE=false (STDOUT, STG)#

#2.0#2020 09 25 07:54:54.150#Z#DEBUG#com.sap.cloud.lm.sl.xs2.e524a4d0-ff03-11ea-a951-eeee0a9fa619.CAP_Orders_ui_deployer.stageAppTask#
######org.cloudfoundry.multiapps.controller.persistence.services.ProcessLogger########flowable-async-job-executor-thread-39807###
[PollStageAppStatusExecution] [CAP_Orders_ui_deployer] f81dcb01-5946-4e29-975c-601cf8392979 [Fri Sep 25 07:54:50 UTC 2020]        NODE_MODULES_CACHE=true (STDOUT, STG)#

#2.0#2020 09 25 07:54:54.150#Z#DEBUG#com.sap.cloud.lm.sl.xs2.e524a4d0-ff03-11ea-a951-eeee0a9fa619.CAP_Orders_ui_deployer.stageAppTask#
######org.cloudfoundry.multiapps.controller.persistence.services.ProcessLogger########flowable-async-job-executor-thread-39807###
[PollStageAppStatusExecution] [CAP_Orders_ui_deployer] f81dcb01-5946-4e29-975c-601cf8392979 [Fri Sep 25 07:54:50 UTC 2020]        NODE_HOME=/tmp/contents879429251/deps/0/node (STDOUT, STG)#

#2.0#2020 09 25 07:54:54.150#Z#DEBUG#com.sap.cloud.lm.sl.xs2.e524a4d0-ff03-11ea-a951-eeee0a9fa619.CAP_Orders_ui_deployer.stageAppTask#
######org.cloudfoundry.multiapps.controller.persistence.services.ProcessLogger########flowable-async-job-executor-thread-39807###
[PollStageAppStatusExecution] [CAP_Orders_ui_deployer] f81dcb01-5946-4e29-975c-601cf8392979 [Fri Sep 25 07:54:50 UTC 2020]        NODE_ENV=production (STDOUT, STG)#

#2.0#2020 09 25 07:54:54.150#Z#DEBUG#com.sap.cloud.lm.sl.xs2.e524a4d0-ff03-11ea-a951-eeee0a9fa619.CAP_Orders_ui_deployer.stageAppTask#
######org.cloudfoundry.multiapps.controller.persistence.services.ProcessLogger########flowable-async-job-executor-thread-39807###
[PollStageAppStatusExecution] [CAP_Orders_ui_deployer] f81dcb01-5946-4e29-975c-601cf8392979 [Fri Sep 25 07:54:51 UTC 2020] uuid@3.4.0 /tmp/app/node_modules/request/node_modules/uuid (STDOUT, STG)#

#2.0#2020 09 25 07:54:54.150#Z#DEBUG#com.sap.cloud.lm.sl.xs2.e524a4d0-ff03-11ea-a951-eeee0a9fa619.CAP_Orders_ui_deployer.stageAppTask#
######org.cloudfoundry.multiapps.controller.persistence.services.ProcessLogger########flowable-async-job-executor-thread-39807###
[PollStageAppStatusExecution] [CAP_Orders_ui_deployer] f81dcb01-5946-4e29-975c-601cf8392979 [Fri Sep 25 07:54:51 UTC 2020] tunnel-agent@0.6.0 /tmp/app/node_modules/tunnel-agent (STDOUT, STG)#

#2.0#2020 09 25 07:54:54.150#Z#DEBUG#com.sap.cloud.lm.sl.xs2.e524a4d0-ff03-11ea-a951-eeee0a9fa619.CAP_Orders_ui_deployer.stageAppTask#
######org.cloudfoundry.multiapps.controller.persistence.services.ProcessLogger########flowable-async-job-executor-thread-39807###
[PollStageAppStatusExecution] [CAP_Orders_ui_deployer] f81dcb01-5946-4e29-975c-601cf8392979 [Fri Sep 25 07:54:51 UTC 2020] punycode@1.4.1 /tmp/app/node_modules/tough-cookie/node_modules/punycode (STDOUT, STG)#

#2.0#2020 09 25 07:54:54.150#Z#DEBUG#com.sap.cloud.lm.sl.xs2.e524a4d0-ff03-11ea-a951-eeee0a9fa619.CAP_Orders_ui_deployer.stageAppTask#
######org.cloudfoundry.multiapps.controller.persistence.services.ProcessLogger########flowable-async-job-executor-thread-39807###
[PollStageAppStatusExecution] [CAP_Orders_ui_deployer] f81dcb01-5946-4e29-975c-601cf8392979 [Fri Sep 25 07:54:51 UTC 2020] psl@1.8.0 /tmp/app/node_modules/psl (STDOUT, STG)#

#2.0#2020 09 25 07:54:54.150#Z#DEBUG#com.sap.cloud.lm.sl.xs2.e524a4d0-ff03-11ea-a951-eeee0a9fa619.CAP_Orders_ui_deployer.stageAppTask#
######org.cloudfoundry.multiapps.controller.persistence.services.ProcessLogger########flowable-async-job-executor-thread-39807###
[PollStageAppStatusExecution] [CAP_Orders_ui_deployer] f81dcb01-5946-4e29-975c-601cf8392979 [Fri Sep 25 07:54:51 UTC 2020] tough-cookie@2.4.3 /tmp/app/node_modules/tough-cookie (STDOUT, STG)#

#2.0#2020 09 25 07:54:54.150#Z#DEBUG#com.sap.cloud.lm.sl.xs2.e524a4d0-ff03-11ea-a951-eeee0a9fa619.CAP_Orders_ui_deployer.stageAppTask#
######org.cloudfoundry.multiapps.controller.persistence.services.ProcessLogger########flowable-async-job-executor-thread-39807###
[PollStageAppStatusExecution] [CAP_Orders_ui_deployer] f81dcb01-5946-4e29-975c-601cf8392979 [Fri Sep 25 07:54:51 UTC 2020] qs@6.5.2 /tmp/app/node_modules/qs (STDOUT, STG)#

#2.0#2020 09 25 07:54:54.150#Z#DEBUG#com.sap.cloud.lm.sl.xs2.e524a4d0-ff03-11ea-a951-eeee0a9fa619.CAP_Orders_ui_deployer.stageAppTask#
######org.cloudfoundry.multiapps.controller.persistence.services.ProcessLogger########flowable-async-job-executor-thread-39807###
[PollStageAppStatusExecution] [CAP_Orders_ui_deployer] f81dcb01-5946-4e29-975c-601cf8392979 [Fri Sep 25 07:54:51 UTC 2020] performance-now@2.1.0 /tmp/app/node_modules/performance-now (STDOUT, STG)#

#2.0#2020 09 25 07:54:54.150#Z#DEBUG#com.sap.cloud.lm.sl.xs2.e524a4d0-ff03-11ea-a951-eeee0a9fa619.CAP_Orders_ui_deployer.stageAppTask#
######org.cloudfoundry.multiapps.controller.persistence.services.ProcessLogger########flowable-async-job-executor-thread-39807###
[PollStageAppStatusExecution] [CAP_Orders_ui_deployer] f81dcb01-5946-4e29-975c-601cf8392979 [Fri Sep 25 07:54:51 UTC 2020] oauth-sign@0.9.0 /tmp/app/node_modules/oauth-sign (STDOUT, STG)#

#2.0#2020 09 25 07:54:54.150#Z#DEBUG#com.sap.cloud.lm.sl.xs2.e524a4d0-ff03-11ea-a951-eeee0a9fa619.CAP_Orders_ui_deployer.stageAppTask#
######org.cloudfoundry.multiapps.controller.persistence.services.ProcessLogger########flowable-async-job-executor-thread-39807###
[PollStageAppStatusExecution] [CAP_Orders_ui_deployer] f81dcb01-5946-4e29-975c-601cf8392979 [Fri Sep 25 07:54:51 UTC 2020] json-stringify-safe@5.0.1 /tmp/app/node_modules/json-stringify-safe (STDOUT, STG)#

#2.0#2020 09 25 07:54:54.150#Z#DEBUG#com.sap.cloud.lm.sl.xs2.e524a4d0-ff03-11ea-a951-eeee0a9fa619.CAP_Orders_ui_deployer.stageAppTask#
######org.cloudfoundry.multiapps.controller.persistence.services.ProcessLogger########flowable-async-job-executor-thread-39807###
[PollStageAppStatusExecution] [CAP_Orders_ui_deployer] f81dcb01-5946-4e29-975c-601cf8392979 [Fri Sep 25 07:54:51 UTC 2020] isstream@0.1.2 /tmp/app/node_modules/isstream (STDOUT, STG)#

#2.0#2020 09 25 07:54:54.150#Z#DEBUG#com.sap.cloud.lm.sl.xs2.e524a4d0-ff03-11ea-a951-eeee0a9fa619.CAP_Orders_ui_deployer.stageAppTask#
######org.cloudfoundry.multiapps.controller.persistence.services.ProcessLogger########flowable-async-job-executor-thread-39807###
[PollStageAppStatusExecution] [CAP_Orders_ui_deployer] f81dcb01-5946-4e29-975c-601cf8392979 [Fri Sep 25 07:54:51 UTC 2020] is-typedarray@1.0.0 /tmp/app/node_modules/is-typedarray (STDOUT, STG)#

#2.0#2020 09 25 07:54:54.150#Z#DEBUG#com.sap.cloud.lm.sl.xs2.e524a4d0-ff03-11ea-a951-eeee0a9fa619.CAP_Orders_ui_deployer.stageAppTask#
######org.cloudfoundry.multiapps.controller.persistence.services.ProcessLogger########flowable-async-job-executor-thread-39807###
[PollStageAppStatusExecution] [CAP_Orders_ui_deployer] f81dcb01-5946-4e29-975c-601cf8392979 [Fri Sep 25 07:54:51 UTC 2020] getpass@0.1.7 /tmp/app/node_modules/getpass (STDOUT, STG)#

#2.0#2020 09 25 07:54:54.150#Z#DEBUG#com.sap.cloud.lm.sl.xs2.e524a4d0-ff03-11ea-a951-eeee0a9fa619.CAP_Orders_ui_deployer.stageAppTask#
######org.cloudfoundry.multiapps.controller.persistence.services.ProcessLogger########flowable-async-job-executor-thread-39807###
[PollStageAppStatusExecution] [CAP_Orders_ui_deployer] f81dcb01-5946-4e29-975c-601cf8392979 [Fri Sep 25 07:54:51 UTC 2020] jsbn@0.1.1 /tmp/app/node_modules/jsbn (STDOUT, STG)#

#2.0#2020 09 25 07:54:54.150#Z#DEBUG#com.sap.cloud.lm.sl.xs2.e524a4d0-ff03-11ea-a951-eeee0a9fa619.CAP_Orders_ui_deployer.stageAppTask#
######org.cloudfoundry.multiapps.controller.persistence.services.ProcessLogger########flowable-async-job-executor-thread-39807###
[PollStageAppStatusExecution] [CAP_Orders_ui_deployer] f81dcb01-5946-4e29-975c-601cf8392979 [Fri Sep 25 07:54:51 UTC 2020] ecc-jsbn@0.1.2 /tmp/app/node_modules/ecc-jsbn (STDOUT, STG)#

#2.0#2020 09 25 07:54:54.150#Z#DEBUG#com.sap.cloud.lm.sl.xs2.e524a4d0-ff03-11ea-a951-eeee0a9fa619.CAP_Orders_ui_deployer.stageAppTask#
######org.cloudfoundry.multiapps.controller.persistence.services.ProcessLogger########flowable-async-job-executor-thread-39807###
[PollStageAppStatusExecution] [CAP_Orders_ui_deployer] f81dcb01-5946-4e29-975c-601cf8392979 [Fri Sep 25 07:54:51 UTC 2020] dashdash@1.14.1 /tmp/app/node_modules/dashdash (STDOUT, STG)#

#2.0#2020 09 25 07:54:54.150#Z#DEBUG#com.sap.cloud.lm.sl.xs2.e524a4d0-ff03-11ea-a951-eeee0a9fa619.CAP_Orders_ui_deployer.stageAppTask#
######org.cloudfoundry.multiapps.controller.persistence.services.ProcessLogger########flowable-async-job-executor-thread-39807###
[PollStageAppStatusExecution] [CAP_Orders_ui_deployer] f81dcb01-5946-4e29-975c-601cf8392979 [Fri Sep 25 07:54:51 UTC 2020] tweetnacl@0.14.5 /tmp/app/node_modules/tweetnacl (STDOUT, STG)#

#2.0#2020 09 25 07:54:54.150#Z#DEBUG#com.sap.cloud.lm.sl.xs2.e524a4d0-ff03-11ea-a951-eeee0a9fa619.CAP_Orders_ui_deployer.stageAppTask#
######org.cloudfoundry.multiapps.controller.persistence.services.ProcessLogger########flowable-async-job-executor-thread-39807###
[PollStageAppStatusExecution] [CAP_Orders_ui_deployer] f81dcb01-5946-4e29-975c-601cf8392979 [Fri Sep 25 07:54:51 UTC 2020] bcrypt-pbkdf@1.0.2 /tmp/app/node_modules/bcrypt-pbkdf (STDOUT, STG)#

#2.0#2020 09 25 07:54:54.150#Z#DEBUG#com.sap.cloud.lm.sl.xs2.e524a4d0-ff03-11ea-a951-eeee0a9fa619.CAP_Orders_ui_deployer.stageAppTask#
######org.cloudfoundry.multiapps.controller.persistence.services.ProcessLogger########flowable-async-job-executor-thread-39807###
[PollStageAppStatusExecution] [CAP_Orders_ui_deployer] f81dcb01-5946-4e29-975c-601cf8392979 [Fri Sep 25 07:54:51 UTC 2020] safer-buffer@2.1.2 /tmp/app/node_modules/safer-buffer (STDOUT, STG)#

#2.0#2020 09 25 07:54:54.150#Z#DEBUG#com.sap.cloud.lm.sl.xs2.e524a4d0-ff03-11ea-a951-eeee0a9fa619.CAP_Orders_ui_deployer.stageAppTask#
######org.cloudfoundry.multiapps.controller.persistence.services.ProcessLogger########flowable-async-job-executor-thread-39807###
[PollStageAppStatusExecution] [CAP_Orders_ui_deployer] f81dcb01-5946-4e29-975c-601cf8392979 [Fri Sep 25 07:54:51 UTC 2020] asn1@0.2.4 /tmp/app/node_modules/asn1 (STDOUT, STG)#

#2.0#2020 09 25 07:54:54.150#Z#DEBUG#com.sap.cloud.lm.sl.xs2.e524a4d0-ff03-11ea-a951-eeee0a9fa619.CAP_Orders_ui_deployer.stageAppTask#
######org.cloudfoundry.multiapps.controller.persistence.services.ProcessLogger########flowable-async-job-executor-thread-39807###
[PollStageAppStatusExecution] [CAP_Orders_ui_deployer] f81dcb01-5946-4e29-975c-601cf8392979 [Fri Sep 25 07:54:51 UTC 2020] sshpk@1.16.1 /tmp/app/node_modules/sshpk (STDOUT, STG)#

#2.0#2020 09 25 07:54:54.150#Z#DEBUG#com.sap.cloud.lm.sl.xs2.e524a4d0-ff03-11ea-a951-eeee0a9fa619.CAP_Orders_ui_deployer.stageAppTask#
######org.cloudfoundry.multiapps.controller.persistence.services.ProcessLogger########flowable-async-job-executor-thread-39807###
[PollStageAppStatusExecution] [CAP_Orders_ui_deployer] f81dcb01-5946-4e29-975c-601cf8392979 [Fri Sep 25 07:54:51 UTC 2020] verror@1.10.0 /tmp/app/node_modules/verror (STDOUT, STG)#

#2.0#2020 09 25 07:54:54.150#Z#DEBUG#com.sap.cloud.lm.sl.xs2.e524a4d0-ff03-11ea-a951-eeee0a9fa619.CAP_Orders_ui_deployer.stageAppTask#
######org.cloudfoundry.multiapps.controller.persistence.services.ProcessLogger########flowable-async-job-executor-thread-39807###
[PollStageAppStatusExecution] [CAP_Orders_ui_deployer] f81dcb01-5946-4e29-975c-601cf8392979 [Fri Sep 25 07:54:51 UTC 2020] json-schema@0.2.3 /tmp/app/node_modules/json-schema (STDOUT, STG)#

#2.0#2020 09 25 07:54:54.150#Z#DEBUG#com.sap.cloud.lm.sl.xs2.e524a4d0-ff03-11ea-a951-eeee0a9fa619.CAP_Orders_ui_deployer.stageAppTask#
######org.cloudfoundry.multiapps.controller.persistence.services.ProcessLogger########flowable-async-job-executor-thread-39807###
[PollStageAppStatusExecution] [CAP_Orders_ui_deployer] f81dcb01-5946-4e29-975c-601cf8392979 [Fri Sep 25 07:54:51 UTC 2020] extsprintf@1.3.0 /tmp/app/node_modules/extsprintf (STDOUT, STG)#

#2.0#2020 09 25 07:54:54.150#Z#DEBUG#com.sap.cloud.lm.sl.xs2.e524a4d0-ff03-11ea-a951-eeee0a9fa619.CAP_Orders_ui_deployer.stageAppTask#
######org.cloudfoundry.multiapps.controller.persistence.services.ProcessLogger########flowable-async-job-executor-thread-39807###
[PollStageAppStatusExecution] [CAP_Orders_ui_deployer] f81dcb01-5946-4e29-975c-601cf8392979 [Fri Sep 25 07:54:51 UTC 2020] jsprim@1.4.1 /tmp/app/node_modules/jsprim (STDOUT, STG)#

#2.0#2020 09 25 07:54:54.150#Z#DEBUG#com.sap.cloud.lm.sl.xs2.e524a4d0-ff03-11ea-a951-eeee0a9fa619.CAP_Orders_ui_deployer.stageAppTask#
######org.cloudfoundry.multiapps.controller.persistence.services.ProcessLogger########flowable-async-job-executor-thread-39807###
[PollStageAppStatusExecution] [CAP_Orders_ui_deployer] f81dcb01-5946-4e29-975c-601cf8392979 [Fri Sep 25 07:54:51 UTC 2020] assert-plus@1.0.0 /tmp/app/node_modules/assert-plus (STDOUT, STG)#

#2.0#2020 09 25 07:54:54.150#Z#DEBUG#com.sap.cloud.lm.sl.xs2.e524a4d0-ff03-11ea-a951-eeee0a9fa619.CAP_Orders_ui_deployer.stageAppTask#
######org.cloudfoundry.multiapps.controller.persistence.services.ProcessLogger########flowable-async-job-executor-thread-39807###
[PollStageAppStatusExecution] [CAP_Orders_ui_deployer] f81dcb01-5946-4e29-975c-601cf8392979 [Fri Sep 25 07:54:51 UTC 2020] http-signature@1.2.0 /tmp/app/node_modules/http-signature (STDOUT, STG)#

#2.0#2020 09 25 07:54:54.151#Z#DEBUG#com.sap.cloud.lm.sl.xs2.e524a4d0-ff03-11ea-a951-eeee0a9fa619.CAP_Orders_ui_deployer.stageAppTask#
######org.cloudfoundry.multiapps.controller.persistence.services.ProcessLogger########flowable-async-job-executor-thread-39807###
[PollStageAppStatusExecution] [CAP_Orders_ui_deployer] f81dcb01-5946-4e29-975c-601cf8392979 [Fri Sep 25 07:54:51 UTC 2020] har-schema@2.0.0 /tmp/app/node_modules/har-schema (STDOUT, STG)#

#2.0#2020 09 25 07:54:54.151#Z#DEBUG#com.sap.cloud.lm.sl.xs2.e524a4d0-ff03-11ea-a951-eeee0a9fa619.CAP_Orders_ui_deployer.stageAppTask#
######org.cloudfoundry.multiapps.controller.persistence.services.ProcessLogger########flowable-async-job-executor-thread-39807###
[PollStageAppStatusExecution] [CAP_Orders_ui_deployer] f81dcb01-5946-4e29-975c-601cf8392979 [Fri Sep 25 07:54:51 UTC 2020] punycode@2.1.1 /tmp/app/node_modules/punycode (STDOUT, STG)#

#2.0#2020 09 25 07:54:54.151#Z#DEBUG#com.sap.cloud.lm.sl.xs2.e524a4d0-ff03-11ea-a951-eeee0a9fa619.CAP_Orders_ui_deployer.stageAppTask#
######org.cloudfoundry.multiapps.controller.persistence.services.ProcessLogger########flowable-async-job-executor-thread-39807###
[PollStageAppStatusExecution] [CAP_Orders_ui_deployer] f81dcb01-5946-4e29-975c-601cf8392979 [Fri Sep 25 07:54:51 UTC 2020] uri-js@4.4.0 /tmp/app/node_modules/uri-js (STDOUT, STG)#

#2.0#2020 09 25 07:54:54.151#Z#DEBUG#com.sap.cloud.lm.sl.xs2.e524a4d0-ff03-11ea-a951-eeee0a9fa619.CAP_Orders_ui_deployer.stageAppTask#
######org.cloudfoundry.multiapps.controller.persistence.services.ProcessLogger########flowable-async-job-executor-thread-39807###
[PollStageAppStatusExecution] [CAP_Orders_ui_deployer] f81dcb01-5946-4e29-975c-601cf8392979 [Fri Sep 25 07:54:51 UTC 2020] json-schema-traverse@0.4.1 /tmp/app/node_modules/json-schema-traverse (STDOUT, STG)#

#2.0#2020 09 25 07:54:54.151#Z#DEBUG#com.sap.cloud.lm.sl.xs2.e524a4d0-ff03-11ea-a951-eeee0a9fa619.CAP_Orders_ui_deployer.stageAppTask#
######org.cloudfoundry.multiapps.controller.persistence.services.ProcessLogger########flowable-async-job-executor-thread-39807###
[PollStageAppStatusExecution] [CAP_Orders_ui_deployer] f81dcb01-5946-4e29-975c-601cf8392979 [Fri Sep 25 07:54:51 UTC 2020] fast-json-stable-stringify@2.1.0 /tmp/app/node_modules/fast-json-stable-stringify (STDOUT, STG)#

#2.0#2020 09 25 07:54:54.151#Z#DEBUG#com.sap.cloud.lm.sl.xs2.e524a4d0-ff03-11ea-a951-eeee0a9fa619.CAP_Orders_ui_deployer.stageAppTask#
######org.cloudfoundry.multiapps.controller.persistence.services.ProcessLogger########flowable-async-job-executor-thread-39807###
[PollStageAppStatusExecution] [CAP_Orders_ui_deployer] f81dcb01-5946-4e29-975c-601cf8392979 [Fri Sep 25 07:54:51 UTC 2020] fast-deep-equal@3.1.3 /tmp/app/node_modules/fast-deep-equal (STDOUT, STG)#

#2.0#2020 09 25 07:54:54.151#Z#DEBUG#com.sap.cloud.lm.sl.xs2.e524a4d0-ff03-11ea-a951-eeee0a9fa619.CAP_Orders_ui_deployer.stageAppTask#
######org.cloudfoundry.multiapps.controller.persistence.services.ProcessLogger########flowable-async-job-executor-thread-39807###
[PollStageAppStatusExecution] [CAP_Orders_ui_deployer] f81dcb01-5946-4e29-975c-601cf8392979 [Fri Sep 25 07:54:51 UTC 2020] ajv@6.12.5 /tmp/app/node_modules/ajv (STDOUT, STG)#

#2.0#2020 09 25 07:54:54.151#Z#DEBUG#com.sap.cloud.lm.sl.xs2.e524a4d0-ff03-11ea-a951-eeee0a9fa619.CAP_Orders_ui_deployer.stageAppTask#
######org.cloudfoundry.multiapps.controller.persistence.services.ProcessLogger########flowable-async-job-executor-thread-39807###
[PollStageAppStatusExecution] [CAP_Orders_ui_deployer] f81dcb01-5946-4e29-975c-601cf8392979 [Fri Sep 25 07:54:51 UTC 2020] har-validator@5.1.5 /tmp/app/node_modules/har-validator (STDOUT, STG)#

#2.0#2020 09 25 07:54:54.151#Z#DEBUG#com.sap.cloud.lm.sl.xs2.e524a4d0-ff03-11ea-a951-eeee0a9fa619.CAP_Orders_ui_deployer.stageAppTask#
######org.cloudfoundry.multiapps.controller.persistence.services.ProcessLogger########flowable-async-job-executor-thread-39807###
[PollStageAppStatusExecution] [CAP_Orders_ui_deployer] f81dcb01-5946-4e29-975c-601cf8392979 [Fri Sep 25 07:54:51 UTC 2020] mime-db@1.44.0 /tmp/app/node_modules/mime-db (STDOUT, STG)#

#2.0#2020 09 25 07:54:54.151#Z#DEBUG#com.sap.cloud.lm.sl.xs2.e524a4d0-ff03-11ea-a951-eeee0a9fa619.CAP_Orders_ui_deployer.stageAppTask#
######org.cloudfoundry.multiapps.controller.persistence.services.ProcessLogger########flowable-async-job-executor-thread-39807###
[PollStageAppStatusExecution] [CAP_Orders_ui_deployer] f81dcb01-5946-4e29-975c-601cf8392979 [Fri Sep 25 07:54:51 UTC 2020] mime-types@2.1.27 /tmp/app/node_modules/mime-types (STDOUT, STG)#

#2.0#2020 09 25 07:54:54.151#Z#DEBUG#com.sap.cloud.lm.sl.xs2.e524a4d0-ff03-11ea-a951-eeee0a9fa619.CAP_Orders_ui_deployer.stageAppTask#
######org.cloudfoundry.multiapps.controller.persistence.services.ProcessLogger########flowable-async-job-executor-thread-39807###
[PollStageAppStatusExecution] [CAP_Orders_ui_deployer] f81dcb01-5946-4e29-975c-601cf8392979 [Fri Sep 25 07:54:51 UTC 2020] asynckit@0.4.0 /tmp/app/node_modules/asynckit (STDOUT, STG)#

#2.0#2020 09 25 07:54:54.151#Z#DEBUG#com.sap.cloud.lm.sl.xs2.e524a4d0-ff03-11ea-a951-eeee0a9fa619.CAP_Orders_ui_deployer.stageAppTask#
######org.cloudfoundry.multiapps.controller.persistence.services.ProcessLogger########flowable-async-job-executor-thread-39807###
[PollStageAppStatusExecution] [CAP_Orders_ui_deployer] f81dcb01-5946-4e29-975c-601cf8392979 [Fri Sep 25 07:54:51 UTC 2020] form-data@2.3.3 /tmp/app/node_modules/form-data (STDOUT, STG)#

#2.0#2020 09 25 07:54:54.151#Z#DEBUG#com.sap.cloud.lm.sl.xs2.e524a4d0-ff03-11ea-a951-eeee0a9fa619.CAP_Orders_ui_deployer.stageAppTask#
######org.cloudfoundry.multiapps.controller.persistence.services.ProcessLogger########flowable-async-job-executor-thread-39807###
[PollStageAppStatusExecution] [CAP_Orders_ui_deployer] f81dcb01-5946-4e29-975c-601cf8392979 [Fri Sep 25 07:54:51 UTC 2020] forever-agent@0.6.1 /tmp/app/node_modules/forever-agent (STDOUT, STG)#

#2.0#2020 09 25 07:54:54.151#Z#DEBUG#com.sap.cloud.lm.sl.xs2.e524a4d0-ff03-11ea-a951-eeee0a9fa619.CAP_Orders_ui_deployer.stageAppTask#
######org.cloudfoundry.multiapps.controller.persistence.services.ProcessLogger########flowable-async-job-executor-thread-39807###
[PollStageAppStatusExecution] [CAP_Orders_ui_deployer] f81dcb01-5946-4e29-975c-601cf8392979 [Fri Sep 25 07:54:51 UTC 2020] extend@3.0.2 /tmp/app/node_modules/extend (STDOUT, STG)#

#2.0#2020 09 25 07:54:54.151#Z#DEBUG#com.sap.cloud.lm.sl.xs2.e524a4d0-ff03-11ea-a951-eeee0a9fa619.CAP_Orders_ui_deployer.stageAppTask#
######org.cloudfoundry.multiapps.controller.persistence.services.ProcessLogger########flowable-async-job-executor-thread-39807###
[PollStageAppStatusExecution] [CAP_Orders_ui_deployer] f81dcb01-5946-4e29-975c-601cf8392979 [Fri Sep 25 07:54:51 UTC 2020] delayed-stream@1.0.0 /tmp/app/node_modules/delayed-stream (STDOUT, STG)#

#2.0#2020 09 25 07:54:54.151#Z#DEBUG#com.sap.cloud.lm.sl.xs2.e524a4d0-ff03-11ea-a951-eeee0a9fa619.CAP_Orders_ui_deployer.stageAppTask#
######org.cloudfoundry.multiapps.controller.persistence.services.ProcessLogger########flowable-async-job-executor-thread-39807###
[PollStageAppStatusExecution] [CAP_Orders_ui_deployer] f81dcb01-5946-4e29-975c-601cf8392979 [Fri Sep 25 07:54:51 UTC 2020] combined-stream@1.0.8 /tmp/app/node_modules/combined-stream (STDOUT, STG)#

#2.0#2020 09 25 07:54:54.151#Z#DEBUG#com.sap.cloud.lm.sl.xs2.e524a4d0-ff03-11ea-a951-eeee0a9fa619.CAP_Orders_ui_deployer.stageAppTask#
######org.cloudfoundry.multiapps.controller.persistence.services.ProcessLogger########flowable-async-job-executor-thread-39807###
[PollStageAppStatusExecution] [CAP_Orders_ui_deployer] f81dcb01-5946-4e29-975c-601cf8392979 [Fri Sep 25 07:54:51 UTC 2020] caseless@0.12.0 /tmp/app/node_modules/caseless (STDOUT, STG)#

#2.0#2020 09 25 07:54:54.151#Z#DEBUG#com.sap.cloud.lm.sl.xs2.e524a4d0-ff03-11ea-a951-eeee0a9fa619.CAP_Orders_ui_deployer.stageAppTask#
######org.cloudfoundry.multiapps.controller.persistence.services.ProcessLogger########flowable-async-job-executor-thread-39807###
[PollStageAppStatusExecution] [CAP_Orders_ui_deployer] f81dcb01-5946-4e29-975c-601cf8392979 [Fri Sep 25 07:54:51 UTC 2020] aws4@1.10.1 /tmp/app/node_modules/aws4 (STDOUT, STG)#

#2.0#2020 09 25 07:54:54.151#Z#DEBUG#com.sap.cloud.lm.sl.xs2.e524a4d0-ff03-11ea-a951-eeee0a9fa619.CAP_Orders_ui_deployer.stageAppTask#
######org.cloudfoundry.multiapps.controller.persistence.services.ProcessLogger########flowable-async-job-executor-thread-39807###
[PollStageAppStatusExecution] [CAP_Orders_ui_deployer] f81dcb01-5946-4e29-975c-601cf8392979 [Fri Sep 25 07:54:51 UTC 2020] aws-sign2@0.7.0 /tmp/app/node_modules/aws-sign2 (STDOUT, STG)#

#2.0#2020 09 25 07:54:54.151#Z#DEBUG#com.sap.cloud.lm.sl.xs2.e524a4d0-ff03-11ea-a951-eeee0a9fa619.CAP_Orders_ui_deployer.stageAppTask#
######org.cloudfoundry.multiapps.controller.persistence.services.ProcessLogger########flowable-async-job-executor-thread-39807###
[PollStageAppStatusExecution] [CAP_Orders_ui_deployer] f81dcb01-5946-4e29-975c-601cf8392979 [Fri Sep 25 07:54:51 UTC 2020] request@2.88.0 /tmp/app/node_modules/request (STDOUT, STG)#

#2.0#2020 09 25 07:54:54.151#Z#DEBUG#com.sap.cloud.lm.sl.xs2.e524a4d0-ff03-11ea-a951-eeee0a9fa619.CAP_Orders_ui_deployer.stageAppTask#
######org.cloudfoundry.multiapps.controller.persistence.services.ProcessLogger########flowable-async-job-executor-thread-39807###
[PollStageAppStatusExecution] [CAP_Orders_ui_deployer] f81dcb01-5946-4e29-975c-601cf8392979 [Fri Sep 25 07:54:51 UTC 2020] file-type@7.6.0 /tmp/app/node_modules/file-type (STDOUT, STG)#

#2.0#2020 09 25 07:54:54.151#Z#DEBUG#com.sap.cloud.lm.sl.xs2.e524a4d0-ff03-11ea-a951-eeee0a9fa619.CAP_Orders_ui_deployer.stageAppTask#
######org.cloudfoundry.multiapps.controller.persistence.services.ProcessLogger########flowable-async-job-executor-thread-39807###
[PollStageAppStatusExecution] [CAP_Orders_ui_deployer] f81dcb01-5946-4e29-975c-601cf8392979 [Fri Sep 25 07:54:51 UTC 2020] uuid@3.0.1 /tmp/app/node_modules/uuid (STDOUT, STG)#

#2.0#2020 09 25 07:54:54.151#Z#DEBUG#com.sap.cloud.lm.sl.xs2.e524a4d0-ff03-11ea-a951-eeee0a9fa619.CAP_Orders_ui_deployer.stageAppTask#
######org.cloudfoundry.multiapps.controller.persistence.services.ProcessLogger########flowable-async-job-executor-thread-39807###
[PollStageAppStatusExecution] [CAP_Orders_ui_deployer] f81dcb01-5946-4e29-975c-601cf8392979 [Fri Sep 25 07:54:51 UTC 2020] cf-nodejs-logging-support@2.1.0 /tmp/app/node_modules/cf-nodejs-logging-support (STDOUT, STG)#

#2.0#2020 09 25 07:54:54.151#Z#DEBUG#com.sap.cloud.lm.sl.xs2.e524a4d0-ff03-11ea-a951-eeee0a9fa619.CAP_Orders_ui_deployer.stageAppTask#
######org.cloudfoundry.multiapps.controller.persistence.services.ProcessLogger########flowable-async-job-executor-thread-39807###
[PollStageAppStatusExecution] [CAP_Orders_ui_deployer] f81dcb01-5946-4e29-975c-601cf8392979 [Fri Sep 25 07:54:51 UTC 2020] ieee754@1.1.13 /tmp/app/node_modules/ieee754 (STDOUT, STG)#

#2.0#2020 09 25 07:54:54.151#Z#DEBUG#com.sap.cloud.lm.sl.xs2.e524a4d0-ff03-11ea-a951-eeee0a9fa619.CAP_Orders_ui_deployer.stageAppTask#
######org.cloudfoundry.multiapps.controller.persistence.services.ProcessLogger########flowable-async-job-executor-thread-39807###
[PollStageAppStatusExecution] [CAP_Orders_ui_deployer] f81dcb01-5946-4e29-975c-601cf8392979 [Fri Sep 25 07:54:51 UTC 2020] base64-js@1.3.1 /tmp/app/node_modules/base64-js (STDOUT, STG)#

#2.0#2020 09 25 07:54:54.151#Z#DEBUG#com.sap.cloud.lm.sl.xs2.e524a4d0-ff03-11ea-a951-eeee0a9fa619.CAP_Orders_ui_deployer.stageAppTask#
######org.cloudfoundry.multiapps.controller.persistence.services.ProcessLogger########flowable-async-job-executor-thread-39807###
[PollStageAppStatusExecution] [CAP_Orders_ui_deployer] f81dcb01-5946-4e29-975c-601cf8392979 [Fri Sep 25 07:54:51 UTC 2020] buffer@5.6.0 /tmp/app/node_modules/buffer (STDOUT, STG)#

#2.0#2020 09 25 07:54:54.151#Z#DEBUG#com.sap.cloud.lm.sl.xs2.e524a4d0-ff03-11ea-a951-eeee0a9fa619.CAP_Orders_ui_deployer.stageAppTask#
######org.cloudfoundry.multiapps.controller.persistence.services.ProcessLogger########flowable-async-job-executor-thread-39807###
[PollStageAppStatusExecution] [CAP_Orders_ui_deployer] f81dcb01-5946-4e29-975c-601cf8392979 [Fri Sep 25 07:54:51 UTC 2020] crc@3.8.0 /tmp/app/node_modules/crc (STDOUT, STG)#

#2.0#2020 09 25 07:54:54.151#Z#DEBUG#com.sap.cloud.lm.sl.xs2.e524a4d0-ff03-11ea-a951-eeee0a9fa619.CAP_Orders_ui_deployer.stageAppTask#
######org.cloudfoundry.multiapps.controller.persistence.services.ProcessLogger########flowable-async-job-executor-thread-39807###
[PollStageAppStatusExecution] [CAP_Orders_ui_deployer] f81dcb01-5946-4e29-975c-601cf8392979 [Fri Sep 25 07:54:51 UTC 2020] crc32-stream@2.0.0 /tmp/app/node_modules/crc32-stream (STDOUT, STG)#

#2.0#2020 09 25 07:54:54.151#Z#DEBUG#com.sap.cloud.lm.sl.xs2.e524a4d0-ff03-11ea-a951-eeee0a9fa619.CAP_Orders_ui_deployer.stageAppTask#
######org.cloudfoundry.multiapps.controller.persistence.services.ProcessLogger########flowable-async-job-executor-thread-39807###
[PollStageAppStatusExecution] [CAP_Orders_ui_deployer] f81dcb01-5946-4e29-975c-601cf8392979 [Fri Sep 25 07:54:51 UTC 2020] compress-commons@1.2.2 /tmp/app/node_modules/compress-commons (STDOUT, STG)#

#2.0#2020 09 25 07:54:54.151#Z#DEBUG#com.sap.cloud.lm.sl.xs2.e524a4d0-ff03-11ea-a951-eeee0a9fa619.CAP_Orders_ui_deployer.stageAppTask#
######org.cloudfoundry.multiapps.controller.persistence.services.ProcessLogger########flowable-async-job-executor-thread-39807###
[PollStageAppStatusExecution] [CAP_Orders_ui_deployer] f81dcb01-5946-4e29-975c-601cf8392979 [Fri Sep 25 07:54:51 UTC 2020] zip-stream@1.2.0 /tmp/app/node_modules/zip-stream (STDOUT, STG)#

#2.0#2020 09 25 07:54:54.151#Z#DEBUG#com.sap.cloud.lm.sl.xs2.e524a4d0-ff03-11ea-a951-eeee0a9fa619.CAP_Orders_ui_deployer.stageAppTask#
######org.cloudfoundry.multiapps.controller.persistence.services.ProcessLogger########flowable-async-job-executor-thread-39807###
[PollStageAppStatusExecution] [CAP_Orders_ui_deployer] f81dcb01-5946-4e29-975c-601cf8392979 [Fri Sep 25 07:54:51 UTC 2020] walkdir@0.0.11 /tmp/app/node_modules/walkdir (STDOUT, STG)#

#2.0#2020 09 25 07:54:54.151#Z#DEBUG#com.sap.cloud.lm.sl.xs2.e524a4d0-ff03-11ea-a951-eeee0a9fa619.CAP_Orders_ui_deployer.stageAppTask#
######org.cloudfoundry.multiapps.controller.persistence.services.ProcessLogger########flowable-async-job-executor-thread-39807###
[PollStageAppStatusExecution] [CAP_Orders_ui_deployer] f81dcb01-5946-4e29-975c-601cf8392979 [Fri Sep 25 07:54:51 UTC 2020] xtend@4.0.2 /tmp/app/node_modules/xtend (STDOUT, STG)#

#2.0#2020 09 25 07:54:54.151#Z#DEBUG#com.sap.cloud.lm.sl.xs2.e524a4d0-ff03-11ea-a951-eeee0a9fa619.CAP_Orders_ui_deployer.stageAppTask#
######org.cloudfoundry.multiapps.controller.persistence.services.ProcessLogger########flowable-async-job-executor-thread-39807###
[PollStageAppStatusExecution] [CAP_Orders_ui_deployer] f81dcb01-5946-4e29-975c-601cf8392979 [Fri Sep 25 07:54:51 UTC 2020] to-buffer@1.1.1 /tmp/app/node_modules/to-buffer (STDOUT, STG)#

#2.0#2020 09 25 07:54:54.152#Z#DEBUG#com.sap.cloud.lm.sl.xs2.e524a4d0-ff03-11ea-a951-eeee0a9fa619.CAP_Orders_ui_deployer.stageAppTask#
######org.cloudfoundry.multiapps.controller.persistence.services.ProcessLogger########flowable-async-job-executor-thread-39807###
[PollStageAppStatusExecution] [CAP_Orders_ui_deployer] f81dcb01-5946-4e29-975c-601cf8392979 [Fri Sep 25 07:54:51 UTC 2020] fs-constants@1.0.0 /tmp/app/node_modules/fs-constants (STDOUT, STG)#

#2.0#2020 09 25 07:54:54.152#Z#DEBUG#com.sap.cloud.lm.sl.xs2.e524a4d0-ff03-11ea-a951-eeee0a9fa619.CAP_Orders_ui_deployer.stageAppTask#
######org.cloudfoundry.multiapps.controller.persistence.services.ProcessLogger########flowable-async-job-executor-thread-39807###
[PollStageAppStatusExecution] [CAP_Orders_ui_deployer] f81dcb01-5946-4e29-975c-601cf8392979 [Fri Sep 25 07:54:51 UTC 2020] end-of-stream@1.4.4 /tmp/app/node_modules/end-of-stream (STDOUT, STG)#

#2.0#2020 09 25 07:54:54.152#Z#DEBUG#com.sap.cloud.lm.sl.xs2.e524a4d0-ff03-11ea-a951-eeee0a9fa619.CAP_Orders_ui_deployer.stageAppTask#
######org.cloudfoundry.multiapps.controller.persistence.services.ProcessLogger########flowable-async-job-executor-thread-39807###
[PollStageAppStatusExecution] [CAP_Orders_ui_deployer] f81dcb01-5946-4e29-975c-601cf8392979 [Fri Sep 25 07:54:51 UTC 2020] buffer-fill@1.0.0 /tmp/app/node_modules/buffer-fill (STDOUT, STG)#

#2.0#2020 09 25 07:54:54.152#Z#DEBUG#com.sap.cloud.lm.sl.xs2.e524a4d0-ff03-11ea-a951-eeee0a9fa619.CAP_Orders_ui_deployer.stageAppTask#
######org.cloudfoundry.multiapps.controller.persistence.services.ProcessLogger########flowable-async-job-executor-thread-39807###
[PollStageAppStatusExecution] [CAP_Orders_ui_deployer] f81dcb01-5946-4e29-975c-601cf8392979 [Fri Sep 25 07:54:51 UTC 2020] buffer-alloc-unsafe@1.1.0 /tmp/app/node_modules/buffer-alloc-unsafe (STDOUT, STG)#

#2.0#2020 09 25 07:54:54.152#Z#DEBUG#com.sap.cloud.lm.sl.xs2.e524a4d0-ff03-11ea-a951-eeee0a9fa619.CAP_Orders_ui_deployer.stageAppTask#
######org.cloudfoundry.multiapps.controller.persistence.services.ProcessLogger########flowable-async-job-executor-thread-39807###
[PollStageAppStatusExecution] [CAP_Orders_ui_deployer] f81dcb01-5946-4e29-975c-601cf8392979 [Fri Sep 25 07:54:51 UTC 2020] buffer-alloc@1.2.0 /tmp/app/node_modules/buffer-alloc (STDOUT, STG)#

#2.0#2020 09 25 07:54:54.152#Z#DEBUG#com.sap.cloud.lm.sl.xs2.e524a4d0-ff03-11ea-a951-eeee0a9fa619.CAP_Orders_ui_deployer.stageAppTask#
######org.cloudfoundry.multiapps.controller.persistence.services.ProcessLogger########flowable-async-job-executor-thread-39807###
[PollStageAppStatusExecution] [CAP_Orders_ui_deployer] f81dcb01-5946-4e29-975c-601cf8392979 [Fri Sep 25 07:54:51 UTC 2020] bl@1.2.3 /tmp/app/node_modules/bl (STDOUT, STG)#

#2.0#2020 09 25 07:54:54.152#Z#DEBUG#com.sap.cloud.lm.sl.xs2.e524a4d0-ff03-11ea-a951-eeee0a9fa619.CAP_Orders_ui_deployer.stageAppTask#
######org.cloudfoundry.multiapps.controller.persistence.services.ProcessLogger########flowable-async-job-executor-thread-39807###
[PollStageAppStatusExecution] [CAP_Orders_ui_deployer] f81dcb01-5946-4e29-975c-601cf8392979 [Fri Sep 25 07:54:51 UTC 2020] tar-stream@1.6.2 /tmp/app/node_modules/tar-stream (STDOUT, STG)#

#2.0#2020 09 25 07:54:54.152#Z#DEBUG#com.sap.cloud.lm.sl.xs2.e524a4d0-ff03-11ea-a951-eeee0a9fa619.CAP_Orders_ui_deployer.stageAppTask#
######org.cloudfoundry.multiapps.controller.persistence.services.ProcessLogger########flowable-async-job-executor-thread-39807###
[PollStageAppStatusExecution] [CAP_Orders_ui_deployer] f81dcb01-5946-4e29-975c-601cf8392979 [Fri Sep 25 07:54:51 UTC 2020] buffer-crc32@0.2.13 /tmp/app/node_modules/buffer-crc32 (STDOUT, STG)#

#2.0#2020 09 25 07:54:54.152#Z#DEBUG#com.sap.cloud.lm.sl.xs2.e524a4d0-ff03-11ea-a951-eeee0a9fa619.CAP_Orders_ui_deployer.stageAppTask#
######org.cloudfoundry.multiapps.controller.persistence.services.ProcessLogger########flowable-async-job-executor-thread-39807###
[PollStageAppStatusExecution] [CAP_Orders_ui_deployer] f81dcb01-5946-4e29-975c-601cf8392979 [Fri Sep 25 07:54:51 UTC 2020] async@2.6.0 /tmp/app/node_modules/async (STDOUT, STG)#

#2.0#2020 09 25 07:54:54.152#Z#DEBUG#com.sap.cloud.lm.sl.xs2.e524a4d0-ff03-11ea-a951-eeee0a9fa619.CAP_Orders_ui_deployer.stageAppTask#
######org.cloudfoundry.multiapps.controller.persistence.services.ProcessLogger########flowable-async-job-executor-thread-39807###
[PollStageAppStatusExecution] [CAP_Orders_ui_deployer] f81dcb01-5946-4e29-975c-601cf8392979 [Fri Sep 25 07:54:51 UTC 2020] remove-trailing-separator@1.1.0 /tmp/app/node_modules/remove-trailing-separator (STDOUT, STG)#

#2.0#2020 09 25 07:54:54.152#Z#DEBUG#com.sap.cloud.lm.sl.xs2.e524a4d0-ff03-11ea-a951-eeee0a9fa619.CAP_Orders_ui_deployer.stageAppTask#
######org.cloudfoundry.multiapps.controller.persistence.services.ProcessLogger########flowable-async-job-executor-thread-39807###
[PollStageAppStatusExecution] [CAP_Orders_ui_deployer] f81dcb01-5946-4e29-975c-601cf8392979 [Fri Sep 25 07:54:51 UTC 2020] normalize-path@2.1.1 /tmp/app/node_modules/normalize-path (STDOUT, STG)#

#2.0#2020 09 25 07:54:54.152#Z#DEBUG#com.sap.cloud.lm.sl.xs2.e524a4d0-ff03-11ea-a951-eeee0a9fa619.CAP_Orders_ui_deployer.stageAppTask#
######org.cloudfoundry.multiapps.controller.persistence.services.ProcessLogger########flowable-async-job-executor-thread-39807###
[PollStageAppStatusExecution] [CAP_Orders_ui_deployer] f81dcb01-5946-4e29-975c-601cf8392979 [Fri Sep 25 07:54:51 UTC 2020] lodash@4.17.20 /tmp/app/node_modules/lodash (STDOUT, STG)#

#2.0#2020 09 25 07:54:54.152#Z#DEBUG#com.sap.cloud.lm.sl.xs2.e524a4d0-ff03-11ea-a951-eeee0a9fa619.CAP_Orders_ui_deployer.stageAppTask#
######org.cloudfoundry.multiapps.controller.persistence.services.ProcessLogger########flowable-async-job-executor-thread-39807###
[PollStageAppStatusExecution] [CAP_Orders_ui_deployer] f81dcb01-5946-4e29-975c-601cf8392979 [Fri Sep 25 07:54:51 UTC 2020] util-deprecate@1.0.2 /tmp/app/node_modules/util-deprecate (STDOUT, STG)#

#2.0#2020 09 25 07:54:54.152#Z#DEBUG#com.sap.cloud.lm.sl.xs2.e524a4d0-ff03-11ea-a951-eeee0a9fa619.CAP_Orders_ui_deployer.stageAppTask#
######org.cloudfoundry.multiapps.controller.persistence.services.ProcessLogger########flowable-async-job-executor-thread-39807###
[PollStageAppStatusExecution] [CAP_Orders_ui_deployer] f81dcb01-5946-4e29-975c-601cf8392979 [Fri Sep 25 07:54:51 UTC 2020] string_decoder@1.1.1 /tmp/app/node_modules/string_decoder (STDOUT, STG)#

#2.0#2020 09 25 07:54:54.152#Z#DEBUG#com.sap.cloud.lm.sl.xs2.e524a4d0-ff03-11ea-a951-eeee0a9fa619.CAP_Orders_ui_deployer.stageAppTask#
######org.cloudfoundry.multiapps.controller.persistence.services.ProcessLogger########flowable-async-job-executor-thread-39807###
[PollStageAppStatusExecution] [CAP_Orders_ui_deployer] f81dcb01-5946-4e29-975c-601cf8392979 [Fri Sep 25 07:54:51 UTC 2020] safe-buffer@5.1.2 /tmp/app/node_modules/safe-buffer (STDOUT, STG)#

#2.0#2020 09 25 07:54:54.152#Z#DEBUG#com.sap.cloud.lm.sl.xs2.e524a4d0-ff03-11ea-a951-eeee0a9fa619.CAP_Orders_ui_deployer.stageAppTask#
######org.cloudfoundry.multiapps.controller.persistence.services.ProcessLogger########flowable-async-job-executor-thread-39807###
[PollStageAppStatusExecution] [CAP_Orders_ui_deployer] f81dcb01-5946-4e29-975c-601cf8392979 [Fri Sep 25 07:54:51 UTC 2020] process-nextick-args@2.0.1 /tmp/app/node_modules/process-nextick-args (STDOUT, STG)#

#2.0#2020 09 25 07:54:54.152#Z#DEBUG#com.sap.cloud.lm.sl.xs2.e524a4d0-ff03-11ea-a951-eeee0a9fa619.CAP_Orders_ui_deployer.stageAppTask#
######org.cloudfoundry.multiapps.controller.persistence.services.ProcessLogger########flowable-async-job-executor-thread-39807###
[PollStageAppStatusExecution] [CAP_Orders_ui_deployer] f81dcb01-5946-4e29-975c-601cf8392979 [Fri Sep 25 07:54:51 UTC 2020] isarray@1.0.0 /tmp/app/node_modules/isarray (STDOUT, STG)#

#2.0#2020 09 25 07:54:54.152#Z#DEBUG#com.sap.cloud.lm.sl.xs2.e524a4d0-ff03-11ea-a951-eeee0a9fa619.CAP_Orders_ui_deployer.stageAppTask#
######org.cloudfoundry.multiapps.controller.persistence.services.ProcessLogger########flowable-async-job-executor-thread-39807###
[PollStageAppStatusExecution] [CAP_Orders_ui_deployer] f81dcb01-5946-4e29-975c-601cf8392979 [Fri Sep 25 07:54:51 UTC 2020] core-util-is@1.0.2 /tmp/app/node_modules/core-util-is (STDOUT, STG)#

#2.0#2020 09 25 07:54:54.152#Z#DEBUG#com.sap.cloud.lm.sl.xs2.e524a4d0-ff03-11ea-a951-eeee0a9fa619.CAP_Orders_ui_deployer.stageAppTask#
######org.cloudfoundry.multiapps.controller.persistence.services.ProcessLogger########flowable-async-job-executor-thread-39807###
[PollStageAppStatusExecution] [CAP_Orders_ui_deployer] f81dcb01-5946-4e29-975c-601cf8392979 [Fri Sep 25 07:54:51 UTC 2020] readable-stream@2.3.7 /tmp/app/node_modules/readable-stream (STDOUT, STG)#

#2.0#2020 09 25 07:54:54.152#Z#DEBUG#com.sap.cloud.lm.sl.xs2.e524a4d0-ff03-11ea-a951-eeee0a9fa619.CAP_Orders_ui_deployer.stageAppTask#
######org.cloudfoundry.multiapps.controller.persistence.services.ProcessLogger########flowable-async-job-executor-thread-39807###
[PollStageAppStatusExecution] [CAP_Orders_ui_deployer] f81dcb01-5946-4e29-975c-601cf8392979 [Fri Sep 25 07:54:51 UTC 2020] lazystream@1.0.0 /tmp/app/node_modules/lazystream (STDOUT, STG)#

#2.0#2020 09 25 07:54:54.152#Z#DEBUG#com.sap.cloud.lm.sl.xs2.e524a4d0-ff03-11ea-a951-eeee0a9fa619.CAP_Orders_ui_deployer.stageAppTask#
######org.cloudfoundry.multiapps.controller.persistence.services.ProcessLogger########flowable-async-job-executor-thread-39807###
[PollStageAppStatusExecution] [CAP_Orders_ui_deployer] f81dcb01-5946-4e29-975c-601cf8392979 [Fri Sep 25 07:54:51 UTC 2020] graceful-fs@4.2.4 /tmp/app/node_modules/graceful-fs (STDOUT, STG)#

#2.0#2020 09 25 07:54:54.152#Z#DEBUG#com.sap.cloud.lm.sl.xs2.e524a4d0-ff03-11ea-a951-eeee0a9fa619.CAP_Orders_ui_deployer.stageAppTask#
######org.cloudfoundry.multiapps.controller.persistence.services.ProcessLogger########flowable-async-job-executor-thread-39807###
[PollStageAppStatusExecution] [CAP_Orders_ui_deployer] f81dcb01-5946-4e29-975c-601cf8392979 [Fri Sep 25 07:54:51 UTC 2020] path-is-absolute@1.0.1 /tmp/app/node_modules/path-is-absolute (STDOUT, STG)#

#2.0#2020 09 25 07:54:54.152#Z#DEBUG#com.sap.cloud.lm.sl.xs2.e524a4d0-ff03-11ea-a951-eeee0a9fa619.CAP_Orders_ui_deployer.stageAppTask#
######org.cloudfoundry.multiapps.controller.persistence.services.ProcessLogger########flowable-async-job-executor-thread-39807###
[PollStageAppStatusExecution] [CAP_Orders_ui_deployer] f81dcb01-5946-4e29-975c-601cf8392979 [Fri Sep 25 07:54:51 UTC 2020] concat-map@0.0.1 /tmp/app/node_modules/concat-map (STDOUT, STG)#

#2.0#2020 09 25 07:54:54.152#Z#DEBUG#com.sap.cloud.lm.sl.xs2.e524a4d0-ff03-11ea-a951-eeee0a9fa619.CAP_Orders_ui_deployer.stageAppTask#
######org.cloudfoundry.multiapps.controller.persistence.services.ProcessLogger########flowable-async-job-executor-thread-39807###
[PollStageAppStatusExecution] [CAP_Orders_ui_deployer] f81dcb01-5946-4e29-975c-601cf8392979 [Fri Sep 25 07:54:51 UTC 2020] balanced-match@1.0.0 /tmp/app/node_modules/balanced-match (STDOUT, STG)#

#2.0#2020 09 25 07:54:54.152#Z#DEBUG#com.sap.cloud.lm.sl.xs2.e524a4d0-ff03-11ea-a951-eeee0a9fa619.CAP_Orders_ui_deployer.stageAppTask#
######org.cloudfoundry.multiapps.controller.persistence.services.ProcessLogger########flowable-async-job-executor-thread-39807###
[PollStageAppStatusExecution] [CAP_Orders_ui_deployer] f81dcb01-5946-4e29-975c-601cf8392979 [Fri Sep 25 07:54:51 UTC 2020] brace-expansion@1.1.11 /tmp/app/node_modules/brace-expansion (STDOUT, STG)#

#2.0#2020 09 25 07:54:54.152#Z#DEBUG#com.sap.cloud.lm.sl.xs2.e524a4d0-ff03-11ea-a951-eeee0a9fa619.CAP_Orders_ui_deployer.stageAppTask#
######org.cloudfoundry.multiapps.controller.persistence.services.ProcessLogger########flowable-async-job-executor-thread-39807###
[PollStageAppStatusExecution] [CAP_Orders_ui_deployer] f81dcb01-5946-4e29-975c-601cf8392979 [Fri Sep 25 07:54:51 UTC 2020] minimatch@3.0.4 /tmp/app/node_modules/minimatch (STDOUT, STG)#

#2.0#2020 09 25 07:54:54.152#Z#DEBUG#com.sap.cloud.lm.sl.xs2.e524a4d0-ff03-11ea-a951-eeee0a9fa619.CAP_Orders_ui_deployer.stageAppTask#
######org.cloudfoundry.multiapps.controller.persistence.services.ProcessLogger########flowable-async-job-executor-thread-39807###
[PollStageAppStatusExecution] [CAP_Orders_ui_deployer] f81dcb01-5946-4e29-975c-601cf8392979 [Fri Sep 25 07:54:51 UTC 2020] inherits@2.0.4 /tmp/app/node_modules/inherits (STDOUT, STG)#

#2.0#2020 09 25 07:54:54.152#Z#DEBUG#com.sap.cloud.lm.sl.xs2.e524a4d0-ff03-11ea-a951-eeee0a9fa619.CAP_Orders_ui_deployer.stageAppTask#
######org.cloudfoundry.multiapps.controller.persistence.services.ProcessLogger########flowable-async-job-executor-thread-39807###
[PollStageAppStatusExecution] [CAP_Orders_ui_deployer] f81dcb01-5946-4e29-975c-601cf8392979 [Fri Sep 25 07:54:51 UTC 2020] wrappy@1.0.2 /tmp/app/node_modules/wrappy (STDOUT, STG)#

#2.0#2020 09 25 07:54:54.152#Z#DEBUG#com.sap.cloud.lm.sl.xs2.e524a4d0-ff03-11ea-a951-eeee0a9fa619.CAP_Orders_ui_deployer.stageAppTask#
######org.cloudfoundry.multiapps.controller.persistence.services.ProcessLogger########flowable-async-job-executor-thread-39807###
[PollStageAppStatusExecution] [CAP_Orders_ui_deployer] f81dcb01-5946-4e29-975c-601cf8392979 [Fri Sep 25 07:54:51 UTC 2020] once@1.4.0 /tmp/app/node_modules/once (STDOUT, STG)#

#2.0#2020 09 25 07:54:54.152#Z#DEBUG#com.sap.cloud.lm.sl.xs2.e524a4d0-ff03-11ea-a951-eeee0a9fa619.CAP_Orders_ui_deployer.stageAppTask#
######org.cloudfoundry.multiapps.controller.persistence.services.ProcessLogger########flowable-async-job-executor-thread-39807###
[PollStageAppStatusExecution] [CAP_Orders_ui_deployer] f81dcb01-5946-4e29-975c-601cf8392979 [Fri Sep 25 07:54:51 UTC 2020] inflight@1.0.6 /tmp/app/node_modules/inflight (STDOUT, STG)#

#2.0#2020 09 25 07:54:54.152#Z#DEBUG#com.sap.cloud.lm.sl.xs2.e524a4d0-ff03-11ea-a951-eeee0a9fa619.CAP_Orders_ui_deployer.stageAppTask#
######org.cloudfoundry.multiapps.controller.persistence.services.ProcessLogger########flowable-async-job-executor-thread-39807###
[PollStageAppStatusExecution] [CAP_Orders_ui_deployer] f81dcb01-5946-4e29-975c-601cf8392979 [Fri Sep 25 07:54:51 UTC 2020] fs.realpath@1.0.0 /tmp/app/node_modules/fs.realpath (STDOUT, STG)#

#2.0#2020 09 25 07:54:54.152#Z#DEBUG#com.sap.cloud.lm.sl.xs2.e524a4d0-ff03-11ea-a951-eeee0a9fa619.CAP_Orders_ui_deployer.stageAppTask#
######org.cloudfoundry.multiapps.controller.persistence.services.ProcessLogger########flowable-async-job-executor-thread-39807###
[PollStageAppStatusExecution] [CAP_Orders_ui_deployer] f81dcb01-5946-4e29-975c-601cf8392979 [Fri Sep 25 07:54:51 UTC 2020] glob@7.1.6 /tmp/app/node_modules/glob (STDOUT, STG)#

#2.0#2020 09 25 07:54:54.153#Z#DEBUG#com.sap.cloud.lm.sl.xs2.e524a4d0-ff03-11ea-a951-eeee0a9fa619.CAP_Orders_ui_deployer.stageAppTask#
######org.cloudfoundry.multiapps.controller.persistence.services.ProcessLogger########flowable-async-job-executor-thread-39807###
[PollStageAppStatusExecution] [CAP_Orders_ui_deployer] f81dcb01-5946-4e29-975c-601cf8392979 [Fri Sep 25 07:54:51 UTC 2020] archiver-utils@1.3.0 /tmp/app/node_modules/archiver-utils (STDOUT, STG)#

#2.0#2020 09 25 07:54:54.153#Z#DEBUG#com.sap.cloud.lm.sl.xs2.e524a4d0-ff03-11ea-a951-eeee0a9fa619.CAP_Orders_ui_deployer.stageAppTask#
######org.cloudfoundry.multiapps.controller.persistence.services.ProcessLogger########flowable-async-job-executor-thread-39807###
[PollStageAppStatusExecution] [CAP_Orders_ui_deployer] f81dcb01-5946-4e29-975c-601cf8392979 [Fri Sep 25 07:54:51 UTC 2020] archiver@1.3.0 /tmp/app/node_modules/archiver (STDOUT, STG)#

#2.0#2020 09 25 07:54:54.153#Z#DEBUG#com.sap.cloud.lm.sl.xs2.e524a4d0-ff03-11ea-a951-eeee0a9fa619.CAP_Orders_ui_deployer.stageAppTask#
######org.cloudfoundry.multiapps.controller.persistence.services.ProcessLogger########flowable-async-job-executor-thread-39807###
[PollStageAppStatusExecution] [CAP_Orders_ui_deployer] f81dcb01-5946-4e29-975c-601cf8392979 [Fri Sep 25 07:54:51 UTC 2020] @sap/html5-app-deployer@2.0.3 /tmp/app/node_modules/@sap/html5-app-deployer (STDOUT, STG)#

#2.0#2020 09 25 07:54:54.153#Z#DEBUG#com.sap.cloud.lm.sl.xs2.e524a4d0-ff03-11ea-a951-eeee0a9fa619.CAP_Orders_ui_deployer.stageAppTask#
######org.cloudfoundry.multiapps.controller.persistence.services.ProcessLogger########flowable-async-job-executor-thread-39807###
[PollStageAppStatusExecution] [CAP_Orders_ui_deployer] f81dcb01-5946-4e29-975c-601cf8392979 [Fri Sep 25 07:54:51 UTC 2020]        Installing any new modules (package.json + package-lock.json) (STDOUT, STG)#

#2.0#2020 09 25 07:54:54.153#Z#DEBUG#com.sap.cloud.lm.sl.xs2.e524a4d0-ff03-11ea-a951-eeee0a9fa619.CAP_Orders_ui_deployer.stageAppTask#
######org.cloudfoundry.multiapps.controller.persistence.services.ProcessLogger########flowable-async-job-executor-thread-39807###
[PollStageAppStatusExecution] [CAP_Orders_ui_deployer] f81dcb01-5946-4e29-975c-601cf8392979 [Fri Sep 25 07:54:52 UTC 2020] up to date in 0.402s (STDOUT, STG)#

#2.0#2020 09 25 07:54:54.153#Z#DEBUG#com.sap.cloud.lm.sl.xs2.e524a4d0-ff03-11ea-a951-eeee0a9fa619.CAP_Orders_ui_deployer.stageAppTask#
######org.cloudfoundry.multiapps.controller.persistence.services.ProcessLogger########flowable-async-job-executor-thread-39807###
[PollStageAppStatusExecution] [CAP_Orders_ui_deployer] f81dcb01-5946-4e29-975c-601cf8392979 [Fri Sep 25 07:54:52 UTC 2020]   run `npm fund` for details (STDOUT, STG)#

#2.0#2020 09 25 07:54:54.153#Z#DEBUG#com.sap.cloud.lm.sl.xs2.e524a4d0-ff03-11ea-a951-eeee0a9fa619.CAP_Orders_ui_deployer.stageAppTask#
######org.cloudfoundry.multiapps.controller.persistence.services.ProcessLogger########flowable-async-job-executor-thread-39807###
[PollStageAppStatusExecution] [CAP_Orders_ui_deployer] f81dcb01-5946-4e29-975c-601cf8392979 [Fri Sep 25 07:54:52 UTC 2020] 2 packages are looking for funding (STDOUT, STG)#

#2.0#2020 09 25 07:54:54.153#Z#DEBUG#com.sap.cloud.lm.sl.xs2.e524a4d0-ff03-11ea-a951-eeee0a9fa619.CAP_Orders_ui_deployer.stageAppTask#
######org.cloudfoundry.multiapps.controller.persistence.services.ProcessLogger########flowable-async-job-executor-thread-39807###
[PollStageAppStatusExecution] [CAP_Orders_ui_deployer] f81dcb01-5946-4e29-975c-601cf8392979 [Fri Sep 25 07:54:53 UTC 2020]        Contrast Security no credentials found. Will not write environment files. (STDOUT, STG)#

#2.0#2020 09 25 07:55:04.625#Z#DEBUG#com.sap.cloud.lm.sl.xs2.e524a4d0-ff03-11ea-a951-eeee0a9fa619.CAP_Orders_ui_deployer.stageAppTask#
######org.cloudfoundry.multiapps.controller.persistence.services.ProcessLogger########flowable-async-job-executor-thread-37523###
[PollStageAppStatusExecution] [CAP_Orders_ui_deployer] f81dcb01-5946-4e29-975c-601cf8392979 [Fri Sep 25 07:54:57 UTC 2020] Uploading build artifacts cache... (STDOUT, STG)#

#2.0#2020 09 25 07:55:04.625#Z#DEBUG#com.sap.cloud.lm.sl.xs2.e524a4d0-ff03-11ea-a951-eeee0a9fa619.CAP_Orders_ui_deployer.stageAppTask#
######org.cloudfoundry.multiapps.controller.persistence.services.ProcessLogger########flowable-async-job-executor-thread-37523###
[PollStageAppStatusExecution] [CAP_Orders_ui_deployer] f81dcb01-5946-4e29-975c-601cf8392979 [Fri Sep 25 07:54:57 UTC 2020] Uploading droplet... (STDOUT, STG)#

#2.0#2020 09 25 07:55:04.625#Z#DEBUG#com.sap.cloud.lm.sl.xs2.e524a4d0-ff03-11ea-a951-eeee0a9fa619.CAP_Orders_ui_deployer.stageAppTask#
######org.cloudfoundry.multiapps.controller.persistence.services.ProcessLogger########flowable-async-job-executor-thread-37523###
[PollStageAppStatusExecution] [CAP_Orders_ui_deployer] f81dcb01-5946-4e29-975c-601cf8392979 [Fri Sep 25 07:54:57 UTC 2020] Uploading droplet, build artifacts cache... (STDOUT, STG)#

#2.0#2020 09 25 07:55:04.625#Z#DEBUG#com.sap.cloud.lm.sl.xs2.e524a4d0-ff03-11ea-a951-eeee0a9fa619.CAP_Orders_ui_deployer.stageAppTask#
######org.cloudfoundry.multiapps.controller.persistence.services.ProcessLogger########flowable-async-job-executor-thread-37523###
[PollStageAppStatusExecution] [CAP_Orders_ui_deployer] f81dcb01-5946-4e29-975c-601cf8392979 [Fri Sep 25 07:54:57 UTC 2020] Exit status 0 (STDOUT, STG)#

#2.0#2020 09 25 07:55:04.625#Z#DEBUG#com.sap.cloud.lm.sl.xs2.e524a4d0-ff03-11ea-a951-eeee0a9fa619.CAP_Orders_ui_deployer.stageAppTask#
######org.cloudfoundry.multiapps.controller.persistence.services.ProcessLogger########flowable-async-job-executor-thread-37523###
[PollStageAppStatusExecution] [CAP_Orders_ui_deployer] f81dcb01-5946-4e29-975c-601cf8392979 [Fri Sep 25 07:54:57 UTC 2020] Uploaded build artifacts cache (225B) (STDOUT, STG)#

#2.0#2020 09 25 07:55:04.625#Z#DEBUG#com.sap.cloud.lm.sl.xs2.e524a4d0-ff03-11ea-a951-eeee0a9fa619.CAP_Orders_ui_deployer.stageAppTask#
######org.cloudfoundry.multiapps.controller.persistence.services.ProcessLogger########flowable-async-job-executor-thread-37523###
[PollStageAppStatusExecution] [CAP_Orders_ui_deployer] f81dcb01-5946-4e29-975c-601cf8392979 [Fri Sep 25 07:54:57 UTC 2020] Creating droplet for app with guid f81dcb01-5946-4e29-975c-601cf8392979 (STDOUT, API)#

#2.0#2020 09 25 07:55:04.625#Z#DEBUG#com.sap.cloud.lm.sl.xs2.e524a4d0-ff03-11ea-a951-eeee0a9fa619.CAP_Orders_ui_deployer.stageAppTask#
######org.cloudfoundry.multiapps.controller.persistence.services.ProcessLogger########flowable-async-job-executor-thread-37523###
[PollStageAppStatusExecution] [CAP_Orders_ui_deployer] f81dcb01-5946-4e29-975c-601cf8392979 [Fri Sep 25 07:55:03 UTC 2020] Uploaded droplet (24M) (STDOUT, STG)#

#2.0#2020 09 25 07:55:04.625#Z#DEBUG#com.sap.cloud.lm.sl.xs2.e524a4d0-ff03-11ea-a951-eeee0a9fa619.CAP_Orders_ui_deployer.stageAppTask#
######org.cloudfoundry.multiapps.controller.persistence.services.ProcessLogger########flowable-async-job-executor-thread-37523###
[PollStageAppStatusExecution] [CAP_Orders_ui_deployer] f81dcb01-5946-4e29-975c-601cf8392979 [Fri Sep 25 07:55:03 UTC 2020] Uploading complete (STDOUT, STG)#

#2.0#2020 09 25 07:55:04.625#Z#DEBUG#com.sap.cloud.lm.sl.xs2.e524a4d0-ff03-11ea-a951-eeee0a9fa619.CAP_Orders_ui_deployer.stageAppTask#
######org.cloudfoundry.multiapps.controller.persistence.services.ProcessLogger########flowable-async-job-executor-thread-37523###
[PollStageAppStatusExecution] [CAP_Orders_ui_deployer] f81dcb01-5946-4e29-975c-601cf8392979 [Fri Sep 25 07:55:03 UTC 2020] Cell fe40fbae-9051-4aa7-a6c8-361769afbec0 destroying container for instance e940bb6a-7ab8-4ce3-b127-497ae762f6e4 (STDOUT, STG)#

#2.0#2020 09 25 07:55:04.625#Z#DEBUG#com.sap.cloud.lm.sl.xs2.e524a4d0-ff03-11ea-a951-eeee0a9fa619.CAP_Orders_ui_deployer.stageAppTask#
######org.cloudfoundry.multiapps.controller.persistence.services.ProcessLogger########flowable-async-job-executor-thread-37523###
[PollStageAppStatusExecution] [CAP_Orders_ui_deployer] f81dcb01-5946-4e29-975c-601cf8392979 [Fri Sep 25 07:55:03 UTC 2020] Cell fe40fbae-9051-4aa7-a6c8-361769afbec0 stopping instance e940bb6a-7ab8-4ce3-b127-497ae762f6e4 (STDOUT, STG)#

#2.0#2020 09 25 07:55:14.397#Z#DEBUG#com.sap.cloud.lm.sl.xs2.e524a4d0-ff03-11ea-a951-eeee0a9fa619.CAP_Orders_ui_deployer.stageAppTask#
######org.cloudfoundry.multiapps.controller.persistence.services.ProcessLogger########flowable-async-job-executor-thread-39838###
[PollStageAppStatusExecution] [CAP_Orders_ui_deployer] f81dcb01-5946-4e29-975c-601cf8392979 [Fri Sep 25 07:55:03 UTC 2020] Cell fe40fbae-9051-4aa7-a6c8-361769afbec0 destroying container for instance e940bb6a-7ab8-4ce3-b127-497ae762f6e4 (STDOUT, STG)#

#2.0#2020 09 25 07:55:14.397#Z#DEBUG#com.sap.cloud.lm.sl.xs2.e524a4d0-ff03-11ea-a951-eeee0a9fa619.CAP_Orders_ui_deployer.stageAppTask#
######org.cloudfoundry.multiapps.controller.persistence.services.ProcessLogger########flowable-async-job-executor-thread-39838###
[PollStageAppStatusExecution] [CAP_Orders_ui_deployer] f81dcb01-5946-4e29-975c-601cf8392979 [Fri Sep 25 07:55:04 UTC 2020] Cell fe40fbae-9051-4aa7-a6c8-361769afbec0 successfully destroyed container for instance e940bb6a-7ab8-4ce3-b127-497ae762f6e4 (STDOUT, STG)#

#2.0#2020 09 25 07:55:25.071#Z#DEBUG#com.sap.cloud.lm.sl.xs2.e524a4d0-ff03-11ea-a951-eeee0a9fa619.CAP_Orders_ui_deployer.startAppTask#
######org.cloudfoundry.multiapps.controller.persistence.services.ProcessLogger########flowable-async-job-executor-thread-37565###
[PollStartAppStatusExecution] [CAP_Orders_ui_deployer] f81dcb01-5946-4e29-975c-601cf8392979 [Fri Sep 25 07:55:15 UTC 2020] Updated app with guid f81dcb01-5946-4e29-975c-601cf8392979 ({:droplet_guid=>"39db17f4-e2fb-44ed-b5d4-2a0b3d4f0a76"}) (STDOUT, API)#

#2.0#2020 09 25 07:55:25.071#Z#DEBUG#com.sap.cloud.lm.sl.xs2.e524a4d0-ff03-11ea-a951-eeee0a9fa619.CAP_Orders_ui_deployer.startAppTask#
######org.cloudfoundry.multiapps.controller.persistence.services.ProcessLogger########flowable-async-job-executor-thread-37565###
[PollStartAppStatusExecution] [CAP_Orders_ui_deployer] f81dcb01-5946-4e29-975c-601cf8392979 [Fri Sep 25 07:55:16 UTC 2020] Updated app with guid f81dcb01-5946-4e29-975c-601cf8392979 ({"state"=>"STARTED"}) (STDOUT, API)#

#2.0#2020 09 25 07:55:25.071#Z#DEBUG#com.sap.cloud.lm.sl.xs2.e524a4d0-ff03-11ea-a951-eeee0a9fa619.CAP_Orders_ui_deployer.startAppTask#
######org.cloudfoundry.multiapps.controller.persistence.services.ProcessLogger########flowable-async-job-executor-thread-37565###
[PollStartAppStatusExecution] [CAP_Orders_ui_deployer] f81dcb01-5946-4e29-975c-601cf8392979 [Fri Sep 25 07:55:16 UTC 2020] Cell fe40fbae-9051-4aa7-a6c8-361769afbec0 creating container for instance 5c0223bf-1d2f-46e0-7b7f-7fa1 (STDOUT, CELL)#

#2.0#2020 09 25 07:55:25.071#Z#DEBUG#com.sap.cloud.lm.sl.xs2.e524a4d0-ff03-11ea-a951-eeee0a9fa619.CAP_Orders_ui_deployer.startAppTask#
######org.cloudfoundry.multiapps.controller.persistence.services.ProcessLogger########flowable-async-job-executor-thread-37565###
[PollStartAppStatusExecution] [CAP_Orders_ui_deployer] f81dcb01-5946-4e29-975c-601cf8392979 [Fri Sep 25 07:55:17 UTC 2020] Cell fe40fbae-9051-4aa7-a6c8-361769afbec0 successfully created container for instance 5c0223bf-1d2f-46e0-7b7f-7fa1 (STDOUT, CELL)#

#2.0#2020 09 25 07:55:25.071#Z#DEBUG#com.sap.cloud.lm.sl.xs2.e524a4d0-ff03-11ea-a951-eeee0a9fa619.CAP_Orders_ui_deployer.startAppTask#
######org.cloudfoundry.multiapps.controller.persistence.services.ProcessLogger########flowable-async-job-executor-thread-37565###
[PollStartAppStatusExecution] [CAP_Orders_ui_deployer] f81dcb01-5946-4e29-975c-601cf8392979 [Fri Sep 25 07:55:18 UTC 2020] Downloading droplet... (STDOUT, CELL)#

#2.0#2020 09 25 07:55:25.071#Z#DEBUG#com.sap.cloud.lm.sl.xs2.e524a4d0-ff03-11ea-a951-eeee0a9fa619.CAP_Orders_ui_deployer.startAppTask#
######org.cloudfoundry.multiapps.controller.persistence.services.ProcessLogger########flowable-async-job-executor-thread-37565###
[PollStartAppStatusExecution] [CAP_Orders_ui_deployer] f81dcb01-5946-4e29-975c-601cf8392979 [Fri Sep 25 07:55:19 UTC 2020] Downloaded droplet (24M) (STDOUT, CELL)#

#2.0#2020 09 25 07:55:25.071#Z#DEBUG#com.sap.cloud.lm.sl.xs2.e524a4d0-ff03-11ea-a951-eeee0a9fa619.CAP_Orders_ui_deployer.startAppTask#
######org.cloudfoundry.multiapps.controller.persistence.services.ProcessLogger########flowable-async-job-executor-thread-37565###
[PollStartAppStatusExecution] [CAP_Orders_ui_deployer] f81dcb01-5946-4e29-975c-601cf8392979 [Fri Sep 25 07:55:21 UTC 2020] > node node_modules/@sap/html5-app-deployer/index.js (STDOUT, APP/PROC/WEB)#

#2.0#2020 09 25 07:55:25.071#Z#DEBUG#com.sap.cloud.lm.sl.xs2.e524a4d0-ff03-11ea-a951-eeee0a9fa619.CAP_Orders_ui_deployer.startAppTask#
######org.cloudfoundry.multiapps.controller.persistence.services.ProcessLogger########flowable-async-job-executor-thread-37565###
[PollStartAppStatusExecution] [CAP_Orders_ui_deployer] f81dcb01-5946-4e29-975c-601cf8392979 [Fri Sep 25 07:55:21 UTC 2020] > approuterUIDeployer@ start /home/vcap/app (STDOUT, APP/PROC/WEB)#

#2.0#2020 09 25 07:55:35.467#Z#DEBUG#com.sap.cloud.lm.sl.xs2.e524a4d0-ff03-11ea-a951-eeee0a9fa619.CAP_Orders_ui_deployer.startAppTask#
######org.cloudfoundry.multiapps.controller.persistence.services.ProcessLogger########flowable-async-job-executor-thread-39860###
[PollExecuteAppStatusExecution] [CAP_Orders_ui_deployer] f81dcb01-5946-4e29-975c-601cf8392979 [Fri Sep 25 07:55:21 UTC 2020] > node node_modules/@sap/html5-app-deployer/index.js (STDOUT, APP/PROC/WEB)#

#2.0#2020 09 25 07:55:35.467#Z#DEBUG#com.sap.cloud.lm.sl.xs2.e524a4d0-ff03-11ea-a951-eeee0a9fa619.CAP_Orders_ui_deployer.startAppTask#
######org.cloudfoundry.multiapps.controller.persistence.services.ProcessLogger########flowable-async-job-executor-thread-39860###
[PollExecuteAppStatusExecution] [CAP_Orders_ui_deployer] f81dcb01-5946-4e29-975c-601cf8392979 [Fri Sep 25 07:55:24 UTC 2020] Deployment of html5 application content done [Deployment Id: deploy-e524a4d0-ff03-11ea-a951-eeee0a9fa619] (STDOUT, APP/PROC/WEB)#

